Log file open, 12/22/18 18:54:46
LogInit:Display: Running engine for game: BatteryCollector
LogPlatformFile: Not using cached read wrapper
LogInit:Display: RandInit(924956231) SRandInit(924956231).
LogTaskGraph: Started task graph with 5 named threads and 8 total threads with 1 sets of task threads.
LogStats: Stats thread started at 0.126456
LogInit: Using libcurl 7.47.1
LogInit:  - built for x86_64-pc-win32
LogInit:  - supports SSL with OpenSSL/1.0.2g
LogInit:  - supports HTTP deflate (compression) using libz 1.2.8
LogInit:  - other features:
LogInit:      CURL_VERSION_SSL
LogInit:      CURL_VERSION_LIBZ
LogInit:      CURL_VERSION_IPV6
LogInit:      CURL_VERSION_ASYNCHDNS
LogInit:      CURL_VERSION_LARGEFILE
LogInit:      CURL_VERSION_IDN
LogInit:  CurlRequestOptions (configurable via config and command line):
LogInit:  - bVerifyPeer = false  - Libcurl will NOT verify peer certificate
LogInit:  - bUseHttpProxy = false  - Libcurl will NOT use HTTP proxy
LogInit:  - bDontReuseConnections = false  - Libcurl will reuse connections
LogInit:  - CertBundlePath = nullptr  - Libcurl will use whatever was configured at build time.
LogInit: Build: ++UE4+Release-4.16-CL-3561208
LogInit: Engine Version: 4.16.3-3561208+++UE4+Release-4.16
LogInit: Compatible Engine Version: 4.16.0-3452394+++UE4+Release-4.16
LogInit: Net CL: 3452394
LogDevObjectVersion: Number of dev versions registered: 16
LogDevObjectVersion:   Dev-Blueprints (B0D832E4-1F89-4F0D-ACCF-7EB736FD4AA2): 9
LogDevObjectVersion:   Dev-Build (E1C64328-A22C-4D53-A36C-8E866417BD8C): 0
LogDevObjectVersion:   Dev-Core (375EC13C-06E4-48FB-B500-84F0262A717E): 2
LogDevObjectVersion:   Dev-Editor (E4B068ED-F494-42E9-A231-DA0B2E46BB41): 17
LogDevObjectVersion:   Dev-Framework (CFFC743F-43B0-4480-9391-14DF171D2073): 23
LogDevObjectVersion:   Dev-Mobile (B02B49B5-BB20-44E9-A304-32B752E40360): 0
LogDevObjectVersion:   Dev-Networking (A4E4105C-59A1-49B5-A7C5-40C4547EDFEE): 0
LogDevObjectVersion:   Dev-Online (39C831C9-5AE6-47DC-9A44-9C173E1C8E7C): 0
LogDevObjectVersion:   Dev-Physics (78F01B33-EBEA-4F98-B9B4-84EACCB95AA2): 0
LogDevObjectVersion:   Dev-Platform (6631380F-2D4D-43E0-8009-CF276956A95A): 0
LogDevObjectVersion:   Dev-Rendering (12F88B9F-8875-4AFC-A67C-D90C383ABD29): 15
LogDevObjectVersion:   Dev-Sequencer (7B5AE74C-D270-4C10-A958-57980B212A5A): 4
LogDevObjectVersion:   Dev-VR (D7296918-1DD6-4BDD-9DE2-64A83CC13884): 0
LogDevObjectVersion:   Dev-LoadTimes (C2A15278-BFE7-4AFE-6C17-90FF531DF755): 1
LogDevObjectVersion:   Private-Geometry (6EACA3D4-40EC-4CC1-B786-8BED09428FC5): 1
LogDevObjectVersion:   Dev-AnimPhys (29E575DD-E0A3-4627-9D10-D276232CDCEA): 3
LogInit: Compiled (64-bit): Jul 28 2017 11:49:47
LogInit: Compiled with Visual C++: 19.00.24215.01
LogInit: Build Configuration: Development
LogInit: Branch Name: ++UE4+Release-4.16
LogInit: Command line: 
LogInit: Base directory: C:/Program Files/Epic Games/UE_4.16/Engine/Binaries/Win64/
LogInit: Installed Engine Build: 1
LogInit: Presizing for max 8388607 objects, including 0 objects not considered by GC, pre-allocating 0 bytes for permanent pool.
LogInit: Object subsystem initialized
[2018.12.23-02.54.48:208][  0]LogInit: Selected Device Profile: [Windows]
[2018.12.23-02.54.48:208][  0]LogInit: Applying CVar settings loaded from the selected device profile: [Windows]
[2018.12.23-02.54.48:268][  0]LogInit: Computer: LAPTOP-CJJL49NE
[2018.12.23-02.54.48:268][  0]LogInit: User: Robert
[2018.12.23-02.54.48:268][  0]LogInit: CPU Page size=4096, Cores=4
[2018.12.23-02.54.48:268][  0]LogInit: High frequency timer resolution =2.250005 MHz
[2018.12.23-02.54.48:268][  0]LogMemory: Memory total: Physical=7.9GB (8GB approx)
[2018.12.23-02.54.48:268][  0]LogMemory: Platform Memory Stats for Windows
[2018.12.23-02.54.48:268][  0]LogMemory: Process Physical Memory: 273.08 MB used, 273.08 MB peak
[2018.12.23-02.54.48:268][  0]LogMemory: Process Virtual Memory: 266.67 MB used, 266.67 MB peak
[2018.12.23-02.54.48:268][  0]LogMemory: Physical Memory: 5699.36 MB used,  2356.17 MB free, 8055.54 MB total
[2018.12.23-02.54.48:268][  0]LogMemory: Virtual Memory: 4779.68 MB used,  2356.17 MB free, 134217728.00 MB total
[2018.12.23-02.54.48:571][  0]LogInit: Using OS detected language (en-US).
[2018.12.23-02.54.48:571][  0]LogInit: Using OS detected locale (en-US).
[2018.12.23-02.54.48:578][  0]LogTextLocalizationManager: No specific localization for 'en-US' exists, so the 'en' localization will be used.
[2018.12.23-02.54.50:874][  0]LogD3D11RHI: D3D11 adapters:
[2018.12.23-02.54.50:939][  0]LogD3D11RHI:    0. 'NVIDIA GeForce GTX 960M' (Feature Level 11_0)
[2018.12.23-02.54.50:939][  0]LogD3D11RHI:       2010/0/4027 MB DedicatedVideo/DedicatedSystem/SharedSystem, Outputs:1, VendorId:0x10de
[2018.12.23-02.54.50:949][  0]LogD3D11RHI:    1. 'Intel(R) HD Graphics 530' (Feature Level 11_0)
[2018.12.23-02.54.50:949][  0]LogD3D11RHI:       128/0/4027 MB DedicatedVideo/DedicatedSystem/SharedSystem, Outputs:0, VendorId:0x8086
[2018.12.23-02.54.50:951][  0]LogD3D11RHI:    2. 'Microsoft Basic Render Driver' (Feature Level 11_0)
[2018.12.23-02.54.50:951][  0]LogD3D11RHI:       0/0/4027 MB DedicatedVideo/DedicatedSystem/SharedSystem, Outputs:0, VendorId:0x1414
[2018.12.23-02.54.50:951][  0]LogD3D11RHI: Chosen D3D11 Adapter: 0
[2018.12.23-02.54.50:985][  0]LogD3D11RHI: Creating new Direct3DDevice
[2018.12.23-02.54.50:985][  0]LogD3D11RHI:     GPU DeviceId: 0x139b (for the marketing name, search the web for "GPU Device Id")
[2018.12.23-02.54.50:985][  0]LogWindows: EnumDisplayDevices:
[2018.12.23-02.54.50:985][  0]LogWindows:    0. 'Intel(R) HD Graphics 530' (P:1 D:1)
[2018.12.23-02.54.50:985][  0]LogWindows:    1. 'Intel(R) HD Graphics 530' (P:0 D:0)
[2018.12.23-02.54.50:986][  0]LogWindows:    2. 'Intel(R) HD Graphics 530' (P:0 D:0)
[2018.12.23-02.54.50:986][  0]LogWindows: DebugString: GetVideoDriverDetailsInvalid PrimaryIsNotTheChoosenAdapter GetVideoDriverDetailsInvalid PrimaryIsNotTheChoosenAdapter GetVideoDriverDetailsInvalid PrimaryIsNotTheChoosenAdapter FoundDriverCount:0 
[2018.12.23-02.54.50:986][  0]LogD3D11RHI:     Adapter Name: NVIDIA GeForce GTX 960M
[2018.12.23-02.54.50:986][  0]LogD3D11RHI:   Driver Version: Unknown (internal:Unknown, unified:Unknown)
[2018.12.23-02.54.50:986][  0]LogD3D11RHI:      Driver Date: Unknown
[2018.12.23-02.54.50:986][  0]LogRHI: Texture pool is 1361 MB (70% of 1945 MB)
[2018.12.23-02.54.51:028][  0]LogD3D11RHI: Async texture creation enabled
[2018.12.23-02.54.51:048][  0]LogD3D11RHI: GPU Timing Frequency: 1000.000000 (Debug: 2 2)
[2018.12.23-02.54.51:049][  0]LogShaderCompilers: Guid format shader working directory is -26 characters bigger than the processId version (../../../../../../Users/hinds/Documents/Unreal Projects/BatteryCollector/Intermediate/Shaders/WorkingDirectory/4596/).
[2018.12.23-02.54.51:049][  0]LogShaderCompilers: Cleaned the shader compiler working directory 'C:/Users/hinds/AppData/Local/Temp/UnrealShaderWorkingDir/844C84C843A2B6D89783F0AE8B9A91D8/'.
[2018.12.23-02.54.51:049][  0]LogShaderCompilers:Display: Using Local Shader Compiler.
[2018.12.23-02.54.52:307][  0]LogTemp:Display: Loaded TP AllDesktopTargetPlatform
[2018.12.23-02.54.52:433][  0]LogTemp:Display: Loaded TP MacClientTargetPlatform
[2018.12.23-02.54.52:630][  0]LogTemp:Display: Loaded TP MacNoEditorTargetPlatform
[2018.12.23-02.54.52:829][  0]LogTemp:Display: Loaded TP MacServerTargetPlatform
[2018.12.23-02.54.52:974][  0]LogTemp:Display: Loaded TP MacTargetPlatform
[2018.12.23-02.54.53:100][  0]LogTemp:Display: Loaded TP WindowsClientTargetPlatform
[2018.12.23-02.54.53:229][  0]LogTemp:Display: Loaded TP WindowsNoEditorTargetPlatform
[2018.12.23-02.54.53:315][  0]LogTemp:Display: Loaded TP WindowsServerTargetPlatform
[2018.12.23-02.54.53:461][  0]LogTemp:Display: Loaded TP WindowsTargetPlatform
[2018.12.23-02.54.53:586][  0]LogTemp:Display: Loaded TP AndroidTargetPlatform
[2018.12.23-02.54.53:754][  0]LogTemp:Display: Loaded TP Android_ASTCTargetPlatform
[2018.12.23-02.54.53:918][  0]LogTemp:Display: Loaded TP Android_ATCTargetPlatform
[2018.12.23-02.54.54:032][  0]LogTemp:Display: Loaded TP Android_DXTTargetPlatform
[2018.12.23-02.54.54:168][  0]LogTemp:Display: Loaded TP Android_ETC1TargetPlatform
[2018.12.23-02.54.54:263][  0]LogTemp:Display: Loaded TP Android_ETC2TargetPlatform
[2018.12.23-02.54.54:465][  0]LogTemp:Display: Loaded TP Android_MultiTargetPlatform
[2018.12.23-02.54.54:465][  0]LogTemp:Display: Loaded TP Android_PVRTCTargetPlatform
[2018.12.23-02.54.54:538][  0]LogTemp:Display: Loaded TP HTML5TargetPlatform
[2018.12.23-02.54.54:673][  0]LogTemp:Display: Loaded TP IOSTargetPlatform
[2018.12.23-02.54.54:742][  0]LogTemp:Display: Loaded TP TVOSTargetPlatform
[2018.12.23-02.54.54:820][  0]LogTemp:Display: Loaded TP LinuxClientTargetPlatform
[2018.12.23-02.54.54:901][  0]LogTemp:Display: Loaded TP LinuxNoEditorTargetPlatform
[2018.12.23-02.54.54:983][  0]LogTemp:Display: Loaded TP LinuxServerTargetPlatform
[2018.12.23-02.54.55:066][  0]LogTemp:Display: Loaded TP LinuxTargetPlatform
[2018.12.23-02.54.55:066][  0]LogTargetPlatformManager:Display: Building Assets For Windows
[2018.12.23-02.54.55:974][  0]LogDerivedDataCache:Display: Max Cache Size: 512 MB
[2018.12.23-02.54.56:092][  0]LogDerivedDataCache: Loaded boot cache 0.12s 90MB C:/Users/hinds/AppData/Local/UnrealEngine/4.16/DerivedDataCache/Boot.ddc.
[2018.12.23-02.54.56:092][  0]LogDerivedDataCache:Display: Loaded Boot cache: C:/Users/hinds/AppData/Local/UnrealEngine/4.16/DerivedDataCache/Boot.ddc
[2018.12.23-02.54.56:092][  0]LogDerivedDataCache: FDerivedDataBackendGraph:  Pak pak cache file ../../../../../../Users/hinds/Documents/Unreal Projects/BatteryCollector/DerivedDataCache/DDC.ddp not found, will not use a pak cache.
[2018.12.23-02.54.56:092][  0]LogDerivedDataCache: Unable to find inner node Pak for hierarchical cache Hierarchy.
[2018.12.23-02.54.56:092][  0]LogDerivedDataCache: FDerivedDataBackendGraph:  CompressedPak pak cache file ../../../../../../Users/hinds/Documents/Unreal Projects/BatteryCollector/DerivedDataCache/Compressed.ddp not found, will not use a pak cache.
[2018.12.23-02.54.56:092][  0]LogDerivedDataCache: Unable to find inner node CompressedPak for hierarchical cache Hierarchy.
[2018.12.23-02.54.56:128][  0]LogDerivedDataCache:Display: Pak cache opened for reading ../../../Engine/DerivedDataCache/Compressed.ddp.
[2018.12.23-02.54.56:141][  0]LogDerivedDataCache: Using Local data cache path C:/Users/hinds/AppData/Local/UnrealEngine/Common/DerivedDataCache: Writable
[2018.12.23-02.54.56:164][  0]LogMaterial: Verifying Global Shaders for PCD3D_SM5
[2018.12.23-02.54.56:165][  0]LogSlate: Using Freetype 2.6.0
[2018.12.23-02.54.56:167][  0]LogSlate: SlateFontCache - WITH_FREETYPE: 1, WITH_HARFBUZZ: 1
[2018.12.23-02.54.56:167][  0]LogSlate: SlateFontCache - WITH_FREETYPE: 1, WITH_HARFBUZZ: 1
[2018.12.23-02.54.56:966][  0]LogInit: Selected Device Profile: [Windows]
[2018.12.23-02.54.57:049][  0]LogContentStreaming: Texture pool size is 0.00 MB
[2018.12.23-02.54.57:274][  0]LogMeshUtilities: Using QuadricMeshReduction for automatic static mesh reduction
[2018.12.23-02.54.57:433][  0]LogSimplygon: Simplygon DLL not present - disabling.
[2018.12.23-02.54.57:612][  0]LogMeshUtilities: Using SimplygonSwarm for distributed automatic mesh merging
[2018.12.23-02.54.57:612][  0]LogMeshUtilities: No automatic skeletal mesh reduction module available
[2018.12.23-02.54.57:612][  0]LogMeshUtilities: No automatic mesh merging module available
[2018.12.23-02.54.58:576][  0]LogNetVersion: BatteryCollector , NetCL: 3452394, EngineNetVer: 2, GameNetVer: 0 (Checksum: 1895910218)
[2018.12.23-02.54.58:659][  0]LogAssetRegistry: FAssetRegistry took 0.0275 seconds to start up
[2018.12.23-02.54.58:744][  0]LogPackageLocalizationCache: Processed 4 localized package path(s) for 2 prioritized culture(s) in 0.045954 seconds
[2018.12.23-02.54.58:750][  0]LogUObjectArray: 34194 objects as part of root set at end of initial load.
[2018.12.23-02.54.58:750][  0]LogUObjectAllocator: 7260416 out of 0 bytes used by permanent object pool.
[2018.12.23-02.54.58:750][  0]LogUObjectArray: CloseDisregardForGC: 0/0 objects in disregard for GC pool
[2018.12.23-02.54.58:864][  0]LogInit: WinSock: version 1.1 (2.2), MaxSocks=32767, MaxUdp=65467
[2018.12.23-02.55.02:670][  0]LogTcpMessaging: Initializing TcpMessaging bridge
[2018.12.23-02.55.02:741][  0]LogUdpMessaging: Initializing bridge on interface 0.0.0.0:0 to multicast group 230.0.0.1:6666.
[2018.12.23-02.55.04:225][  0]LogMaterial: Uniform references updated for custom material expression Custom.
[2018.12.23-02.55.04:870][  0]SourceControl: Info Source control is disabled
[2018.12.23-02.55.04:940][  0]SourceControl: Info Source control is disabled
[2018.12.23-02.55.05:022][  0]SourceControl: Info Source control is disabled
[2018.12.23-02.55.05:099][  0]SourceControl: Info Source control is disabled
[2018.12.23-02.55.06:229][  0]LogAndroidPermission: UAndroidPermissionCallbackProxy::GetInstance
[2018.12.23-02.55.07:223][  0]LogEngine: Initializing Engine...
[2018.12.23-02.55.07:223][  0]LogHMD: Failed to initialize OpenVR with code 110
[2018.12.23-02.55.07:491][  0]LogStats: UGameplayTagsManager::ConstructGameplayTagTree: Construct from data asset -  0.000 s
[2018.12.23-02.55.07:491][  0]LogStats: UGameplayTagsManager::ConstructGameplayTagTree: GameplayTagTreeChangedEvent.Broadcast -  0.000 s
[2018.12.23-02.55.07:710][  0]LogAIModule: Creating AISystem for world Untitled
[2018.12.23-02.55.07:724][  0]LogInit: XAudio2 using 'Speakers / Headphones (Realtek High Definition Audio)' : 2 channels at 48 kHz using 32 bits per sample (channel mask 0x3)
[2018.12.23-02.55.07:916][  0]LogInit: FAudioDevice initialized.
[2018.12.23-02.55.07:961][  0]LogDerivedDataCache: Saved boot cache 0.04s 90MB C:/Users/hinds/AppData/Local/UnrealEngine/4.16/DerivedDataCache/Boot.ddc.
[2018.12.23-02.55.07:974][  0]LogInit: Texture streaming: Enabled
[2018.12.23-02.55.08:136][  0]LogEngineSessionManager: EngineSessionManager initialized
[2018.12.23-02.55.08:512][  0]LogInit: Transaction tracking system initialized
[2018.12.23-02.55.09:048][  0]BlueprintLog: New page: Editor Load
[2018.12.23-02.55.10:738][  0]LocalizationService: Info Localization service is disabled
[2018.12.23-02.55.11:885][  0]LogConsoleResponse:Display: 
[2018.12.23-02.55.12:086][  0]LogCook:Display: Max memory allowance for cook 16384mb min free memory 0mb
[2018.12.23-02.55.12:086][  0]LogCook:Display: Mobile HDR setting 1
[2018.12.23-02.55.12:759][  0]LogFileCache: Scanning file cache for directory 'C:/Users/hinds/Documents/Unreal Projects/BatteryCollector/Content/' took 0.02s
[2018.12.23-02.55.13:819][  0]SourceControl: Info Source control is disabled
[2018.12.23-02.55.13:819][  0]Cmd: MAP LOAD FILE="../../../../../../Users/hinds/Documents/Unreal Projects/BatteryCollector/Content/Maps/CollectionLevel.umap" TEMPLATE=0 SHOWPROGRESS=1 FEATURELEVEL=3
[2018.12.23-02.55.13:820][  0]LightingResults: New page: Lighting Build
[2018.12.23-02.55.13:893][  0]MapCheck: New page: Map Check
[2018.12.23-02.55.13:893][  0]LightingResults: New page: Lighting Build
[2018.12.23-02.55.15:767][  0]LogAIModule: Creating AISystem for world CollectionLevel
[2018.12.23-02.55.15:787][  0]LogEditorServer: Finished looking for orphan Actors (0.000 secs)
[2018.12.23-02.55.15:811][  0]Cmd: MAP CHECKDEP NOCLEARLOG
[2018.12.23-02.55.15:896][  0]MapCheck: Info Map check complete: 0 Error(s), 0 Warning(s), took 85.304ms to complete.
[2018.12.23-02.55.15:896][  0]LogFileHelpers: Loading map 'CollectionLevel' took 2.077
[2018.12.23-02.55.16:377][  0]LogCollectionManager: Loaded 0 collections in 0.003391 seconds
[2018.12.23-02.55.16:548][  0]LogFileCache: Scanning file cache for directory 'C:/Users/hinds/Documents/Unreal Projects/BatteryCollector/Saved/Collections/' took 0.01s
[2018.12.23-02.55.16:548][  0]LogFileCache: Scanning file cache for directory 'C:/Users/hinds/Documents/Unreal Projects/BatteryCollector/Content/Developers/Robert/Collections/' took 0.01s
[2018.12.23-02.55.16:548][  0]LogFileCache: Scanning file cache for directory 'C:/Users/hinds/Documents/Unreal Projects/BatteryCollector/Content/Collections/' took 0.01s
[2018.12.23-02.55.16:548][  0]LogCollectionManager: Rebuilt the GUID cache for 0 collections in 0.000008 seconds
[2018.12.23-02.55.16:573][  0]LogContentBrowser: Native class hierarchy populated in 0.0204 seconds. Added 2334 classes and 493 folders.
[2018.12.23-02.55.16:762][  0]LogContentBrowser: Native class hierarchy updated for 'WidgetCarousel' in 0.0032 seconds. Added 0 classes and 0 folders.
[2018.12.23-02.55.18:085][  0]LogContentBrowser: Native class hierarchy updated for 'AddContentDialog' in 0.0067 seconds. Added 0 classes and 0 folders.
[2018.12.23-02.55.18:299][  0]LogContentBrowser: Native class hierarchy updated for 'SceneOutliner' in 0.0039 seconds. Added 1 classes and 2 folders.
[2018.12.23-02.55.18:571][  0]LogCrashTracker: Crashtracker disabled due to settings.
[2018.12.23-02.55.18:607][  0]LogSlate: Took 0.000792 seconds to synchronously load lazily loaded font '../../../Engine/Content/Slate/Fonts/Roboto-Regular.ttf' (155K)
[2018.12.23-02.55.18:617][  0]LogSlate: Took 0.001475 seconds to synchronously load lazily loaded font '../../../Engine/Content/Slate/Fonts/Roboto-Bold.ttf' (160K)
[2018.12.23-02.55.18:684][  0]LogSlate: Took 0.038059 seconds to synchronously load lazily loaded font '../../../Engine/Content/Editor/Slate/Fonts/FontAwesome.ttf' (139K)
[2018.12.23-02.55.19:216][  0]LogRenderer: Reallocating scene render targets to support 1072x700 NumSamples 1 (Frame:1).
[2018.12.23-02.55.19:689][  0]LogUObjectGlobals:Warning: Failed to find object 'Class None.'
[2018.12.23-02.55.19:942][  0]LogContentBrowser: Native class hierarchy updated for 'HierarchicalLODOutliner' in 0.0065 seconds. Added 1 classes and 2 folders.
[2018.12.23-02.55.19:942][  0]LogLoad: (Engine Initialization) Total time: 35.14 seconds
[2018.12.23-02.55.19:942][  0]LogLoad: (Engine Initialization) Total Blueprint compile time: 0.39 seconds
[2018.12.23-02.55.19:943][  0]LogExternalProfiler: Found external profiler: VSPerf
[2018.12.23-02.55.19:943][  0]LogExternalProfiler: Using external profiler: VSPerf
[2018.12.23-02.55.19:965][  0]LogWindowsTextInputMethodSystem:Display: IME system now deactivated.
[2018.12.23-02.55.19:968][  0]LogOcInput: OculusInput pre-init called
[2018.12.23-02.55.19:968][  0]LogHMD: Starting GearVRController plugin
[2018.12.23-02.55.20:002][  0]LogContentStreaming: Texture pool size now 1000 MB
[2018.12.23-02.55.20:148][  1]LogAssetRegistry: Asset discovery search completed in 21.5111 seconds
[2018.12.23-02.55.20:152][  1]LogCollectionManager: Rebuilt the object cache for 0 collections in 0.000001 seconds (found 0 objects)
[2018.12.23-02.55.20:152][  1]LogCollectionManager: Fixed up redirectors for 0 collections in 0.000045 seconds (updated 0 objects)
[2018.12.23-02.55.26:680][374]LogSlate: Took 0.008998 seconds to synchronously load lazily loaded font '../../../Engine/Content/Slate/Fonts/Roboto-Light.ttf' (159K)
[2018.12.23-02.55.46:876][159]LogVSAccessor:Warning: Visual Studio is open but could not be queried - it may be blocked by a modal operation
[2018.12.23-02.55.49:289][160]LogVSAccessor:Warning: Couldn't goto line number '0' in 'C:/Users/hinds/Documents/Unreal Projects/BatteryCollector/Source/BatteryCollector/SpawnVolume.h'
[2018.12.23-02.55.49:390][160]LogVSAccessor:Warning: Couldn't goto line number '0' in 'C:/Users/hinds/Documents/Unreal Projects/BatteryCollector/Source/BatteryCollector/SpawnVolume.cpp'
[2018.12.23-03.02.42:093][372]LogHotReload: New module detected: UE4Editor-BatteryCollector-2371.dll
[2018.12.23-03.02.43:119][376]LogHotReload: Starting Hot-Reload from IDE
[2018.12.23-03.02.43:406][376]LogClass: Could not find existing class SpawnVolume in package /Script/BatteryCollector for HotReload, assuming new class
[2018.12.23-03.02.43:406][376]LogClass: Function GetRandomPointInVolume is new.
[2018.12.23-03.02.43:413][376]LogHotReload: Re-instancing SpawnVolume after hot-reload.
[2018.12.23-03.02.43:496][376]LogContentBrowser: Native class hierarchy updated for 'BatteryCollector' in 0.0023 seconds. Added 5 classes and 2 folders.
[2018.12.23-03.02.43:498][376]Display: HotReload successful (2 functions remapped  0 scriptstructs remapped)
[2018.12.23-03.02.43:569][376]LogContentBrowser: Native class hierarchy populated in 0.0125 seconds. Added 2336 classes and 497 folders.
[2018.12.23-03.02.43:585][376]Display: HotReload took  0.5s.
