Log file open, 12/21/18 16:09:33
LogInit:Display: Running engine for game: BatteryCollector
LogPlatformFile: Not using cached read wrapper
LogInit:Display: RandInit(676127873) SRandInit(676127873).
LogTaskGraph: Started task graph with 5 named threads and 8 total threads with 1 sets of task threads.
LogStats: Stats thread started at 0.117130
LogInit: Using libcurl 7.47.1
LogInit:  - built for x86_64-pc-win32
LogInit:  - supports SSL with OpenSSL/1.0.2g
LogInit:  - supports HTTP deflate (compression) using libz 1.2.8
LogInit:  - other features:
LogInit:      CURL_VERSION_SSL
LogInit:      CURL_VERSION_LIBZ
LogInit:      CURL_VERSION_IPV6
LogInit:      CURL_VERSION_ASYNCHDNS
LogInit:      CURL_VERSION_LARGEFILE
LogInit:      CURL_VERSION_IDN
LogInit:  CurlRequestOptions (configurable via config and command line):
LogInit:  - bVerifyPeer = false  - Libcurl will NOT verify peer certificate
LogInit:  - bUseHttpProxy = false  - Libcurl will NOT use HTTP proxy
LogInit:  - bDontReuseConnections = false  - Libcurl will reuse connections
LogInit:  - CertBundlePath = nullptr  - Libcurl will use whatever was configured at build time.
LogInit: Build: ++UE4+Release-4.16-CL-3561208
LogInit: Engine Version: 4.16.3-3561208+++UE4+Release-4.16
LogInit: Compatible Engine Version: 4.16.0-3452394+++UE4+Release-4.16
LogInit: Net CL: 3452394
LogDevObjectVersion: Number of dev versions registered: 16
LogDevObjectVersion:   Dev-Blueprints (B0D832E4-1F89-4F0D-ACCF-7EB736FD4AA2): 9
LogDevObjectVersion:   Dev-Build (E1C64328-A22C-4D53-A36C-8E866417BD8C): 0
LogDevObjectVersion:   Dev-Core (375EC13C-06E4-48FB-B500-84F0262A717E): 2
LogDevObjectVersion:   Dev-Editor (E4B068ED-F494-42E9-A231-DA0B2E46BB41): 17
LogDevObjectVersion:   Dev-Framework (CFFC743F-43B0-4480-9391-14DF171D2073): 23
LogDevObjectVersion:   Dev-Mobile (B02B49B5-BB20-44E9-A304-32B752E40360): 0
LogDevObjectVersion:   Dev-Networking (A4E4105C-59A1-49B5-A7C5-40C4547EDFEE): 0
LogDevObjectVersion:   Dev-Online (39C831C9-5AE6-47DC-9A44-9C173E1C8E7C): 0
LogDevObjectVersion:   Dev-Physics (78F01B33-EBEA-4F98-B9B4-84EACCB95AA2): 0
LogDevObjectVersion:   Dev-Platform (6631380F-2D4D-43E0-8009-CF276956A95A): 0
LogDevObjectVersion:   Dev-Rendering (12F88B9F-8875-4AFC-A67C-D90C383ABD29): 15
LogDevObjectVersion:   Dev-Sequencer (7B5AE74C-D270-4C10-A958-57980B212A5A): 4
LogDevObjectVersion:   Dev-VR (D7296918-1DD6-4BDD-9DE2-64A83CC13884): 0
LogDevObjectVersion:   Dev-LoadTimes (C2A15278-BFE7-4AFE-6C17-90FF531DF755): 1
LogDevObjectVersion:   Private-Geometry (6EACA3D4-40EC-4CC1-B786-8BED09428FC5): 1
LogDevObjectVersion:   Dev-AnimPhys (29E575DD-E0A3-4627-9D10-D276232CDCEA): 3
LogInit: Compiled (64-bit): Jul 28 2017 11:49:47
LogInit: Compiled with Visual C++: 19.00.24215.01
LogInit: Build Configuration: Development
LogInit: Branch Name: ++UE4+Release-4.16
LogInit: Command line: 
LogInit: Base directory: C:/Program Files/Epic Games/UE_4.16/Engine/Binaries/Win64/
LogInit: Installed Engine Build: 1
LogInit: Presizing for max 8388607 objects, including 0 objects not considered by GC, pre-allocating 0 bytes for permanent pool.
LogInit: Object subsystem initialized
[2018.12.22-00.09.33:854][  0]LogInit: Selected Device Profile: [Windows]
[2018.12.22-00.09.33:854][  0]LogInit: Applying CVar settings loaded from the selected device profile: [Windows]
[2018.12.22-00.09.33:876][  0]LogInit: Computer: LAPTOP-CJJL49NE
[2018.12.22-00.09.33:876][  0]LogInit: User: Robert
[2018.12.22-00.09.33:876][  0]LogInit: CPU Page size=4096, Cores=4
[2018.12.22-00.09.33:876][  0]LogInit: High frequency timer resolution =2.249999 MHz
[2018.12.22-00.09.33:877][  0]LogMemory: Memory total: Physical=7.9GB (8GB approx)
[2018.12.22-00.09.33:877][  0]LogMemory: Platform Memory Stats for Windows
[2018.12.22-00.09.33:877][  0]LogMemory: Process Physical Memory: 273.10 MB used, 273.10 MB peak
[2018.12.22-00.09.33:877][  0]LogMemory: Process Virtual Memory: 266.66 MB used, 266.66 MB peak
[2018.12.22-00.09.33:877][  0]LogMemory: Physical Memory: 6665.18 MB used,  1390.35 MB free, 8055.54 MB total
[2018.12.22-00.09.33:877][  0]LogMemory: Virtual Memory: 4779.68 MB used,  1390.35 MB free, 134217728.00 MB total
[2018.12.22-00.09.34:006][  0]LogInit: Using OS detected language (en-US).
[2018.12.22-00.09.34:006][  0]LogInit: Using OS detected locale (en-US).
[2018.12.22-00.09.34:009][  0]LogTextLocalizationManager: No specific localization for 'en-US' exists, so the 'en' localization will be used.
[2018.12.22-00.09.35:102][  0]LogD3D11RHI: D3D11 adapters:
[2018.12.22-00.09.35:162][  0]LogD3D11RHI:    0. 'NVIDIA GeForce GTX 960M' (Feature Level 11_0)
[2018.12.22-00.09.35:162][  0]LogD3D11RHI:       2010/0/4027 MB DedicatedVideo/DedicatedSystem/SharedSystem, Outputs:1, VendorId:0x10de
[2018.12.22-00.09.35:171][  0]LogD3D11RHI:    1. 'Intel(R) HD Graphics 530' (Feature Level 11_0)
[2018.12.22-00.09.35:171][  0]LogD3D11RHI:       128/0/4027 MB DedicatedVideo/DedicatedSystem/SharedSystem, Outputs:0, VendorId:0x8086
[2018.12.22-00.09.35:173][  0]LogD3D11RHI:    2. 'Microsoft Basic Render Driver' (Feature Level 11_0)
[2018.12.22-00.09.35:173][  0]LogD3D11RHI:       0/0/4027 MB DedicatedVideo/DedicatedSystem/SharedSystem, Outputs:0, VendorId:0x1414
[2018.12.22-00.09.35:173][  0]LogD3D11RHI: Chosen D3D11 Adapter: 0
[2018.12.22-00.09.35:206][  0]LogD3D11RHI: Creating new Direct3DDevice
[2018.12.22-00.09.35:206][  0]LogD3D11RHI:     GPU DeviceId: 0x139b (for the marketing name, search the web for "GPU Device Id")
[2018.12.22-00.09.35:206][  0]LogWindows: EnumDisplayDevices:
[2018.12.22-00.09.35:206][  0]LogWindows:    0. 'Intel(R) HD Graphics 530' (P:1 D:1)
[2018.12.22-00.09.35:206][  0]LogWindows:    1. 'Intel(R) HD Graphics 530' (P:0 D:0)
[2018.12.22-00.09.35:206][  0]LogWindows:    2. 'Intel(R) HD Graphics 530' (P:0 D:0)
[2018.12.22-00.09.35:206][  0]LogWindows: DebugString: GetVideoDriverDetailsInvalid PrimaryIsNotTheChoosenAdapter GetVideoDriverDetailsInvalid PrimaryIsNotTheChoosenAdapter GetVideoDriverDetailsInvalid PrimaryIsNotTheChoosenAdapter FoundDriverCount:0 
[2018.12.22-00.09.35:206][  0]LogD3D11RHI:     Adapter Name: NVIDIA GeForce GTX 960M
[2018.12.22-00.09.35:206][  0]LogD3D11RHI:   Driver Version: Unknown (internal:Unknown, unified:Unknown)
[2018.12.22-00.09.35:206][  0]LogD3D11RHI:      Driver Date: Unknown
[2018.12.22-00.09.35:206][  0]LogRHI: Texture pool is 1361 MB (70% of 1945 MB)
[2018.12.22-00.09.35:248][  0]LogD3D11RHI: Async texture creation enabled
[2018.12.22-00.09.35:267][  0]LogD3D11RHI: GPU Timing Frequency: 1000.000000 (Debug: 2 2)
[2018.12.22-00.09.35:268][  0]LogShaderCompilers: Guid format shader working directory is -27 characters bigger than the processId version (../../../../../../Users/hinds/Documents/Unreal Projects/BatteryCollector/Intermediate/Shaders/WorkingDirectory/10008/).
[2018.12.22-00.09.35:268][  0]LogShaderCompilers: Cleaned the shader compiler working directory 'C:/Users/hinds/AppData/Local/Temp/UnrealShaderWorkingDir/93A3416A4F889BCAFDB90783D47E6A08/'.
[2018.12.22-00.09.35:268][  0]LogShaderCompilers:Display: Using Local Shader Compiler.
[2018.12.22-00.09.36:443][  0]LogTemp:Display: Loaded TP AllDesktopTargetPlatform
[2018.12.22-00.09.36:524][  0]LogTemp:Display: Loaded TP MacClientTargetPlatform
[2018.12.22-00.09.36:601][  0]LogTemp:Display: Loaded TP MacNoEditorTargetPlatform
[2018.12.22-00.09.36:678][  0]LogTemp:Display: Loaded TP MacServerTargetPlatform
[2018.12.22-00.09.36:756][  0]LogTemp:Display: Loaded TP MacTargetPlatform
[2018.12.22-00.09.36:832][  0]LogTemp:Display: Loaded TP WindowsClientTargetPlatform
[2018.12.22-00.09.36:909][  0]LogTemp:Display: Loaded TP WindowsNoEditorTargetPlatform
[2018.12.22-00.09.36:986][  0]LogTemp:Display: Loaded TP WindowsServerTargetPlatform
[2018.12.22-00.09.37:054][  0]LogTemp:Display: Loaded TP WindowsTargetPlatform
[2018.12.22-00.09.37:130][  0]LogTemp:Display: Loaded TP AndroidTargetPlatform
[2018.12.22-00.09.37:205][  0]LogTemp:Display: Loaded TP Android_ASTCTargetPlatform
[2018.12.22-00.09.37:280][  0]LogTemp:Display: Loaded TP Android_ATCTargetPlatform
[2018.12.22-00.09.37:354][  0]LogTemp:Display: Loaded TP Android_DXTTargetPlatform
[2018.12.22-00.09.37:432][  0]LogTemp:Display: Loaded TP Android_ETC1TargetPlatform
[2018.12.22-00.09.37:508][  0]LogTemp:Display: Loaded TP Android_ETC2TargetPlatform
[2018.12.22-00.09.37:659][  0]LogTemp:Display: Loaded TP Android_MultiTargetPlatform
[2018.12.22-00.09.37:659][  0]LogTemp:Display: Loaded TP Android_PVRTCTargetPlatform
[2018.12.22-00.09.37:727][  0]LogTemp:Display: Loaded TP HTML5TargetPlatform
[2018.12.22-00.09.37:863][  0]LogTemp:Display: Loaded TP IOSTargetPlatform
[2018.12.22-00.09.37:911][  0]LogTemp:Display: Loaded TP TVOSTargetPlatform
[2018.12.22-00.09.37:988][  0]LogTemp:Display: Loaded TP LinuxClientTargetPlatform
[2018.12.22-00.09.38:063][  0]LogTemp:Display: Loaded TP LinuxNoEditorTargetPlatform
[2018.12.22-00.09.38:140][  0]LogTemp:Display: Loaded TP LinuxServerTargetPlatform
[2018.12.22-00.09.38:219][  0]LogTemp:Display: Loaded TP LinuxTargetPlatform
[2018.12.22-00.09.38:219][  0]LogTargetPlatformManager:Display: Building Assets For Windows
[2018.12.22-00.09.38:991][  0]LogDerivedDataCache:Display: Max Cache Size: 512 MB
[2018.12.22-00.09.39:087][  0]LogDerivedDataCache: Loaded boot cache 0.09s 90MB C:/Users/hinds/AppData/Local/UnrealEngine/4.16/DerivedDataCache/Boot.ddc.
[2018.12.22-00.09.39:087][  0]LogDerivedDataCache:Display: Loaded Boot cache: C:/Users/hinds/AppData/Local/UnrealEngine/4.16/DerivedDataCache/Boot.ddc
[2018.12.22-00.09.39:087][  0]LogDerivedDataCache: FDerivedDataBackendGraph:  Pak pak cache file ../../../../../../Users/hinds/Documents/Unreal Projects/BatteryCollector/DerivedDataCache/DDC.ddp not found, will not use a pak cache.
[2018.12.22-00.09.39:087][  0]LogDerivedDataCache: Unable to find inner node Pak for hierarchical cache Hierarchy.
[2018.12.22-00.09.39:087][  0]LogDerivedDataCache: FDerivedDataBackendGraph:  CompressedPak pak cache file ../../../../../../Users/hinds/Documents/Unreal Projects/BatteryCollector/DerivedDataCache/Compressed.ddp not found, will not use a pak cache.
[2018.12.22-00.09.39:087][  0]LogDerivedDataCache: Unable to find inner node CompressedPak for hierarchical cache Hierarchy.
[2018.12.22-00.09.39:106][  0]LogDerivedDataCache:Display: Pak cache opened for reading ../../../Engine/DerivedDataCache/Compressed.ddp.
[2018.12.22-00.09.39:118][  0]LogDerivedDataCache: Using Local data cache path C:/Users/hinds/AppData/Local/UnrealEngine/Common/DerivedDataCache: Writable
[2018.12.22-00.09.39:130][  0]LogMaterial: Verifying Global Shaders for PCD3D_SM5
[2018.12.22-00.09.39:131][  0]LogSlate: Using Freetype 2.6.0
[2018.12.22-00.09.39:132][  0]LogSlate: SlateFontCache - WITH_FREETYPE: 1, WITH_HARFBUZZ: 1
[2018.12.22-00.09.39:132][  0]LogSlate: SlateFontCache - WITH_FREETYPE: 1, WITH_HARFBUZZ: 1
[2018.12.22-00.09.39:583][  0]LogInit: Selected Device Profile: [Windows]
[2018.12.22-00.09.39:671][  0]LogContentStreaming: Texture pool size is 0.00 MB
[2018.12.22-00.09.39:881][  0]LogMeshUtilities: Using QuadricMeshReduction for automatic static mesh reduction
[2018.12.22-00.09.39:952][  0]LogSimplygon: Simplygon DLL not present - disabling.
[2018.12.22-00.09.40:028][  0]LogMeshUtilities: Using SimplygonSwarm for distributed automatic mesh merging
[2018.12.22-00.09.40:028][  0]LogMeshUtilities: No automatic skeletal mesh reduction module available
[2018.12.22-00.09.40:028][  0]LogMeshUtilities: No automatic mesh merging module available
[2018.12.22-00.09.40:781][  0]LogNetVersion: BatteryCollector , NetCL: 3452394, EngineNetVer: 2, GameNetVer: 0 (Checksum: 1895910218)
[2018.12.22-00.09.40:860][  0]LogAssetRegistry: FAssetRegistry took 0.0268 seconds to start up
[2018.12.22-00.09.40:941][  0]LogPackageLocalizationCache: Processed 4 localized package path(s) for 2 prioritized culture(s) in 0.045389 seconds
[2018.12.22-00.09.40:947][  0]LogUObjectArray: 34194 objects as part of root set at end of initial load.
[2018.12.22-00.09.40:947][  0]LogUObjectAllocator: 7260416 out of 0 bytes used by permanent object pool.
[2018.12.22-00.09.40:947][  0]LogUObjectArray: CloseDisregardForGC: 0/0 objects in disregard for GC pool
[2018.12.22-00.09.41:053][  0]LogInit: WinSock: version 1.1 (2.2), MaxSocks=32767, MaxUdp=65467
[2018.12.22-00.09.44:389][  0]LogTcpMessaging: Initializing TcpMessaging bridge
[2018.12.22-00.09.44:446][  0]LogUdpMessaging: Initializing bridge on interface 0.0.0.0:0 to multicast group 230.0.0.1:6666.
[2018.12.22-00.09.45:687][  0]LogMaterial: Uniform references updated for custom material expression Custom.
[2018.12.22-00.09.46:281][  0]SourceControl: Info Source control is disabled
[2018.12.22-00.09.46:339][  0]SourceControl: Info Source control is disabled
[2018.12.22-00.09.46:417][  0]SourceControl: Info Source control is disabled
[2018.12.22-00.09.46:492][  0]SourceControl: Info Source control is disabled
[2018.12.22-00.09.47:554][  0]LogAndroidPermission: UAndroidPermissionCallbackProxy::GetInstance
[2018.12.22-00.09.48:473][  0]LogEngine: Initializing Engine...
[2018.12.22-00.09.48:474][  0]LogHMD: Failed to initialize OpenVR with code 110
[2018.12.22-00.09.48:683][  0]LogStats: UGameplayTagsManager::ConstructGameplayTagTree: Construct from data asset -  0.000 s
[2018.12.22-00.09.48:683][  0]LogStats: UGameplayTagsManager::ConstructGameplayTagTree: GameplayTagTreeChangedEvent.Broadcast -  0.000 s
[2018.12.22-00.09.48:884][  0]LogAIModule: Creating AISystem for world Untitled
[2018.12.22-00.09.48:898][  0]LogInit: XAudio2 using 'Speakers / Headphones (Realtek High Definition Audio)' : 2 channels at 48 kHz using 32 bits per sample (channel mask 0x3)
[2018.12.22-00.09.49:089][  0]LogInit: FAudioDevice initialized.
[2018.12.22-00.09.49:136][  0]LogDerivedDataCache: Saved boot cache 0.05s 90MB C:/Users/hinds/AppData/Local/UnrealEngine/4.16/DerivedDataCache/Boot.ddc.
[2018.12.22-00.09.49:151][  0]LogInit: Texture streaming: Enabled
[2018.12.22-00.09.49:302][  0]LogEngineSessionManager: EngineSessionManager initialized
[2018.12.22-00.09.49:645][  0]LogInit: Transaction tracking system initialized
[2018.12.22-00.09.50:149][  0]BlueprintLog: New page: Editor Load
[2018.12.22-00.09.51:672][  0]LocalizationService: Info Localization service is disabled
[2018.12.22-00.09.52:737][  0]LogConsoleResponse:Display: 
[2018.12.22-00.09.52:934][  0]LogCook:Display: Max memory allowance for cook 16384mb min free memory 0mb
[2018.12.22-00.09.52:934][  0]LogCook:Display: Mobile HDR setting 1
[2018.12.22-00.09.52:972][  0]LogFileCache: Scanning file cache for directory 'C:/Users/hinds/Documents/Unreal Projects/BatteryCollector/Content/' took 0.02s
[2018.12.22-00.09.54:548][  0]SourceControl: Info Source control is disabled
[2018.12.22-00.09.54:548][  0]Cmd: MAP LOAD FILE="../../../../../../Users/hinds/Documents/Unreal Projects/BatteryCollector/Content/Maps/CollectionLevel.umap" TEMPLATE=0 SHOWPROGRESS=1 FEATURELEVEL=3
[2018.12.22-00.09.54:548][  0]LightingResults: New page: Lighting Build
[2018.12.22-00.09.54:614][  0]MapCheck: New page: Map Check
[2018.12.22-00.09.54:614][  0]LightingResults: New page: Lighting Build
[2018.12.22-00.09.56:165][  0]LogAIModule: Creating AISystem for world CollectionLevel
[2018.12.22-00.09.56:189][  0]LogEditorServer: Finished looking for orphan Actors (0.000 secs)
[2018.12.22-00.09.56:213][  0]Cmd: MAP CHECKDEP NOCLEARLOG
[2018.12.22-00.09.56:296][  0]MapCheck: Info Map check complete: 0 Error(s), 0 Warning(s), took 82.617ms to complete.
[2018.12.22-00.09.56:296][  0]LogFileHelpers: Loading map 'CollectionLevel' took 1.748
[2018.12.22-00.09.56:567][  0]LogCollectionManager: Loaded 0 collections in 0.002021 seconds
[2018.12.22-00.09.56:695][  0]LogFileCache: Scanning file cache for directory 'C:/Users/hinds/Documents/Unreal Projects/BatteryCollector/Saved/Collections/' took 0.01s
[2018.12.22-00.09.56:695][  0]LogFileCache: Scanning file cache for directory 'C:/Users/hinds/Documents/Unreal Projects/BatteryCollector/Content/Developers/Robert/Collections/' took 0.01s
[2018.12.22-00.09.56:695][  0]LogFileCache: Scanning file cache for directory 'C:/Users/hinds/Documents/Unreal Projects/BatteryCollector/Content/Collections/' took 0.01s
[2018.12.22-00.09.56:695][  0]LogCollectionManager: Rebuilt the GUID cache for 0 collections in 0.000006 seconds
[2018.12.22-00.09.56:712][  0]LogContentBrowser: Native class hierarchy populated in 0.0140 seconds. Added 2332 classes and 493 folders.
[2018.12.22-00.09.56:827][  0]LogContentBrowser: Native class hierarchy updated for 'WidgetCarousel' in 0.0021 seconds. Added 0 classes and 0 folders.
[2018.12.22-00.09.57:348][  0]LogContentBrowser: Native class hierarchy updated for 'AddContentDialog' in 0.0023 seconds. Added 0 classes and 0 folders.
[2018.12.22-00.09.57:427][  0]LogContentBrowser: Native class hierarchy updated for 'SceneOutliner' in 0.0022 seconds. Added 1 classes and 2 folders.
[2018.12.22-00.09.57:539][  0]LogCrashTracker: Crashtracker disabled due to settings.
[2018.12.22-00.09.57:561][  0]LogUObjectGlobals:Warning: Failed to find object 'Class None.'
[2018.12.22-00.09.57:659][  0]LogContentBrowser: Native class hierarchy updated for 'HierarchicalLODOutliner' in 0.0023 seconds. Added 1 classes and 2 folders.
[2018.12.22-00.09.57:660][  0]LogLoad: (Engine Initialization) Total time: 26.31 seconds
[2018.12.22-00.09.57:660][  0]LogLoad: (Engine Initialization) Total Blueprint compile time: 0.33 seconds
[2018.12.22-00.09.57:660][  0]LogExternalProfiler: Found external profiler: VSPerf
[2018.12.22-00.09.57:660][  0]LogExternalProfiler: Using external profiler: VSPerf
[2018.12.22-00.09.57:680][  0]LogWindowsTextInputMethodSystem:Display: IME system now deactivated.
[2018.12.22-00.09.57:681][  0]LogOcInput: OculusInput pre-init called
[2018.12.22-00.09.57:681][  0]LogHMD: Starting GearVRController plugin
[2018.12.22-00.09.57:708][  0]LogContentStreaming: Texture pool size now 1000 MB
[2018.12.22-00.09.57:710][  0]LogSlate: Took 0.000234 seconds to synchronously load lazily loaded font '../../../Engine/Content/Slate/Fonts/Roboto-Regular.ttf' (155K)
[2018.12.22-00.09.57:712][  0]LogSlate: Took 0.000387 seconds to synchronously load lazily loaded font '../../../Engine/Content/Slate/Fonts/Roboto-Bold.ttf' (160K)
[2018.12.22-00.09.57:727][  0]LogSlate: Took 0.008170 seconds to synchronously load lazily loaded font '../../../Engine/Content/Editor/Slate/Fonts/FontAwesome.ttf' (139K)
[2018.12.22-00.09.57:949][  0]LogSlate: Took 0.008904 seconds to synchronously load lazily loaded font '../../../Engine/Content/Slate/Fonts/Roboto-Light.ttf' (159K)
[2018.12.22-00.09.57:980][  1]LogAssetRegistry: Asset discovery search completed in 17.1418 seconds
[2018.12.22-00.09.57:983][  1]LogCollectionManager: Rebuilt the object cache for 0 collections in 0.000000 seconds (found 0 objects)
[2018.12.22-00.09.57:984][  1]LogCollectionManager: Fixed up redirectors for 0 collections in 0.000057 seconds (updated 0 objects)
[2018.12.22-00.09.58:018][  2]LogRenderer: Reallocating scene render targets to support 640x388 NumSamples 1 (Frame:1).
[2018.12.22-00.09.58:704][ 29]LogSlate: Took 0.000298 seconds to synchronously load lazily loaded font '../../../Engine/Content/Slate/Fonts/Roboto-Light.ttf' (159K)
[2018.12.22-00.10.07:106][531]LogSlate: Took 0.000188 seconds to synchronously load lazily loaded font '../../../Engine/Content/Slate/Fonts/Roboto-Light.ttf' (159K)
[2018.12.22-00.10.07:703][531]LogContentBrowser: Native class hierarchy updated for 'BlueprintGraph' in 0.0025 seconds. Added 112 classes and 0 folders.
[2018.12.22-00.10.14:458][849]LogSlate: Took 0.005179 seconds to synchronously load lazily loaded font '../../../Engine/Content/Editor/Slate/Fonts/Roboto-BoldCondensed.ttf' (158K)
[2018.12.22-00.10.57:703][425]LogHttp:Warning: 00000219A9540580: request failed, libcurl error: 6 (Couldn't resolve host name)
[2018.12.22-00.10.57:703][425]LogHttp:Warning: 00000219A9540580: libcurl info message cache 0 (Could not resolve host: datarouter.ol.epicgames.com)
[2018.12.22-00.10.57:703][425]LogHttp:Warning: 00000219A9540580: libcurl info message cache 1 (Closing connection 0)
[2018.12.22-00.11.14:659][932]LogWindowsTextInputMethodSystem:Display: IME system now deactivated.
[2018.12.22-00.11.14:852][933]Cmd: QUIT_EDITOR
[2018.12.22-00.11.14:898][933]LogExit: Preparing to exit.
[2018.12.22-00.11.15:632][933]LogDirectoryWatcher: A directory notification for 'C:/Users/hinds/Documents/Unreal Projects/BatteryCollector/Content/' was aborted.
[2018.12.22-00.11.15:673][933]LogExit: Editor shut down
[2018.12.22-00.11.15:678][933]LogExit: Transaction tracking system shut down
[2018.12.22-00.11.15:768][933]LogObj: Freed 0b from 0 cluster array pools.
[2018.12.22-00.11.15:768][933]LogExit: Object subsystem successfully closed.
[2018.12.22-00.11.15:780][933]LogD3D11RHI: Shutdown
[2018.12.22-00.11.15:780][933]LogD3D11RHI: CleanupD3DDevice
[2018.12.22-00.11.15:889][933]LogD3D11RHI: ~FD3D11DynamicRHI
[2018.12.22-00.11.15:911][933]LogModuleManager: Shutting down and abandoning module BlueprintGraph (530)
[2018.12.22-00.11.15:911][933]LogModuleManager: Shutting down and abandoning module BlueprintProfiler (528)
[2018.12.22-00.11.15:913][933]LogModuleManager: Shutting down and abandoning module HierarchicalLODOutliner (526)
[2018.12.22-00.11.15:913][933]LogModuleManager: Shutting down and abandoning module CrashTracker (524)
[2018.12.22-00.11.15:913][933]LogModuleManager: Shutting down and abandoning module SceneOutliner (522)
[2018.12.22-00.11.15:913][933]LogModuleManager: Shutting down and abandoning module AddContentDialog (520)
[2018.12.22-00.11.15:914][933]LogDirectoryWatcher: A directory notification for 'C:/Program Files/Epic Games/UE_4.16/FeaturePacks/' was aborted.
[2018.12.22-00.11.15:916][933]LogModuleManager: Shutting down and abandoning module WidgetCarousel (519)
[2018.12.22-00.11.15:916][933]LogModuleManager: Shutting down and abandoning module EditorWidgets (516)
[2018.12.22-00.11.15:916][933]LogModuleManager: Shutting down and abandoning module CollectionManager (514)
[2018.12.22-00.11.15:917][933]LogDirectoryWatcher: A directory notification for 'C:/Users/hinds/Documents/Unreal Projects/BatteryCollector/Content/Collections/' was aborted.
[2018.12.22-00.11.15:917][933]LogDirectoryWatcher: A directory notification for 'C:/Users/hinds/Documents/Unreal Projects/BatteryCollector/Content/Developers/Robert/Collections/' was aborted.
[2018.12.22-00.11.15:917][933]LogDirectoryWatcher: A directory notification for 'C:/Users/hinds/Documents/Unreal Projects/BatteryCollector/Saved/Collections/' was aborted.
[2018.12.22-00.11.15:917][933]LogModuleManager: Shutting down and abandoning module StatsViewer (512)
[2018.12.22-00.11.15:917][933]LogModuleManager: Shutting down and abandoning module FoliageEdit (510)
[2018.12.22-00.11.15:917][933]LogModuleManager: Shutting down and abandoning module LandscapeEditor (508)
[2018.12.22-00.11.15:917][933]LogModuleManager: Shutting down and abandoning module MeshPaintMode (506)
[2018.12.22-00.11.15:917][933]LogModuleManager: Shutting down and abandoning module SceneDepthPickerMode (504)
[2018.12.22-00.11.15:917][933]LogModuleManager: Shutting down and abandoning module ActorPickerMode (502)
[2018.12.22-00.11.15:917][933]LogModuleManager: Shutting down and abandoning module GeometryMode (500)
[2018.12.22-00.11.15:917][933]LogModuleManager: Shutting down and abandoning module TextureAlignMode (498)
[2018.12.22-00.11.15:917][933]LogModuleManager: Shutting down and abandoning module BspMode (496)
[2018.12.22-00.11.15:917][933]LogModuleManager: Shutting down and abandoning module HardwareSurvey (494)
[2018.12.22-00.11.15:917][933]LogModuleManager: Shutting down and abandoning module SequenceRecorderSections (492)
[2018.12.22-00.11.15:917][933]LogModuleManager: Shutting down and abandoning module AutomationWorker (490)
[2018.12.22-00.11.15:917][933]LogModuleManager: Shutting down and abandoning module MatineeToLevelSequence (488)
[2018.12.22-00.11.15:917][933]LogModuleManager: Shutting down and abandoning module LevelSequenceEditor (486)
[2018.12.22-00.11.15:917][933]LogModuleManager: Shutting down and abandoning module PlacementMode (485)
[2018.12.22-00.11.15:917][933]LogModuleManager: Shutting down and abandoning module WmfMediaFactory (482)
[2018.12.22-00.11.15:917][933]LogModuleManager: Shutting down and abandoning module WmfMediaEditor (480)
[2018.12.22-00.11.15:917][933]LogModuleManager: Shutting down and abandoning module AvfMediaFactory (478)
[2018.12.22-00.11.15:917][933]LogModuleManager: Shutting down and abandoning module AvfMediaEditor (476)
[2018.12.22-00.11.15:917][933]LogModuleManager: Shutting down and abandoning module AndroidMediaFactory (474)
[2018.12.22-00.11.15:917][933]LogModuleManager: Shutting down and abandoning module Media (473)
[2018.12.22-00.11.15:917][933]LogModuleManager: Shutting down and abandoning module AndroidMediaEditor (470)
[2018.12.22-00.11.15:917][933]LogModuleManager: Shutting down and abandoning module CharacterAI (468)
[2018.12.22-00.11.15:917][933]LogModuleManager: Shutting down and abandoning module AudioCapture (466)
[2018.12.22-00.11.15:917][933]LogModuleManager: Shutting down and abandoning module SequenceRecorder (465)
[2018.12.22-00.11.15:917][933]LogModuleManager: Shutting down and abandoning module SmartSnapping (462)
[2018.12.22-00.11.15:917][933]LogModuleManager: Shutting down and abandoning module SessionServices (460)
[2018.12.22-00.11.15:917][933]LogModuleManager: Shutting down and abandoning module ViewportSnapping (458)
[2018.12.22-00.11.15:917][933]LogModuleManager: Shutting down and abandoning module ViewportInteraction (456)
[2018.12.22-00.11.15:917][933]LogModuleManager: Shutting down and abandoning module ClothPainter (454)
[2018.12.22-00.11.15:917][933]LogModuleManager: Shutting down and abandoning module LogVisualizer (452)
[2018.12.22-00.11.15:917][933]LogModuleManager: Shutting down and abandoning module IntroTutorials (450)
[2018.12.22-00.11.15:918][933]LogModuleManager: Shutting down and abandoning module GameProjectGeneration (449)
[2018.12.22-00.11.15:918][933]LogModuleManager: Shutting down and abandoning module EditorLiveStreaming (446)
[2018.12.22-00.11.15:918][933]LogModuleManager: Shutting down and abandoning module IOSPlatformEditor (444)
[2018.12.22-00.11.15:918][933]LogModuleManager: Shutting down and abandoning module HTML5PlatformEditor (442)
[2018.12.22-00.11.15:918][933]LogModuleManager: Shutting down and abandoning module AndroidPlatformEditor (440)
[2018.12.22-00.11.15:918][933]LogModuleManager: Shutting down and abandoning module AndroidDeviceDetection (439)
[2018.12.22-00.11.16:349][933]LogModuleManager: Shutting down and abandoning module IOSRuntimeSettings (436)
[2018.12.22-00.11.16:349][933]LogModuleManager: Shutting down and abandoning module AndroidRuntimeSettings (434)
[2018.12.22-00.11.16:349][933]LogModuleManager: Shutting down and abandoning module InputBindingEditor (432)
[2018.12.22-00.11.16:349][933]LogModuleManager: Shutting down and abandoning module MergeActors (430)
[2018.12.22-00.11.16:349][933]LogModuleManager: Shutting down and abandoning module SizeMap (428)
[2018.12.22-00.11.16:349][933]LogModuleManager: Shutting down and abandoning module TreeMap (426)
[2018.12.22-00.11.16:349][933]LogModuleManager: Shutting down and abandoning module ReferenceViewer (424)
[2018.12.22-00.11.16:349][933]LogModuleManager: Shutting down and abandoning module LocalizationDashboard (422)
[2018.12.22-00.11.16:349][933]LogModuleManager: Shutting down and abandoning module LocalizationService (421)
[2018.12.22-00.11.16:349][933]LogModuleManager: Shutting down and abandoning module HardwareTargeting (418)
[2018.12.22-00.11.16:349][933]LogModuleManager: Shutting down and abandoning module DeviceProfileEditor (416)
[2018.12.22-00.11.16:349][933]LogModuleManager: Shutting down and abandoning module UndoHistory (414)
[2018.12.22-00.11.16:349][933]LogModuleManager: Shutting down and abandoning module UserFeedback (412)
[2018.12.22-00.11.16:349][933]LogModuleManager: Shutting down and abandoning module XmlParser (410)
[2018.12.22-00.11.16:349][933]LogModuleManager: Shutting down and abandoning module Blutility (408)
[2018.12.22-00.11.16:349][933]LogModuleManager: Shutting down and abandoning module ProjectSettingsViewer (406)
[2018.12.22-00.11.16:349][933]LogModuleManager: Shutting down and abandoning module ProjectTargetPlatformEditor (405)
[2018.12.22-00.11.16:349][933]LogModuleManager: Shutting down and abandoning module EditorSettingsViewer (402)
[2018.12.22-00.11.16:349][933]LogModuleManager: Shutting down and abandoning module SettingsEditor (400)
[2018.12.22-00.11.16:350][933]LogModuleManager: Shutting down and abandoning module ProjectLauncher (398)
[2018.12.22-00.11.16:350][933]LogModuleManager: Shutting down and abandoning module SessionFrontend (396)
[2018.12.22-00.11.16:350][933]LogModuleManager: Shutting down and abandoning module ProfilerClient (394)
[2018.12.22-00.11.16:350][933]LogModuleManager: Shutting down and abandoning module DeviceManager (392)
[2018.12.22-00.11.16:350][933]LogModuleManager: Shutting down and abandoning module TargetDeviceServices (391)
[2018.12.22-00.11.16:405][933]LogModuleManager: Shutting down and abandoning module AutomationController (388)
[2018.12.22-00.11.16:405][933]LogModuleManager: Shutting down and abandoning module AutomationWindow (386)
[2018.12.22-00.11.16:405][933]LogModuleManager: Shutting down and abandoning module Layers (384)
[2018.12.22-00.11.16:405][933]LogModuleManager: Shutting down and abandoning module ComponentVisualizers (382)
[2018.12.22-00.11.16:405][933]LogModuleManager: Shutting down and abandoning module DetailCustomizations (380)
[2018.12.22-00.11.16:405][933]LogModuleManager: Shutting down and abandoning module PackagesDialog (378)
[2018.12.22-00.11.16:405][933]LogModuleManager: Shutting down and abandoning module Persona (376)
[2018.12.22-00.11.16:405][933]LogModuleManager: Shutting down and abandoning module AdvancedPreviewScene (375)
[2018.12.22-00.11.16:405][933]LogModuleManager: Shutting down and abandoning module AnimGraph (373)
[2018.12.22-00.11.16:405][933]LogModuleManager: Shutting down and abandoning module Kismet (370)
[2018.12.22-00.11.16:413][933]LogModuleManager: Shutting down and abandoning module ClassViewer (368)
[2018.12.22-00.11.16:413][933]LogModuleManager: Shutting down and abandoning module Toolbox (366)
[2018.12.22-00.11.16:413][933]LogModuleManager: Shutting down and abandoning module ModuleUI (364)
[2018.12.22-00.11.16:413][933]LogModuleManager: Shutting down and abandoning module MovieSceneTools (362)
[2018.12.22-00.11.16:413][933]LogModuleManager: Shutting down and abandoning module OutputLog (360)
[2018.12.22-00.11.16:413][933]LogModuleManager: Shutting down and abandoning module GammaUI (358)
[2018.12.22-00.11.16:414][933]LogModuleManager: Shutting down and abandoning module Documentation (356)
[2018.12.22-00.11.16:414][933]LogModuleManager: Shutting down and abandoning module MovieSceneTracks (354)
[2018.12.22-00.11.16:414][933]LogModuleManager: Shutting down and abandoning module MovieScene (352)
[2018.12.22-00.11.16:414][933]LogModuleManager: Shutting down and abandoning module Niagara (350)
[2018.12.22-00.11.16:414][933]LogModuleManager: Shutting down and abandoning module NiagaraEditor (349)
[2018.12.22-00.11.16:414][933]LogModuleManager: Shutting down and abandoning module StreamingPauseRendering (346)
[2018.12.22-00.11.16:414][933]LogModuleManager: Shutting down and abandoning module AnalyticsET (344)
[2018.12.22-00.11.16:414][933]LogModuleManager: Shutting down and abandoning module PortalServices (342)
[2018.12.22-00.11.16:414][933]LogModuleManager: Shutting down and abandoning module PortalRpc (340)
[2018.12.22-00.11.16:414][933]LogModuleManager: Shutting down and abandoning module MessagingRpc (338)
[2018.12.22-00.11.16:414][933]LogModuleManager: Shutting down and abandoning module AIModule (336)
[2018.12.22-00.11.16:414][933]LogModuleManager: Shutting down and abandoning module GameplayDebugger (335)
[2018.12.22-00.11.16:414][933]LogModuleManager: Shutting down and abandoning module AITestSuite (333)
[2018.12.22-00.11.16:414][933]LogModuleManager: Shutting down and abandoning module ProfilerService (330)
[2018.12.22-00.11.16:427][933]LogModuleManager: Shutting down and abandoning module TaskGraph (328)
[2018.12.22-00.11.16:427][933]LogModuleManager: Shutting down and abandoning module SteamVRController (326)
[2018.12.22-00.11.16:427][933]LogModuleManager: Shutting down and abandoning module SteamVR (324)
[2018.12.22-00.11.16:427][933]LogModuleManager: Shutting down and abandoning module ProceduralMeshComponentEditor (322)
[2018.12.22-00.11.16:427][933]LogModuleManager: Shutting down and abandoning module ProceduralMeshComponent (320)
[2018.12.22-00.11.16:427][933]LogModuleManager: Shutting down and abandoning module OculusLibrary (318)
[2018.12.22-00.11.16:428][933]LogModuleManager: Shutting down and abandoning module OculusInput (316)
[2018.12.22-00.11.16:428][933]LogModuleManager: Shutting down and abandoning module MobilePatchingUtils (314)
[2018.12.22-00.11.16:428][933]LogModuleManager: Shutting down and abandoning module CustomMeshComponent (312)
[2018.12.22-00.11.16:428][933]LogModuleManager: Shutting down and abandoning module CableComponent (310)
[2018.12.22-00.11.16:428][933]LogModuleManager: Shutting down and abandoning module ArchVisCharacter (308)
[2018.12.22-00.11.16:428][933]LogModuleManager: Shutting down and abandoning module AndroidPermission (306)
[2018.12.22-00.11.16:428][933]LogModuleManager: Shutting down and abandoning module MediaPlayerEditor (302)
[2018.12.22-00.11.16:428][933]LogModuleManager: Shutting down and abandoning module HTML5Networking (300)
[2018.12.22-00.11.16:428][933]LogModuleManager: Shutting down and abandoning module AlembicImporter (298)
[2018.12.22-00.11.16:428][933]LogModuleManager: Shutting down and abandoning module AlembicLibrary (297)
[2018.12.22-00.11.16:428][933]LogModuleManager: Shutting down and abandoning module GeometryCache (296)
[2018.12.22-00.11.16:428][933]LogModuleManager: Shutting down and abandoning module GeometryCacheEd (295)
[2018.12.22-00.11.16:428][933]LogModuleManager: Shutting down and abandoning module SuperSearchEditor (290)
[2018.12.22-00.11.16:428][933]LogModuleManager: Shutting down and abandoning module SuperSearch (289)
[2018.12.22-00.11.16:428][933]LogModuleManager: Shutting down and abandoning module SpeedTreeImporter (286)
[2018.12.22-00.11.16:428][933]LogModuleManager: Shutting down and abandoning module PluginBrowser (284)
[2018.12.22-00.11.16:428][933]LogModuleManager: Shutting down and abandoning module MobileLauncherProfileWizard (282)
[2018.12.22-00.11.16:428][933]LogModuleManager: Shutting down and abandoning module VisualStudioSourceCodeAccess (280)
[2018.12.22-00.11.16:428][933]LogModuleManager: Shutting down and abandoning module DesktopPlatform (279)
[2018.12.22-00.11.16:428][933]LogModuleManager: Shutting down and abandoning module UObjectPlugin (276)
[2018.12.22-00.11.16:428][933]LogModuleManager: Shutting down and abandoning module SubversionSourceControl (274)
[2018.12.22-00.11.16:428][933]LogModuleManager: Shutting down and abandoning module PerforceSourceControl (272)
[2018.12.22-00.11.16:428][933]LogModuleManager: Shutting down and abandoning module GitSourceControl (270)
[2018.12.22-00.11.16:428][933]LogModuleManager: Shutting down and abandoning module SourceControl (269)
[2018.12.22-00.11.16:428][933]LogModuleManager: Shutting down and abandoning module LightPropagationVolumeEditor (266)
[2018.12.22-00.11.16:428][933]LogModuleManager: Shutting down and abandoning module PaperTiledImporter (264)
[2018.12.22-00.11.16:428][933]LogModuleManager: Shutting down and abandoning module PaperSpriteSheetImporter (262)
[2018.12.22-00.11.16:428][933]LogModuleManager: Shutting down and abandoning module Paper2DEditor (260)
[2018.12.22-00.11.16:428][933]LogModuleManager: Shutting down and abandoning module MeshPaint (259)
[2018.12.22-00.11.16:428][933]LogModuleManager: Shutting down and abandoning module LevelEditor (257)
[2018.12.22-00.11.16:429][933]LogModuleManager: Shutting down and abandoning module PixelInspectorModule (256)
[2018.12.22-00.11.16:429][933]LogModuleManager: Shutting down and abandoning module MainFrame (254)
[2018.12.22-00.11.16:429][933]LogModuleManager: Shutting down and abandoning module HotReload (253)
[2018.12.22-00.11.16:429][933]LogDirectoryWatcher: A directory notification for 'C:/Users/hinds/Documents/Unreal Projects/BatteryCollector/Binaries/Win64' was aborted.
[2018.12.22-00.11.16:430][933]LogModuleManager: Shutting down and abandoning module BatteryCollector (248)
[2018.12.22-00.11.16:430][933]LogModuleManager: Shutting down and abandoning module PhysXVehiclesEditor (246)
[2018.12.22-00.11.16:430][933]LogModuleManager: Shutting down and abandoning module PhysXVehicles (244)
[2018.12.22-00.11.16:430][933]LogModuleManager: Shutting down and abandoning module LocationServicesBPLibrary (242)
[2018.12.22-00.11.16:430][933]LogModuleManager: Shutting down and abandoning module ImmediatePhysicsEditor (240)
[2018.12.22-00.11.16:430][933]LogModuleManager: Shutting down and abandoning module ImmediatePhysics (238)
[2018.12.22-00.11.16:430][933]LogModuleManager: Shutting down and abandoning module UdpMessaging (236)
[2018.12.22-00.11.16:530][933]LogModuleManager: Shutting down and abandoning module TcpMessaging (234)
[2018.12.22-00.11.16:631][933]LogModuleManager: Shutting down and abandoning module GameplayTagsEditor (232)
[2018.12.22-00.11.16:631][933]LogModuleManager: Shutting down and abandoning module FacialAnimationEditor (230)
[2018.12.22-00.11.16:631][933]LogModuleManager: Shutting down and abandoning module FacialAnimation (228)
[2018.12.22-00.11.16:631][933]LogModuleManager: Shutting down and abandoning module AssetManagerEditor (226)
[2018.12.22-00.11.16:631][933]LogModuleManager: Shutting down and abandoning module GraphEditor (225)
[2018.12.22-00.11.16:631][933]LogModuleManager: Shutting down and abandoning module ContentBrowser (223)
[2018.12.22-00.11.16:631][933]LogModuleManager: Shutting down and abandoning module LightPropagationVolumeRuntime (220)
[2018.12.22-00.11.16:631][933]LogModuleManager: Shutting down and abandoning module Paper2D (218)
[2018.12.22-00.11.16:631][933]LogModuleManager: Shutting down and abandoning module WindowsMoviePlayer (216)
[2018.12.22-00.11.16:631][933]LogModuleManager: Shutting down and abandoning module WmfMedia (214)
[2018.12.22-00.11.16:634][933]LogModuleManager: Shutting down and abandoning module ClothingSystemEditor (212)
[2018.12.22-00.11.16:634][933]LogModuleManager: Shutting down and abandoning module ClothingSystemRuntime (210)
[2018.12.22-00.11.16:634][933]LogModuleManager: Shutting down and abandoning module MediaAssets (208)
[2018.12.22-00.11.16:634][933]LogModuleManager: Shutting down and abandoning module GameLiveStreaming (206)
[2018.12.22-00.11.16:634][933]LogModuleManager: Shutting down and abandoning module VREditor (204)
[2018.12.22-00.11.16:634][933]LogModuleManager: Shutting down and abandoning module StringTableEditor (202)
[2018.12.22-00.11.16:634][933]LogModuleManager: Shutting down and abandoning module GameplayTasksEditor (200)
[2018.12.22-00.11.16:634][933]LogModuleManager: Shutting down and abandoning module BehaviorTreeEditor (198)
[2018.12.22-00.11.16:634][933]LogModuleManager: Shutting down and abandoning module FunctionalTesting (196)
[2018.12.22-00.11.16:634][933]LogModuleManager: Shutting down and abandoning module CollisionAnalyzer (194)
[2018.12.22-00.11.16:634][933]LogModuleManager: Shutting down and abandoning module UMG (192)
[2018.12.22-00.11.16:634][933]LogModuleManager: Shutting down and abandoning module UMGEditor (191)
[2018.12.22-00.11.16:634][933]LogModuleManager: Shutting down and abandoning module Sequencer (190)
[2018.12.22-00.11.16:634][933]LogModuleManager: Shutting down and abandoning module AssetTools (188)
[2018.12.22-00.11.16:634][933]LogModuleManager: Shutting down and abandoning module MessageLog (187)
[2018.12.22-00.11.16:634][933]LogModuleManager: Shutting down and abandoning module WorkspaceMenuStructure (186)
[2018.12.22-00.11.16:634][933]LogModuleManager: Shutting down and abandoning module SlateReflector (180)
[2018.12.22-00.11.16:635][933]LogModuleManager: Shutting down and abandoning module Slate (178)
[2018.12.22-00.11.16:635][933]LogModuleManager: Shutting down and abandoning module EditorStyle (176)
[2018.12.22-00.11.16:638][933]LogModuleManager: Shutting down and abandoning module SourceCodeAccess (174)
[2018.12.22-00.11.16:638][933]LogModuleManager: Shutting down and abandoning module HeadMountedDisplay (172)
[2018.12.22-00.11.16:638][933]LogModuleManager: Shutting down and abandoning module XAudio2 (170)
[2018.12.22-00.11.16:638][933]LogModuleManager: Shutting down and abandoning module Networking (168)
[2018.12.22-00.11.16:638][933]LogModuleManager: Shutting down and abandoning module Core (164)
[2018.12.22-00.11.16:638][933]LogModuleManager: Shutting down and abandoning module AssetRegistry (162)
[2018.12.22-00.11.16:789][933]LogDirectoryWatcher: A directory notification for '../../../Engine/Content/' was aborted.
[2018.12.22-00.11.16:789][933]LogDirectoryWatcher: A directory notification for '../../../../../../Users/hinds/Documents/Unreal Projects/BatteryCollector/Content/' was aborted.
[2018.12.22-00.11.16:789][933]LogDirectoryWatcher: A directory notification for '../../../Engine/Plugins/2D/Paper2D/Content/' was aborted.
[2018.12.22-00.11.16:790][933]LogDirectoryWatcher: A directory notification for '../../../Engine/Plugins/Runtime/GearVR/Content/' was aborted.
[2018.12.22-00.11.16:792][933]LogModuleManager: Shutting down and abandoning module DirectoryWatcher (161)
[2018.12.22-00.11.16:793][933]LogModuleManager: Shutting down and abandoning module KismetCompiler (158)
[2018.12.22-00.11.16:793][933]LogModuleManager: Shutting down and abandoning module LevelSequence (156)
[2018.12.22-00.11.16:793][933]LogModuleManager: Shutting down and abandoning module PhysXFormats (154)
[2018.12.22-00.11.16:793][933]LogModuleManager: Shutting down and abandoning module MeshUtilities (152)
[2018.12.22-00.11.16:793][933]LogModuleManager: Shutting down and abandoning module SimplygonSwarm (151)
[2018.12.22-00.11.16:793][933]LogModuleManager: Shutting down and abandoning module SimplygonMeshReduction (149)
[2018.12.22-00.11.16:793][933]LogModuleManager: Shutting down and abandoning module QuadricMeshReduction (147)
[2018.12.22-00.11.16:793][933]LogModuleManager: Shutting down and abandoning module DerivedDataCache (144)
[2018.12.22-00.11.16:854][933]LogDerivedDataCache: Shutdown
[2018.12.22-00.11.16:855][933]LogModuleManager: Shutting down and abandoning module TargetPlatform (142)
[2018.12.22-00.11.16:855][933]LogModuleManager: Shutting down and abandoning module VulkanShaderFormat (141)
[2018.12.22-00.11.16:855][933]LogModuleManager: Shutting down and abandoning module ShaderFormatVectorVM (139)
[2018.12.22-00.11.16:855][933]LogModuleManager: Shutting down and abandoning module ShaderFormatOpenGL (137)
[2018.12.22-00.11.16:855][933]LogModuleManager: Shutting down and abandoning module ShaderFormatD3D (135)
[2018.12.22-00.11.16:855][933]LogModuleManager: Shutting down and abandoning module MetalShaderFormat (133)
[2018.12.22-00.11.16:855][933]LogModuleManager: Shutting down and abandoning module TextureFormatUncompressed (131)
[2018.12.22-00.11.16:855][933]LogModuleManager: Shutting down and abandoning module TextureFormatPVR (129)
[2018.12.22-00.11.16:855][933]LogModuleManager: Shutting down and abandoning module TextureFormatDXT (127)
[2018.12.22-00.11.16:856][933]LogModuleManager: Shutting down and abandoning module TextureFormatIntelISPCTexComp (125)
[2018.12.22-00.11.16:856][933]LogModuleManager: Shutting down and abandoning module TextureFormatASTC (123)
[2018.12.22-00.11.16:856][933]LogModuleManager: Shutting down and abandoning module ImageWrapper (122)
[2018.12.22-00.11.16:856][933]LogModuleManager: Shutting down and abandoning module TextureFormatAndroid (119)
[2018.12.22-00.11.16:856][933]LogModuleManager: Shutting down and abandoning module AudioFormatOpus (117)
[2018.12.22-00.11.16:856][933]LogModuleManager: Shutting down and abandoning module AudioFormatOgg (115)
[2018.12.22-00.11.16:856][933]LogModuleManager: Shutting down and abandoning module AudioFormatADPCM (113)
[2018.12.22-00.11.16:856][933]LogModuleManager: Shutting down and abandoning module LinuxTargetPlatform (111)
[2018.12.22-00.11.16:856][933]LogModuleManager: Shutting down and abandoning module LinuxServerTargetPlatform (109)
[2018.12.22-00.11.16:856][933]LogModuleManager: Shutting down and abandoning module LinuxNoEditorTargetPlatform (107)
[2018.12.22-00.11.16:856][933]LogModuleManager: Shutting down and abandoning module LinuxClientTargetPlatform (105)
[2018.12.22-00.11.16:856][933]LogModuleManager: Shutting down and abandoning module TVOSTargetPlatform (103)
[2018.12.22-00.11.16:856][933]LogModuleManager: Shutting down and abandoning module Messaging (101)
[2018.12.22-00.11.16:856][933]LogModuleManager: Shutting down and abandoning module IOSTargetPlatform (99)
[2018.12.22-00.11.16:856][933]LogModuleManager: Shutting down and abandoning module HTML5TargetPlatform (97)
[2018.12.22-00.11.16:856][933]LogModuleManager: Shutting down and abandoning module Android_PVRTCTargetPlatform (95)
[2018.12.22-00.11.16:856][933]LogModuleManager: Shutting down and abandoning module Android_MultiTargetPlatform (93)
[2018.12.22-00.11.16:856][933]LogModuleManager: Shutting down and abandoning module Android_ETC2TargetPlatform (91)
[2018.12.22-00.11.16:856][933]LogModuleManager: Shutting down and abandoning module Android_ETC1TargetPlatform (89)
[2018.12.22-00.11.16:856][933]LogModuleManager: Shutting down and abandoning module Android_DXTTargetPlatform (87)
[2018.12.22-00.11.16:856][933]LogModuleManager: Shutting down and abandoning module Android_ATCTargetPlatform (85)
[2018.12.22-00.11.16:856][933]LogModuleManager: Shutting down and abandoning module Android_ASTCTargetPlatform (83)
[2018.12.22-00.11.16:856][933]LogModuleManager: Shutting down and abandoning module AndroidTargetPlatform (81)
[2018.12.22-00.11.16:856][933]LogModuleManager: Shutting down and abandoning module WindowsTargetPlatform (79)
[2018.12.22-00.11.16:856][933]LogModuleManager: Shutting down and abandoning module WindowsServerTargetPlatform (77)
[2018.12.22-00.11.16:856][933]LogModuleManager: Shutting down and abandoning module WindowsNoEditorTargetPlatform (75)
[2018.12.22-00.11.16:856][933]LogModuleManager: Shutting down and abandoning module WindowsClientTargetPlatform (73)
[2018.12.22-00.11.16:856][933]LogModuleManager: Shutting down and abandoning module MacTargetPlatform (71)
[2018.12.22-00.11.16:856][933]LogModuleManager: Shutting down and abandoning module MacServerTargetPlatform (69)
[2018.12.22-00.11.16:856][933]LogModuleManager: Shutting down and abandoning module MacNoEditorTargetPlatform (67)
[2018.12.22-00.11.16:856][933]LogModuleManager: Shutting down and abandoning module MacClientTargetPlatform (65)
[2018.12.22-00.11.16:856][933]LogModuleManager: Shutting down and abandoning module AllDesktopTargetPlatform (63)
[2018.12.22-00.11.16:856][933]LogModuleManager: Shutting down and abandoning module InputCore (60)
[2018.12.22-00.11.16:856][933]LogModuleManager: Shutting down and abandoning module Settings (58)
[2018.12.22-00.11.16:856][933]LogModuleManager: Shutting down and abandoning module OculusRift (56)
[2018.12.22-00.11.16:856][933]LogModuleManager: Shutting down and abandoning module GearVRController (54)
[2018.12.22-00.11.16:856][933]LogModuleManager: Shutting down and abandoning module GearVR (52)
[2018.12.22-00.11.16:856][933]LogModuleManager: Shutting down and abandoning module ExampleDeviceProfileSelector (50)
[2018.12.22-00.11.16:856][933]LogModuleManager: Shutting down and abandoning module OnlineBlueprintSupport (48)
[2018.12.22-00.11.16:856][933]LogModuleManager: Shutting down and abandoning module OnlineSubsystem (44)
[2018.12.22-00.11.16:856][933]LogOnline:Display: Unloading online subsystem: NULL
[2018.12.22-00.11.16:856][933]LogModuleManager: Shutting down and abandoning module XMPP (43)
[2018.12.22-00.11.16:856][933]LogModuleManager: Shutting down and abandoning module HTTP (41)
[2018.12.22-00.11.16:856][933]LogHttp:Display: Http module shutting down, but needs to wait on 1 outstanding Http requests:
[2018.12.22-00.11.16:856][933]LogHttp:Display: 	verb=[POST] url=[https://datarouter.ol.epicgames.com/datarouter/api/v1/public/data?SessionID=%7B3C613D11-4F83-7909-612E-5DB81E1A460B%7D&AppID=UEEditor.Rocket.Release&AppVersion=4.16.3-3561208%2B%2B%2BUE4%2BRelease-4.16&UserID=b0ddfb414b1ae88524f80f82e9543edf%7Cf2fff398318b4f238813a41bc45f637f%7Cb3264cd5-afe0-4f8f-b17b-c35699db2183&AppEnvironment=datacollector-binary&UploadType=eteventstream] status=Processing
[2018.12.22-00.11.16:856][933]LogHttp:Warning: 00000219818FB100: request failed, libcurl error: 6 (Couldn't resolve host name)
[2018.12.22-00.11.16:856][933]LogHttp:Warning: 00000219818FB100: libcurl info message cache 0 (Could not resolve host: datarouter.ol.epicgames.com)
[2018.12.22-00.11.16:856][933]LogHttp:Warning: 00000219818FB100: libcurl info message cache 1 (Closing connection 1)
[2018.12.22-00.11.16:889][933]LogModuleManager: Shutting down and abandoning module SSL (40)
[2018.12.22-00.11.16:891][933]LogModuleManager: Shutting down and abandoning module HTTPChunkInstaller (36)
[2018.12.22-00.11.16:891][933]LogModuleManager: Shutting down and abandoning module AnimationModifiers (34)
[2018.12.22-00.11.16:891][933]LogModuleManager: Shutting down and abandoning module PropertyEditor (33)
[2018.12.22-00.11.16:891][933]LogModuleManager: Shutting down and abandoning module AudioEditor (30)
[2018.12.22-00.11.16:891][933]LogModuleManager: Shutting down and abandoning module TextureCompressor (28)
[2018.12.22-00.11.16:891][933]LogModuleManager: Shutting down and abandoning module ShaderCore (26)
[2018.12.22-00.11.16:891][933]LogModuleManager: Shutting down and abandoning module Landscape (24)
[2018.12.22-00.11.16:891][933]LogModuleManager: Shutting down and abandoning module SlateRHIRenderer (22)
[2018.12.22-00.11.16:892][933]LogModuleManager: Shutting down and abandoning module OpenGLDrv (20)
[2018.12.22-00.11.16:892][933]LogModuleManager: Shutting down and abandoning module D3D11RHI (18)
[2018.12.22-00.11.16:892][933]LogModuleManager: Shutting down and abandoning module AnimGraphRuntime (16)
[2018.12.22-00.11.16:892][933]LogModuleManager: Shutting down and abandoning module Renderer (14)
[2018.12.22-00.11.16:892][933]LogModuleManager: Shutting down and abandoning module Engine (12)
[2018.12.22-00.11.16:892][933]LogModuleManager: Shutting down and abandoning module CoreUObject (10)
[2018.12.22-00.11.16:892][933]LogModuleManager: Shutting down and abandoning module NetworkFile (8)
[2018.12.22-00.11.16:892][933]LogModuleManager: Shutting down and abandoning module StreamingFile (6)
[2018.12.22-00.11.16:892][933]LogModuleManager: Shutting down and abandoning module SandboxFile (4)
[2018.12.22-00.11.16:892][933]LogModuleManager: Shutting down and abandoning module PakFile (2)
[2018.12.22-00.11.16:894][933]LogExit: Exiting.
[2018.12.22-00.11.16:910][933]Log file closed, 12/21/18 16:11:16
