Log file open, 11/23/18 13:39:42
LogInit:Display: Running engine for game: BatteryCollector
LogPlatformFile: Not using cached read wrapper
LogInit:Display: RandInit(-769069927) SRandInit(-769069927).
LogTaskGraph: Started task graph with 5 named threads and 8 total threads with 1 sets of task threads.
LogStats: Stats thread started at 0.123509
LogInit: Using libcurl 7.47.1
LogInit:  - built for x86_64-pc-win32
LogInit:  - supports SSL with OpenSSL/1.0.2g
LogInit:  - supports HTTP deflate (compression) using libz 1.2.8
LogInit:  - other features:
LogInit:      CURL_VERSION_SSL
LogInit:      CURL_VERSION_LIBZ
LogInit:      CURL_VERSION_IPV6
LogInit:      CURL_VERSION_ASYNCHDNS
LogInit:      CURL_VERSION_LARGEFILE
LogInit:      CURL_VERSION_IDN
LogInit:  CurlRequestOptions (configurable via config and command line):
LogInit:  - bVerifyPeer = false  - Libcurl will NOT verify peer certificate
LogInit:  - bUseHttpProxy = false  - Libcurl will NOT use HTTP proxy
LogInit:  - bDontReuseConnections = false  - Libcurl will reuse connections
LogInit:  - CertBundlePath = nullptr  - Libcurl will use whatever was configured at build time.
LogInit: Build: ++UE4+Release-4.16-CL-3561208
LogInit: Engine Version: 4.16.3-3561208+++UE4+Release-4.16
LogInit: Compatible Engine Version: 4.16.0-3452394+++UE4+Release-4.16
LogInit: Net CL: 3452394
LogDevObjectVersion: Number of dev versions registered: 16
LogDevObjectVersion:   Dev-Blueprints (B0D832E4-1F89-4F0D-ACCF-7EB736FD4AA2): 9
LogDevObjectVersion:   Dev-Build (E1C64328-A22C-4D53-A36C-8E866417BD8C): 0
LogDevObjectVersion:   Dev-Core (375EC13C-06E4-48FB-B500-84F0262A717E): 2
LogDevObjectVersion:   Dev-Editor (E4B068ED-F494-42E9-A231-DA0B2E46BB41): 17
LogDevObjectVersion:   Dev-Framework (CFFC743F-43B0-4480-9391-14DF171D2073): 23
LogDevObjectVersion:   Dev-Mobile (B02B49B5-BB20-44E9-A304-32B752E40360): 0
LogDevObjectVersion:   Dev-Networking (A4E4105C-59A1-49B5-A7C5-40C4547EDFEE): 0
LogDevObjectVersion:   Dev-Online (39C831C9-5AE6-47DC-9A44-9C173E1C8E7C): 0
LogDevObjectVersion:   Dev-Physics (78F01B33-EBEA-4F98-B9B4-84EACCB95AA2): 0
LogDevObjectVersion:   Dev-Platform (6631380F-2D4D-43E0-8009-CF276956A95A): 0
LogDevObjectVersion:   Dev-Rendering (12F88B9F-8875-4AFC-A67C-D90C383ABD29): 15
LogDevObjectVersion:   Dev-Sequencer (7B5AE74C-D270-4C10-A958-57980B212A5A): 4
LogDevObjectVersion:   Dev-VR (D7296918-1DD6-4BDD-9DE2-64A83CC13884): 0
LogDevObjectVersion:   Dev-LoadTimes (C2A15278-BFE7-4AFE-6C17-90FF531DF755): 1
LogDevObjectVersion:   Private-Geometry (6EACA3D4-40EC-4CC1-B786-8BED09428FC5): 1
LogDevObjectVersion:   Dev-AnimPhys (29E575DD-E0A3-4627-9D10-D276232CDCEA): 3
LogInit: Compiled (64-bit): Jul 28 2017 11:49:47
LogInit: Compiled with Visual C++: 19.00.24215.01
LogInit: Build Configuration: Development
LogInit: Branch Name: ++UE4+Release-4.16
LogInit: Command line: 
LogInit: Base directory: C:/Program Files/Epic Games/UE_4.16/Engine/Binaries/Win64/
LogInit: Installed Engine Build: 1
LogInit: Presizing for max 8388607 objects, including 0 objects not considered by GC, pre-allocating 0 bytes for permanent pool.
LogInit: Object subsystem initialized
[2018.11.23-21.39.42:918][  0]LogInit: Selected Device Profile: [Windows]
[2018.11.23-21.39.42:918][  0]LogInit: Applying CVar settings loaded from the selected device profile: [Windows]
[2018.11.23-21.39.42:935][  0]LogInit: Computer: LAPTOP-CJJL49NE
[2018.11.23-21.39.42:935][  0]LogInit: User: Robert
[2018.11.23-21.39.42:935][  0]LogInit: CPU Page size=4096, Cores=4
[2018.11.23-21.39.42:935][  0]LogInit: High frequency timer resolution =2.249996 MHz
[2018.11.23-21.39.42:936][  0]LogMemory: Memory total: Physical=7.9GB (8GB approx)
[2018.11.23-21.39.42:936][  0]LogMemory: Platform Memory Stats for Windows
[2018.11.23-21.39.42:936][  0]LogMemory: Process Physical Memory: 273.07 MB used, 273.07 MB peak
[2018.11.23-21.39.42:936][  0]LogMemory: Process Virtual Memory: 266.76 MB used, 266.76 MB peak
[2018.11.23-21.39.42:936][  0]LogMemory: Physical Memory: 6166.17 MB used,  1889.37 MB free, 8055.54 MB total
[2018.11.23-21.39.42:936][  0]LogMemory: Virtual Memory: 4779.36 MB used,  1889.37 MB free, 134217728.00 MB total
[2018.11.23-21.39.43:055][  0]LogInit: Using OS detected language (en-US).
[2018.11.23-21.39.43:055][  0]LogInit: Using OS detected locale (en-US).
[2018.11.23-21.39.43:058][  0]LogTextLocalizationManager: No specific localization for 'en-US' exists, so the 'en' localization will be used.
[2018.11.23-21.39.44:199][  0]LogD3D11RHI: D3D11 adapters:
[2018.11.23-21.39.44:259][  0]LogD3D11RHI:    0. 'NVIDIA GeForce GTX 960M' (Feature Level 11_0)
[2018.11.23-21.39.44:259][  0]LogD3D11RHI:       2010/0/4027 MB DedicatedVideo/DedicatedSystem/SharedSystem, Outputs:1, VendorId:0x10de
[2018.11.23-21.39.44:268][  0]LogD3D11RHI:    1. 'Intel(R) HD Graphics 530' (Feature Level 11_0)
[2018.11.23-21.39.44:268][  0]LogD3D11RHI:       128/0/4027 MB DedicatedVideo/DedicatedSystem/SharedSystem, Outputs:0, VendorId:0x8086
[2018.11.23-21.39.44:270][  0]LogD3D11RHI:    2. 'Microsoft Basic Render Driver' (Feature Level 11_0)
[2018.11.23-21.39.44:270][  0]LogD3D11RHI:       0/0/4027 MB DedicatedVideo/DedicatedSystem/SharedSystem, Outputs:0, VendorId:0x1414
[2018.11.23-21.39.44:270][  0]LogD3D11RHI: Chosen D3D11 Adapter: 0
[2018.11.23-21.39.44:303][  0]LogD3D11RHI: Creating new Direct3DDevice
[2018.11.23-21.39.44:303][  0]LogD3D11RHI:     GPU DeviceId: 0x139b (for the marketing name, search the web for "GPU Device Id")
[2018.11.23-21.39.44:303][  0]LogWindows: EnumDisplayDevices:
[2018.11.23-21.39.44:303][  0]LogWindows:    0. 'Intel(R) HD Graphics 530' (P:1 D:1)
[2018.11.23-21.39.44:303][  0]LogWindows:    1. 'Intel(R) HD Graphics 530' (P:0 D:0)
[2018.11.23-21.39.44:304][  0]LogWindows:    2. 'Intel(R) HD Graphics 530' (P:0 D:0)
[2018.11.23-21.39.44:304][  0]LogWindows: DebugString: GetVideoDriverDetailsInvalid PrimaryIsNotTheChoosenAdapter GetVideoDriverDetailsInvalid PrimaryIsNotTheChoosenAdapter GetVideoDriverDetailsInvalid PrimaryIsNotTheChoosenAdapter FoundDriverCount:0 
[2018.11.23-21.39.44:304][  0]LogD3D11RHI:     Adapter Name: NVIDIA GeForce GTX 960M
[2018.11.23-21.39.44:304][  0]LogD3D11RHI:   Driver Version: Unknown (internal:Unknown, unified:Unknown)
[2018.11.23-21.39.44:304][  0]LogD3D11RHI:      Driver Date: Unknown
[2018.11.23-21.39.44:304][  0]LogRHI: Texture pool is 1361 MB (70% of 1945 MB)
[2018.11.23-21.39.44:344][  0]LogD3D11RHI: Async texture creation enabled
[2018.11.23-21.39.44:362][  0]LogD3D11RHI: GPU Timing Frequency: 1000.000000 (Debug: 2 2)
[2018.11.23-21.39.44:363][  0]LogShaderCompilers: Guid format shader working directory is -27 characters bigger than the processId version (../../../../../../Users/hinds/Documents/Unreal Projects/BatteryCollector/Intermediate/Shaders/WorkingDirectory/27080/).
[2018.11.23-21.39.44:363][  0]LogShaderCompilers: Cleaned the shader compiler working directory 'C:/Users/hinds/AppData/Local/Temp/UnrealShaderWorkingDir/3145180440005432386A239E40DEF5EC/'.
[2018.11.23-21.39.44:363][  0]LogShaderCompilers:Display: Using Local Shader Compiler.
[2018.11.23-21.39.45:556][  0]LogTemp:Display: Loaded TP AllDesktopTargetPlatform
[2018.11.23-21.39.45:632][  0]LogTemp:Display: Loaded TP MacClientTargetPlatform
[2018.11.23-21.39.45:708][  0]LogTemp:Display: Loaded TP MacNoEditorTargetPlatform
[2018.11.23-21.39.45:784][  0]LogTemp:Display: Loaded TP MacServerTargetPlatform
[2018.11.23-21.39.45:862][  0]LogTemp:Display: Loaded TP MacTargetPlatform
[2018.11.23-21.39.45:939][  0]LogTemp:Display: Loaded TP WindowsClientTargetPlatform
[2018.11.23-21.39.46:015][  0]LogTemp:Display: Loaded TP WindowsNoEditorTargetPlatform
[2018.11.23-21.39.46:091][  0]LogTemp:Display: Loaded TP WindowsServerTargetPlatform
[2018.11.23-21.39.46:160][  0]LogTemp:Display: Loaded TP WindowsTargetPlatform
[2018.11.23-21.39.46:235][  0]LogTemp:Display: Loaded TP AndroidTargetPlatform
[2018.11.23-21.39.46:321][  0]LogTemp:Display: Loaded TP Android_ASTCTargetPlatform
[2018.11.23-21.39.46:395][  0]LogTemp:Display: Loaded TP Android_ATCTargetPlatform
[2018.11.23-21.39.46:478][  0]LogTemp:Display: Loaded TP Android_DXTTargetPlatform
[2018.11.23-21.39.46:552][  0]LogTemp:Display: Loaded TP Android_ETC1TargetPlatform
[2018.11.23-21.39.46:626][  0]LogTemp:Display: Loaded TP Android_ETC2TargetPlatform
[2018.11.23-21.39.46:772][  0]LogTemp:Display: Loaded TP Android_MultiTargetPlatform
[2018.11.23-21.39.46:772][  0]LogTemp:Display: Loaded TP Android_PVRTCTargetPlatform
[2018.11.23-21.39.46:834][  0]LogTemp:Display: Loaded TP HTML5TargetPlatform
[2018.11.23-21.39.46:967][  0]LogTemp:Display: Loaded TP IOSTargetPlatform
[2018.11.23-21.39.47:011][  0]LogTemp:Display: Loaded TP TVOSTargetPlatform
[2018.11.23-21.39.47:085][  0]LogTemp:Display: Loaded TP LinuxClientTargetPlatform
[2018.11.23-21.39.47:160][  0]LogTemp:Display: Loaded TP LinuxNoEditorTargetPlatform
[2018.11.23-21.39.47:236][  0]LogTemp:Display: Loaded TP LinuxServerTargetPlatform
[2018.11.23-21.39.47:309][  0]LogTemp:Display: Loaded TP LinuxTargetPlatform
[2018.11.23-21.39.47:309][  0]LogTargetPlatformManager:Display: Building Assets For Windows
[2018.11.23-21.39.48:099][  0]LogDerivedDataCache:Display: Max Cache Size: 512 MB
[2018.11.23-21.39.48:195][  0]LogDerivedDataCache: Loaded boot cache 0.10s 102MB C:/Users/hinds/AppData/Local/UnrealEngine/4.16/DerivedDataCache/Boot.ddc.
[2018.11.23-21.39.48:195][  0]LogDerivedDataCache:Display: Loaded Boot cache: C:/Users/hinds/AppData/Local/UnrealEngine/4.16/DerivedDataCache/Boot.ddc
[2018.11.23-21.39.48:195][  0]LogDerivedDataCache: FDerivedDataBackendGraph:  Pak pak cache file ../../../../../../Users/hinds/Documents/Unreal Projects/BatteryCollector/DerivedDataCache/DDC.ddp not found, will not use a pak cache.
[2018.11.23-21.39.48:195][  0]LogDerivedDataCache: Unable to find inner node Pak for hierarchical cache Hierarchy.
[2018.11.23-21.39.48:195][  0]LogDerivedDataCache: FDerivedDataBackendGraph:  CompressedPak pak cache file ../../../../../../Users/hinds/Documents/Unreal Projects/BatteryCollector/DerivedDataCache/Compressed.ddp not found, will not use a pak cache.
[2018.11.23-21.39.48:195][  0]LogDerivedDataCache: Unable to find inner node CompressedPak for hierarchical cache Hierarchy.
[2018.11.23-21.39.48:213][  0]LogDerivedDataCache:Display: Pak cache opened for reading ../../../Engine/DerivedDataCache/Compressed.ddp.
[2018.11.23-21.39.48:226][  0]LogDerivedDataCache: Using Local data cache path C:/Users/hinds/AppData/Local/UnrealEngine/Common/DerivedDataCache: Writable
[2018.11.23-21.39.48:236][  0]LogMaterial: Verifying Global Shaders for PCD3D_SM5
[2018.11.23-21.39.48:237][  0]LogSlate: Using Freetype 2.6.0
[2018.11.23-21.39.48:238][  0]LogSlate: SlateFontCache - WITH_FREETYPE: 1, WITH_HARFBUZZ: 1
[2018.11.23-21.39.48:238][  0]LogSlate: SlateFontCache - WITH_FREETYPE: 1, WITH_HARFBUZZ: 1
[2018.11.23-21.39.48:610][  0]LogInit: Selected Device Profile: [Windows]
[2018.11.23-21.39.48:697][  0]LogContentStreaming: Texture pool size is 0.00 MB
[2018.11.23-21.39.48:903][  0]LogMeshUtilities: Using QuadricMeshReduction for automatic static mesh reduction
[2018.11.23-21.39.48:970][  0]LogSimplygon: Simplygon DLL not present - disabling.
[2018.11.23-21.39.49:047][  0]LogMeshUtilities: Using SimplygonSwarm for distributed automatic mesh merging
[2018.11.23-21.39.49:047][  0]LogMeshUtilities: No automatic skeletal mesh reduction module available
[2018.11.23-21.39.49:047][  0]LogMeshUtilities: No automatic mesh merging module available
[2018.11.23-21.39.49:809][  0]LogNetVersion: BatteryCollector , NetCL: 3452394, EngineNetVer: 2, GameNetVer: 0 (Checksum: 1895910218)
[2018.11.23-21.39.49:889][  0]LogAssetRegistry: FAssetRegistry took 0.0267 seconds to start up
[2018.11.23-21.39.49:971][  0]LogPackageLocalizationCache: Processed 4 localized package path(s) for 2 prioritized culture(s) in 0.045005 seconds
[2018.11.23-21.39.49:976][  0]LogUObjectArray: 34194 objects as part of root set at end of initial load.
[2018.11.23-21.39.49:976][  0]LogUObjectAllocator: 7260424 out of 0 bytes used by permanent object pool.
[2018.11.23-21.39.49:976][  0]LogUObjectArray: CloseDisregardForGC: 0/0 objects in disregard for GC pool
[2018.11.23-21.39.50:085][  0]LogInit: WinSock: version 1.1 (2.2), MaxSocks=32767, MaxUdp=65467
[2018.11.23-21.39.53:612][  0]LogTcpMessaging: Initializing TcpMessaging bridge
[2018.11.23-21.39.53:670][  0]LogUdpMessaging: Initializing bridge on interface 0.0.0.0:0 to multicast group 230.0.0.1:6666.
[2018.11.23-21.39.54:689][  0]LogMaterial: Uniform references updated for custom material expression Custom.
[2018.11.23-21.39.55:281][  0]SourceControl: Info Source control is disabled
[2018.11.23-21.39.55:339][  0]SourceControl: Info Source control is disabled
[2018.11.23-21.39.55:414][  0]SourceControl: Info Source control is disabled
[2018.11.23-21.39.55:488][  0]SourceControl: Info Source control is disabled
[2018.11.23-21.39.56:539][  0]LogAndroidPermission: UAndroidPermissionCallbackProxy::GetInstance
[2018.11.23-21.39.57:442][  0]LogEngine: Initializing Engine...
[2018.11.23-21.39.57:443][  0]LogHMD: Failed to initialize OpenVR with code 110
[2018.11.23-21.39.57:663][  0]LogStats: UGameplayTagsManager::ConstructGameplayTagTree: Construct from data asset -  0.000 s
[2018.11.23-21.39.57:663][  0]LogStats: UGameplayTagsManager::ConstructGameplayTagTree: GameplayTagTreeChangedEvent.Broadcast -  0.000 s
[2018.11.23-21.39.57:873][  0]LogAIModule: Creating AISystem for world Untitled
[2018.11.23-21.39.57:888][  0]LogInit: XAudio2 using 'Headphones (Bluetooth Hands-free Audio)' : 2 channels at 48 kHz using 16 bits per sample (channel mask 0x3)
[2018.11.23-21.39.57:904][  0]LogInit: FAudioDevice initialized.
[2018.11.23-21.39.57:961][  0]LogDerivedDataCache: Saved boot cache 0.06s 102MB C:/Users/hinds/AppData/Local/UnrealEngine/4.16/DerivedDataCache/Boot.ddc.
[2018.11.23-21.39.57:980][  0]LogInit: Texture streaming: Enabled
[2018.11.23-21.39.58:132][  0]LogEngineSessionManager: EngineSessionManager initialized
[2018.11.23-21.39.58:490][  0]LogInit: Transaction tracking system initialized
[2018.11.23-21.39.59:004][  0]BlueprintLog: New page: Editor Load
[2018.11.23-21.40.00:546][  0]LocalizationService: Info Localization service is disabled
[2018.11.23-21.40.01:631][  0]LogConsoleResponse:Display: 
[2018.11.23-21.40.01:817][  0]LogCook:Display: Max memory allowance for cook 16384mb min free memory 0mb
[2018.11.23-21.40.01:817][  0]LogCook:Display: Mobile HDR setting 1
[2018.11.23-21.40.01:855][  0]LogFileCache: Scanning file cache for directory 'C:/Users/hinds/Documents/Unreal Projects/BatteryCollector/Content/' took 0.02s
[2018.11.23-21.40.03:436][  0]SourceControl: Info Source control is disabled
[2018.11.23-21.40.03:436][  0]Cmd: MAP LOAD FILE="../../../../../../Users/hinds/Documents/Unreal Projects/BatteryCollector/Content/ThirdPersonCPP/Maps/ThirdPersonExampleMap.umap" TEMPLATE=0 SHOWPROGRESS=1 FEATURELEVEL=3
[2018.11.23-21.40.03:437][  0]LightingResults: New page: Lighting Build
[2018.11.23-21.40.03:504][  0]MapCheck: New page: Map Check
[2018.11.23-21.40.03:504][  0]LightingResults: New page: Lighting Build
[2018.11.23-21.40.03:735][  0]LogAIModule: Creating AISystem for world ThirdPersonExampleMap
[2018.11.23-21.40.03:743][  0]LogEditorServer: Finished looking for orphan Actors (0.000 secs)
[2018.11.23-21.40.03:755][  0]Cmd: MAP CHECKDEP NOCLEARLOG
[2018.11.23-21.40.03:828][  0]MapCheck: Info Map check complete: 0 Error(s), 0 Warning(s), took 72.7ms to complete.
[2018.11.23-21.40.03:828][  0]LogFileHelpers: Loading map 'ThirdPersonExampleMap' took 0.392
[2018.11.23-21.40.04:026][  0]LogCollectionManager: Loaded 0 collections in 0.001912 seconds
[2018.11.23-21.40.04:146][  0]LogFileCache: Scanning file cache for directory 'C:/Users/hinds/Documents/Unreal Projects/BatteryCollector/Saved/Collections/' took 0.01s
[2018.11.23-21.40.04:146][  0]LogFileCache: Scanning file cache for directory 'C:/Users/hinds/Documents/Unreal Projects/BatteryCollector/Content/Developers/Robert/Collections/' took 0.01s
[2018.11.23-21.40.04:146][  0]LogFileCache: Scanning file cache for directory 'C:/Users/hinds/Documents/Unreal Projects/BatteryCollector/Content/Collections/' took 0.01s
[2018.11.23-21.40.04:146][  0]LogCollectionManager: Rebuilt the GUID cache for 0 collections in 0.000003 seconds
[2018.11.23-21.40.04:159][  0]LogContentBrowser: Native class hierarchy populated in 0.0132 seconds. Added 2331 classes and 493 folders.
[2018.11.23-21.40.04:274][  0]LogContentBrowser: Native class hierarchy updated for 'WidgetCarousel' in 0.0020 seconds. Added 0 classes and 0 folders.
[2018.11.23-21.40.04:324][  0]LogContentBrowser: Native class hierarchy updated for 'AddContentDialog' in 0.0020 seconds. Added 0 classes and 0 folders.
[2018.11.23-21.40.04:399][  0]LogContentBrowser: Native class hierarchy updated for 'SceneOutliner' in 0.0017 seconds. Added 1 classes and 2 folders.
[2018.11.23-21.40.04:456][  0]LogCrashTracker: Crashtracker disabled due to settings.
[2018.11.23-21.40.04:464][  0]LogUObjectGlobals:Warning: Failed to find object 'Class None.'
[2018.11.23-21.40.04:566][  0]LogContentBrowser: Native class hierarchy updated for 'HierarchicalLODOutliner' in 0.0019 seconds. Added 1 classes and 2 folders.
[2018.11.23-21.40.04:566][  0]LogLoad: (Engine Initialization) Total time: 24.01 seconds
[2018.11.23-21.40.04:566][  0]LogLoad: (Engine Initialization) Total Blueprint compile time: 0.14 seconds
[2018.11.23-21.40.04:566][  0]LogExternalProfiler: Found external profiler: VSPerf
[2018.11.23-21.40.04:566][  0]LogExternalProfiler: Using external profiler: VSPerf
[2018.11.23-21.40.04:585][  0]LogWindowsTextInputMethodSystem:Display: IME system now deactivated.
[2018.11.23-21.40.04:585][  0]LogOcInput: OculusInput pre-init called
[2018.11.23-21.40.04:585][  0]LogHMD: Starting GearVRController plugin
[2018.11.23-21.40.04:605][  0]LogContentStreaming: Texture pool size now 1000 MB
[2018.11.23-21.40.04:606][  0]LogSlate: Took 0.000216 seconds to synchronously load lazily loaded font '../../../Engine/Content/Slate/Fonts/Roboto-Regular.ttf' (155K)
[2018.11.23-21.40.04:609][  0]LogSlate: Took 0.000364 seconds to synchronously load lazily loaded font '../../../Engine/Content/Slate/Fonts/Roboto-Bold.ttf' (160K)
[2018.11.23-21.40.04:615][  0]LogSlate: Took 0.000244 seconds to synchronously load lazily loaded font '../../../Engine/Content/Editor/Slate/Fonts/FontAwesome.ttf' (139K)
[2018.11.23-21.40.04:750][  0]LogSlate: Took 0.000193 seconds to synchronously load lazily loaded font '../../../Engine/Content/Slate/Fonts/Roboto-Light.ttf' (159K)
[2018.11.23-21.40.04:787][  1]LogRenderer: Reallocating scene render targets to support 636x380 NumSamples 1 (Frame:1).
[2018.11.23-21.40.04:884][  1]LogAssetRegistry: Asset discovery search completed in 15.0168 seconds
[2018.11.23-21.40.04:885][  1]LogCollectionManager: Rebuilt the object cache for 0 collections in 0.000000 seconds (found 0 objects)
[2018.11.23-21.40.04:885][  1]LogCollectionManager: Fixed up redirectors for 0 collections in 0.000032 seconds (updated 0 objects)
[2018.11.23-21.40.55:063][294]Cmd: MAP LOAD FILE="../../../Engine/Content/Maps/Templates/Template_Default.umap" TEMPLATE=1 SHOWPROGRESS=1 FEATURELEVEL=3
[2018.11.23-21.40.55:069][294]LogSlate: Took 0.000204 seconds to synchronously load lazily loaded font '../../../Engine/Content/Slate/Fonts/Roboto-Light.ttf' (159K)
[2018.11.23-21.40.55:091][294]LightingResults: New page: Lighting Build
[2018.11.23-21.40.55:092][294]LoadErrors: New page: Loading map: Template_Default.umap
[2018.11.23-21.40.55:096][294]MapCheck: New page: Map Check
[2018.11.23-21.40.55:096][294]LightingResults: New page: Lighting Build
[2018.11.23-21.40.55:123][294]LogAIModule: Creating AISystem for world Untitled_1
[2018.11.23-21.40.55:130][294]LogActorComponent: RegisterComponentWithWorld: (/Temp/Untitled_1.Untitled_1:PersistentLevel.WorldSettings_1.StaticMeshComponent0) Trying to register component with IsPendingKill() == true. Aborting.
[2018.11.23-21.40.55:139][294]LogEditorServer: Finished looking for orphan Actors (0.000 secs)
[2018.11.23-21.40.55:161][294]Cmd: MAP CHECKDEP NOCLEARLOG
[2018.11.23-21.40.55:238][294]MapCheck: Info Map check complete: 0 Error(s), 0 Warning(s), took 77.868ms to complete.
[2018.11.23-21.40.55:238][294]LogFileHelpers: Loading map 'Template_Default' took 0.177
[2018.11.23-21.41.15:453][478]LogMaterial: Missing cached shader map for material Material_0, compiling. 
[2018.11.23-21.41.31:586][424]LogRenderer: Reallocating scene render targets to support 1072x700 NumSamples 1 (Frame:1998).
[2018.11.23-21.43.19:297][553]LogSavePackage: Save=42.64ms
[2018.11.23-21.43.19:297][553]LogSavePackage: Moving '../../../../../../Users/hinds/Documents/Unreal Projects/BatteryCollector/Saved/CollectionLevelA20110DE4665512896049A871B4F4F4A.tmp' to '../../../../../../Users/hinds/Documents/Unreal Projects/BatteryCollector/Content/Maps/CollectionLevel.umap'
[2018.11.23-21.43.19:299][553]LogSavePackage:Display: Finished SavePackage ../../../../../../Users/hinds/Documents/Unreal Projects/BatteryCollector/Content/Maps/CollectionLevel.umap
[2018.11.23-21.43.19:348][553]LogFileHelpers: Saving map 'CollectionLevel' took 0.673
[2018.11.23-21.43.26:774][879]LogSlate: Only BGRA pngs, bmps or icos are supported in by External Image Picker
[2018.11.23-21.43.26:886][882]LogTemp: Executing iPhonePackager certificates Engine -bundlename com.YourCompany.BatteryCollector
[2018.11.23-21.43.26:886][882]LogTemp: CWD: C:\Program Files\Epic Games\UE_4.16\Engine\Binaries\DotNET\IOS
[2018.11.23-21.43.26:886][882]LogTemp: Initial Dir: C:\Program Files\Epic Games\UE_4.16
[2018.11.23-21.43.26:886][882]LogTemp: Env CWD: C:\Program Files\Epic Games\UE_4.16\Engine\Binaries\DotNET\IOS
[2018.11.23-21.43.26:890][882]LogTemp: BranchPath = LAPTOP-CJJL49NE/C/Program Files/Epic Games/UE_4.16/Engine/Binaries --- GameBranchPath = LAPTOP-CJJL49NE/C/Program Files/Epic Games/UE_4.16/Engine/Binaries
[2018.11.23-21.43.26:921][883]LogTemp: IPP ERROR: Could not find provision directory 'C:\Users\hinds\AppData\Local/Apple Computer/MobileDevice/Provisioning Profiles/'.
[2018.11.23-21.43.33:042][193]LogSlate: Took 0.000244 seconds to synchronously load lazily loaded font '../../../Engine/Content/Slate/Fonts/Roboto-Light.ttf' (159K)
[2018.11.23-21.45.10:020][186]LogEditorViewport: Clicking on Actor (LMB): StaticMeshActor (Floor)
[2018.11.23-21.45.11:550][272]Cmd: DELETE
[2018.11.23-21.45.11:550][272]Cmd: ACTOR DELETE
[2018.11.23-21.45.11:566][272]LogEditorActor: Deleted Actor: StaticMeshActor
[2018.11.23-21.45.11:582][272]LogEditorActor: Deleted 1 Actors (0.023 secs)
[2018.11.23-21.45.27:726][213]LogMaterial: Missing cached shader map for material DefaultTextMaterialTranslucentUnlit, compiling. 
[2018.11.23-21.45.27:761][213]LogStaticMesh: Building static mesh SM_DemoRoomLTrim...
[2018.11.23-21.45.27:785][213]LogStaticMesh: Built static mesh [0.03s] /Game/DemoRoom/Meshes/SM_DemoRoomLTrim.SM_DemoRoomLTrim
[2018.11.23-21.45.27:798][213]LogStaticMesh: Building static mesh SM_DemoRoomL...
[2018.11.23-21.45.27:816][213]LogStaticMesh: Built static mesh [0.02s] /Game/DemoRoom/Meshes/SM_DemoRoomL.SM_DemoRoomL
[2018.11.23-21.45.27:827][213]LogStaticMesh: Building static mesh SM_DemoRoomClamp2...
[2018.11.23-21.45.27:886][213]LogStaticMesh: Built static mesh [0.06s] /Game/DemoRoom/Meshes/SM_DemoRoomClamp2.SM_DemoRoomClamp2
[2018.11.23-21.45.27:907][213]LogMaterial: Missing cached shader map for material M_DemoWall, compiling. 
[2018.11.23-21.45.28:011][213]LogStaticMesh: Building static mesh SM_DemoRoomTrimAdd...
[2018.11.23-21.45.28:066][213]LogStaticMesh: Built static mesh [0.05s] /Game/DemoRoom/Meshes/SM_DemoRoomTrimAdd.SM_DemoRoomTrimAdd
[2018.11.23-21.45.28:084][213]LogStaticMesh: Building static mesh SM_DemoRoomU_Hole...
[2018.11.23-21.45.28:118][213]LogStaticMesh: Built static mesh [0.03s] /Game/DemoRoom/Meshes/SM_DemoRoomU_Hole.SM_DemoRoomU_Hole
[2018.11.23-21.45.28:129][213]LogStaticMesh: Building static mesh SM_DemoRoomU...
[2018.11.23-21.45.28:150][213]LogStaticMesh: Built static mesh [0.02s] /Game/DemoRoom/Meshes/SM_DemoRoomU.SM_DemoRoomU
[2018.11.23-21.45.28:158][213]LogStaticMesh: Building static mesh SM_DemoRoomU2...
[2018.11.23-21.45.28:198][213]LogStaticMesh: Built static mesh [0.04s] /Game/DemoRoom/Meshes/SM_DemoRoomU2.SM_DemoRoomU2
[2018.11.23-21.45.28:207][213]LogStaticMesh: Building static mesh SM_DemoRoomTrim2...
[2018.11.23-21.45.28:290][213]LogStaticMesh: Built static mesh [0.08s] /Game/DemoRoom/Meshes/SM_DemoRoomTrim2.SM_DemoRoomTrim2
[2018.11.23-21.45.28:320][213]LogStaticMesh: Building static mesh SM_DemoRoomTrim...
[2018.11.23-21.45.28:401][213]LogStaticMesh: Built static mesh [0.08s] /Game/DemoRoom/Meshes/SM_DemoRoomTrim.SM_DemoRoomTrim
[2018.11.23-21.45.28:430][213]LogStaticMesh: Building static mesh SM_URoom_Wall2...
[2018.11.23-21.45.28:440][213]LogStaticMesh: Built static mesh [0.01s] /Game/DemoRoom/Meshes/SM_URoom_Wall2.SM_URoom_Wall2
[2018.11.23-21.45.28:452][213]LogStaticMesh: Building static mesh SM_URoom_Wall...
[2018.11.23-21.45.28:461][213]LogStaticMesh: Built static mesh [0.01s] /Game/DemoRoom/Meshes/SM_URoom_Wall.SM_URoom_Wall
[2018.11.23-21.45.28:541][213]LogTexture:Display: Building textures: T_RoomTiles_M (DXT1, 2048X2048)
[2018.11.23-21.45.29:331][213]LogTexture:Display: Building textures: T_RoomTiles_N (BC5, 2048X2048)
[2018.11.23-21.45.29:884][213]LogMaterial: Missing cached shader map for material M_DemoRoomTiles, compiling. 
[2018.11.23-21.45.29:995][213]LogTexture:Display: Building textures: T_UnrealEngineDecal (DXT1, 2048X2048)
[2018.11.23-21.45.30:266][213]LogTexture:Display: Building textures: T_Pattern_M (AutoDXT, 2048X2048)
[2018.11.23-21.45.31:129][213]LogMaterial: Missing cached shader map for material M_DemoWallPattern, compiling. 
[2018.11.23-21.45.31:159][213]LogMaterial: Missing cached shader map for material M_DemoWallPattern, compiling. 
[2018.11.23-21.45.31:186][213]LogMaterial: Missing cached shader map for material M_DemoWallPattern, compiling. 
[2018.11.23-21.45.31:211][213]LogStaticMesh: Building static mesh SM_DemoDivider_1...
[2018.11.23-21.45.31:240][213]LogStaticMesh: Built static mesh [0.03s] /Game/DemoRoom/Meshes/SM_DemoDivider_1.SM_DemoDivider_1
[2018.11.23-21.45.31:250][213]LogMaterial: Missing cached shader map for material M_Glass, compiling. 
[2018.11.23-21.45.31:287][213]LogMaterial: Missing cached shader map for material M_Glass, compiling. 
[2018.11.23-21.45.31:317][213]LogStaticMesh: Building static mesh SM_DemoDivider_2...
[2018.11.23-21.45.31:342][213]LogStaticMesh: Built static mesh [0.03s] /Game/DemoRoom/Meshes/SM_DemoDivider_2.SM_DemoDivider_2
[2018.11.23-21.45.31:351][213]LogStaticMesh: Building static mesh SM_DemoRoomBackWall2...
[2018.11.23-21.45.31:362][213]LogStaticMesh: Built static mesh [0.01s] /Game/DemoRoom/Meshes/SM_DemoRoomBackWall2.SM_DemoRoomBackWall2
[2018.11.23-21.45.31:371][213]LogStaticMesh: Building static mesh SM_DemoRoomClamp...
[2018.11.23-21.45.31:433][213]LogStaticMesh: Built static mesh [0.06s] /Game/DemoRoom/Meshes/SM_DemoRoomClamp.SM_DemoRoomClamp
[2018.11.23-21.45.31:452][213]LogStaticMesh: Building static mesh SM_DemoRoomBackWall...
[2018.11.23-21.45.31:468][213]LogStaticMesh: Built static mesh [0.02s] /Game/DemoRoom/Meshes/SM_DemoRoomBackWall.SM_DemoRoomBackWall
[2018.11.23-21.45.31:479][213]LogMaterial: Missing cached shader map for material M_LightTube, compiling. 
[2018.11.23-21.45.56:613][482]LogEditorViewport: Clicking on Actor (LMB): BP_DemoRoom_C (BP_DemoRoom)
[2018.11.23-21.46.50:578][395]LogNavigationPoint: PostEditMove Clear paths rebuilt
[2018.11.23-21.46.54:553][520]LogNavigationPoint: PostEditMove Clear paths rebuilt
[2018.11.23-21.47.01:262][831]LogNavigationPoint: PostEditMove Clear paths rebuilt
[2018.11.23-21.47.02:099][874]LogNavigationPoint: PostEditMove Clear paths rebuilt
[2018.11.23-21.47.02:173][877]LogNavigationPoint: PostEditMove Clear paths rebuilt
[2018.11.23-21.47.09:158][247]LogEditorViewport: Clicking on Actor (LMB): BP_DemoRoom_C (BP_DemoRoom)
[2018.11.23-21.47.23:671][ 45]Cmd: TRANSACTION UNDO
[2018.11.23-21.47.23:671][ 45]LogEditorTransaction: Undo Clicking on Actors
[2018.11.23-21.47.25:414][127]LogSlate: Took 0.039141 seconds to synchronously load lazily loaded font '../../../Engine/Content/Editor/Slate/Fonts/Roboto-Italic.ttf' (157K)
[2018.11.23-21.47.44:595][413]LogEditorViewport: Clicking on Actor (LMB): BP_DemoRoom_C (BP_DemoRoom)
[2018.11.23-21.48.46:914][ 39]Cmd: CAMERA ALIGN ACTIVEVIEWPORTONLY
[2018.11.23-21.49.03:372][  3]LogNavigationPoint: PostEditMove Clear paths rebuilt
[2018.11.23-21.49.07:426][243]LogNavigationPoint: PostEditMove Clear paths rebuilt
[2018.11.23-21.49.10:103][400]Cmd: CAMERA ALIGN ACTIVEVIEWPORTONLY
[2018.11.23-21.49.18:008][872]LogNavigationPoint: PostEditMove Clear paths rebuilt
[2018.11.23-21.49.25:570][323]LogNavigationPoint: PostEditMove Clear paths rebuilt
[2018.11.23-21.49.34:634][855]LogNavigationPoint: PostEditMove Clear paths rebuilt
[2018.11.23-21.49.36:637][974]LogNavigationPoint: PostEditMove Clear paths rebuilt
[2018.11.23-21.49.39:908][168]LogNavigationPoint: PostEditMove Clear paths rebuilt
[2018.11.23-21.49.49:955][768]LogEditorViewport: Clicking on Actor (LMB): BP_DemoRoom_C (BP_DemoRoom)
[2018.11.23-21.50.04:135][612]LogNavigationPoint: PostEditMove Clear paths rebuilt
[2018.11.23-21.50.09:924][941]LogSavePackage: Save=60.80ms
[2018.11.23-21.50.09:924][941]LogSavePackage: Moving '../../../../../../Users/hinds/Documents/Unreal Projects/BatteryCollector/Saved/CollectionLevel3CD1CDD244E11D093079DE9ED93D05C6.tmp' to '../../../../../../Users/hinds/Documents/Unreal Projects/BatteryCollector/Content/Maps/CollectionLevel.umap'
[2018.11.23-21.50.09:934][941]LogSavePackage:Display: Finished SavePackage ../../../../../../Users/hinds/Documents/Unreal Projects/BatteryCollector/Content/Maps/CollectionLevel.umap
[2018.11.23-21.50.52:042][811]LogTemp: Repeting last play command: Selected Viewport
[2018.11.23-21.50.52:129][811]LogPlayLevel: PlayLevel: No blueprints needed recompiling
[2018.11.23-21.50.52:134][811]PIE: New page: PIE session: CollectionLevel (Nov 23, 2018, 5:50:52 AM)
[2018.11.23-21.50.52:135][811]LogPlayLevel: Creating play world package: /Game/Maps/UEDPIE_0_CollectionLevel
[2018.11.23-21.50.52:141][811]LogPlayLevel: PIE: StaticDuplicateObject took: (0.006479s)
[2018.11.23-21.50.52:143][811]LogAIModule: Creating AISystem for world CollectionLevel
[2018.11.23-21.50.52:144][811]LogPlayLevel: PIE: World Init took: (0.002569s)
[2018.11.23-21.50.52:146][811]LogPlayLevel: PIE: Created PIE world by copying editor world from /Game/Maps/CollectionLevel.CollectionLevel to /Game/Maps/UEDPIE_0_CollectionLevel.CollectionLevel (0.011093s)
[2018.11.23-21.50.52:164][811]LogInit: XAudio2 using 'Headphones (Bluetooth Hands-free Audio)' : 2 channels at 48 kHz using 16 bits per sample (channel mask 0x3)
[2018.11.23-21.50.52:172][811]LogInit: FAudioDevice initialized.
[2018.11.23-21.50.52:219][811]LogLoad: Game class is 'BatteryCollectorGameMode'
[2018.11.23-21.50.52:233][811]LogWorld: Bringing World /Game/Maps/UEDPIE_0_CollectionLevel.CollectionLevel up for play (max tick rate 60) at 2018.11.23-13.50.52
[2018.11.23-21.50.52:235][811]LogWorld: Bringing up level for play took: 0.003470
[2018.11.23-21.50.52:322][811]LogContentBrowser: Native class hierarchy updated for 'MovieSceneCapture' in 0.0020 seconds. Added 11 classes and 0 folders.
[2018.11.23-21.50.52:331][811]PIE: Info Play in editor start time for /Game/Maps/UEDPIE_0_CollectionLevel 0.984
[2018.11.23-21.50.59:511][223]MapCheck: New page: Map Check
[2018.11.23-21.50.59:552][223]Cmd: MAP REBUILD ALLVISIBLE
[2018.11.23-21.50.59:552][223]LogEditorServer: Rebuildmap Clear paths rebuilt
[2018.11.23-21.50.59:665][223]LogMaterial: Missing cached shader map for material FDebugViewModeMaterialProxy WorldGridMaterial, compiling. Is special engine material.
[2018.11.23-21.50.59:673][223]LogMaterial: Missing cached shader map for material FDebugViewModeMaterialProxy MaterialInstanceDynamic_9, compiling. 
[2018.11.23-21.50.59:681][223]LogMaterial: Missing cached shader map for material FDebugViewModeMaterialProxy M_Glass_Inst, compiling. 
[2018.11.23-21.50.59:690][223]LogMaterial: Missing cached shader map for material FDebugViewModeMaterialProxy M_Glass, compiling. 
[2018.11.23-21.50.59:696][223]LogMaterial: Missing cached shader map for material FDebugViewModeMaterialProxy M_LightTube_Inst, compiling. 
[2018.11.23-21.50.59:704][223]LogMaterial: Missing cached shader map for material FDebugViewModeMaterialProxy M_DemoWall_Inst, compiling. 
[2018.11.23-21.50.59:712][223]LogMaterial: Missing cached shader map for material FDebugViewModeMaterialProxy MaterialInstanceDynamic_17, compiling. 
[2018.11.23-21.50.59:720][223]LogMaterial: Missing cached shader map for material FDebugViewModeMaterialProxy DefaultTextMaterialTranslucentUnlit, compiling. 
[2018.11.23-21.51.00:420][223]TextureStreamingBuild:Display: Compiling optional shaders took 0.764 seconds.
[2018.11.23-21.51.00:440][223]LogLevel:Display: Export Material TexCoord Scales took 0.019 seconds.
[2018.11.23-21.51.00:445][223]TextureStreamingBuild:Display: Build Texture Streaming took 0.005 seconds.
[2018.11.23-21.51.00:457][223]LightingResults: New page: Lighting Build - Nov 23, 2018, 5:51:00 AM
[2018.11.23-21.51.00:520][223]LogSwarmInterface: [OpenConnection] Registering TCP channel ...
[2018.11.23-21.51.00:664][223]LogSwarmInterface: [OpenConnection] Connecting to agent ...
[2018.11.23-21.51.00:679][223]LogSwarmInterface: [TryOpenConnection] Testing the Agent
[2018.11.23-21.51.02:215][223]LogSwarmInterface: [TryOpenConnection] Opening Connection to Agent
[2018.11.23-21.51.02:215][223]LogSwarmInterface: [TryOpenConnection] Local Process ID is 27080
[2018.11.23-21.51.10:309][223]LogStaticLightingSystem:Warning: No importance volume found, so the scene bounding box was used.  You can optimize your scene's quality and lighting build times by adding importance volumes.
[2018.11.23-21.51.10:309][223]LogStaticLightingSystem: Running Lightmass w/ ImmediateImport mode ENABLED
[2018.11.23-21.51.10:309][223]LogStaticLightingSystem: Running Lightmass w/ ImmediateProcess mode ENABLED
[2018.11.23-21.51.10:309][223]LogStaticLightingSystem: Running Lightmass w/ Sorting mode ENABLED
[2018.11.23-21.51.10:309][223]LogStaticLightingSystem: Running Lightmass w/ Mapping paddings ENABLED
[2018.11.23-21.51.10:309][223]LogStaticLightingSystem: Running Lightmass w/ Mapping debug paddings DISABLED
[2018.11.23-21.51.10:568][223]Cmd: MAP CHECK DONTDISPLAYDIALOG
[2018.11.23-21.51.10:568][223]MapCheck: New page: CollectionLevel - Nov 23, 2018, 5:51:10 AM
[2018.11.23-21.51.10:569][223]MapCheck:Error: Error WorldSettings_1 Maps need lighting rebuilt 
[2018.11.23-21.51.10:658][223]MapCheck: Info Map check complete: 1 Error(s), 0 Warning(s), took 90.423ms to complete.
[2018.11.23-21.51.10:681][223]LogEditorBuildUtils: Build time 0:11
[2018.11.23-21.51.10:845][224]LogMaterial: Missing cached shader map for material FLightmassMaterialRenderer M_Glass_Inst, compiling. 
[2018.11.23-21.51.10:855][224]LogMaterial: Missing cached shader map for material FLightmassMaterialRenderer M_Glass_Inst, compiling. 
[2018.11.23-21.51.10:975][225]LogMaterial: Missing cached shader map for material FLightmassMaterialRenderer M_Glass, compiling. 
[2018.11.23-21.51.10:986][225]LogMaterial: Missing cached shader map for material FLightmassMaterialRenderer M_Glass, compiling. 
[2018.11.23-21.51.11:019][226]LogMaterial: Missing cached shader map for material FLightmassMaterialRenderer M_LightTube_Inst, compiling. 
[2018.11.23-21.51.11:025][226]LogMaterial: Missing cached shader map for material FLightmassMaterialRenderer M_LightTube_Inst, compiling. 
[2018.11.23-21.51.11:140][227]LogMaterial: Missing cached shader map for material FLightmassMaterialRenderer M_DemoWall_Inst, compiling. 
[2018.11.23-21.51.11:149][227]LogMaterial: Missing cached shader map for material FLightmassMaterialRenderer M_DemoWall_Inst, compiling. 
[2018.11.23-21.51.11:277][229]LogMaterial: Missing cached shader map for material FLightmassMaterialRenderer MaterialInstanceDynamic_17, compiling. 
[2018.11.23-21.51.11:285][229]LogMaterial: Missing cached shader map for material FLightmassMaterialRenderer MaterialInstanceDynamic_17, compiling. 
[2018.11.23-21.51.41:869][ 91]LogContentBrowser: Native class hierarchy updated for 'BlueprintGraph' in 0.0023 seconds. Added 112 classes and 0 folders.
[2018.11.23-21.51.42:499][ 91]Job is a success!
[2018.11.23-21.51.42:528][ 91]LogSlate: Took 0.000198 seconds to synchronously load lazily loaded font '../../../Engine/Content/Slate/Fonts/Roboto-Regular.ttf' (155K)
[2018.11.23-21.51.42:737][ 91]LogSlate: Took 0.008763 seconds to synchronously load lazily loaded font '../../../Engine/Content/Editor/Slate/Fonts/Roboto-BoldCondensed.ttf' (158K)
[2018.11.23-21.51.45:867][ 92]LogTexture:Display: Building textures: HQ_Lightmap0_1 (AutoDXT, 1024X1024)
[2018.11.23-21.51.45:867][ 92]LogTexture:Display: Building textures: LQ_Lightmap_0_1 (DXT1, 1024X1024)
[2018.11.23-21.51.45:867][ 92]LogTexture:Display: Building textures: HQ_Lightmap0_2 (AutoDXT, 1024X1024)
[2018.11.23-21.51.45:867][ 92]LogTexture:Display: Building textures: LQ_Lightmap_0_2 (DXT1, 1024X1024)
[2018.11.23-21.51.45:867][ 92]LogTexture:Display: Building textures: HQ_Lightmap0_3 (AutoDXT, 128X128)
[2018.11.23-21.51.45:867][ 92]LogTexture:Display: Building textures: LQ_Lightmap_0_3 (DXT1, 128X128)
[2018.11.23-21.51.45:867][ 92]LogTexture:Display: Building textures: HQ_Lightmap0_4 (AutoDXT, 64X64)
[2018.11.23-21.51.45:867][ 92]LogTexture:Display: Building textures: LQ_Lightmap_0_4 (DXT1, 64X64)
[2018.11.23-21.51.46:067][ 92]LogTexture:Display: Building textures: ShadowMapTexture2D_2 (G8, 32X32)
[2018.11.23-21.51.46:067][ 92]LogTexture:Display: Building textures: ShadowMapTexture2D_1 (G8, 128X32)
[2018.11.23-21.51.46:119][ 92]LogTexture:Display: Building textures: ShadowMapTexture2D_0 (G8, 1024X1024)
[2018.11.23-21.51.46:151][ 92]Lightmass on LAPTOP-CJJL49NE: 29.9 sec total, 229 ms importing, 72 ms setup, 2.50 sec photons, 27.0 sec processing, 0 ms extra exporting [21/21 mappings]. Threads: 1:48 min total, 1:07 min processing.
[2018.11.23-21.51.46:193][ 92]LogStaticLightingSystem: Illumination: 45.4 sec (2.47 sec encoding lightmaps, 251 ms encoding shadowmaps)
[2018.11.23-21.51.46:193][ 92]LogStaticLightingSystem: Lightmap texture memory:  4.0 MB (4.0 MB streaming, 0.0 MB non-streaming), 8 textures
[2018.11.23-21.51.46:193][ 92]LogStaticLightingSystem: Shadowmap texture memory: 1.3 MB (1.3 MB streaming, 0.0 MB non-streaming), 3 textures
[2018.11.23-21.51.46:353][ 92]DumpUnbuiltLightIteractions
[2018.11.23-21.51.46:353][ 92]Lights with unbuilt interactions: 0
[2018.11.23-21.51.46:353][ 92]
[2018.11.23-21.51.46:353][ 92]Primitives with unbuilt interactions: 0
[2018.11.23-21.51.46:386][ 93]Cmd: MAP CHECK NOTIFYRESULTS
[2018.11.23-21.51.46:386][ 93]MapCheck: New page: CollectionLevel - Nov 23, 2018, 5:51:46 AM
[2018.11.23-21.51.46:487][ 93]MapCheck: Info Map check complete: 0 Error(s), 0 Warning(s), took 101.056ms to complete.
[2018.11.23-21.52.02:277][878]LogTemp: Repeting last play command: Selected Viewport
[2018.11.23-21.52.02:317][878]LogPlayLevel: PlayLevel: No blueprints needed recompiling
[2018.11.23-21.52.02:317][878]PIE: New page: PIE session: CollectionLevel (Nov 23, 2018, 5:52:02 AM)
[2018.11.23-21.52.02:317][878]LogPlayLevel: Creating play world package: /Game/Maps/UEDPIE_0_CollectionLevel
[2018.11.23-21.52.02:320][878]LogPlayLevel: PIE: StaticDuplicateObject took: (0.002691s)
[2018.11.23-21.52.02:321][878]LogAIModule: Creating AISystem for world CollectionLevel
[2018.11.23-21.52.02:322][878]LogPlayLevel: PIE: World Init took: (0.001355s)
[2018.11.23-21.52.02:322][878]LogPlayLevel: PIE: Created PIE world by copying editor world from /Game/Maps/CollectionLevel.CollectionLevel to /Game/Maps/UEDPIE_0_CollectionLevel.CollectionLevel (0.004340s)
[2018.11.23-21.52.02:342][878]LogInit: XAudio2 using 'Headphones (Bluetooth Hands-free Audio)' : 2 channels at 48 kHz using 16 bits per sample (channel mask 0x3)
[2018.11.23-21.52.02:350][878]LogInit: FAudioDevice initialized.
[2018.11.23-21.52.02:386][878]LogLoad: Game class is 'BatteryCollectorGameMode'
[2018.11.23-21.52.02:389][878]LogWorld: Bringing World /Game/Maps/UEDPIE_0_CollectionLevel.CollectionLevel up for play (max tick rate 60) at 2018.11.23-13.52.02
[2018.11.23-21.52.02:390][878]LogWorld: Bringing up level for play took: 0.001897
[2018.11.23-21.52.02:392][878]PIE: Info Play in editor start time for /Game/Maps/UEDPIE_0_CollectionLevel 1.044
[2018.11.23-21.52.10:054][255]LogSavePackage: Save=62.17ms
[2018.11.23-21.52.10:054][255]LogSavePackage: Moving '../../../../../../Users/hinds/Documents/Unreal Projects/BatteryCollector/Saved/CollectionLevel7E7BACBB47638190156DEE93678F9D14.tmp' to '../../../../../../Users/hinds/Documents/Unreal Projects/BatteryCollector/Content/Maps/CollectionLevel.umap'
[2018.11.23-21.52.10:058][255]LogSavePackage:Display: Finished SavePackage ../../../../../../Users/hinds/Documents/Unreal Projects/BatteryCollector/Content/Maps/CollectionLevel.umap
[2018.11.23-21.52.10:578][255]LogSavePackage: Save=478.30ms
[2018.11.23-21.52.10:578][255]LogSavePackage: Moving '../../../../../../Users/hinds/Documents/Unreal Projects/BatteryCollector/Saved/CollectionLevel_BuiltDataF93F3DD64472276F13DF40A3342CE708.tmp' to '../../../../../../Users/hinds/Documents/Unreal Projects/BatteryCollector/Content/Maps/CollectionLevel_BuiltData.uasset'
[2018.11.23-21.52.10:582][255]LogSavePackage:Display: Finished SavePackage ../../../../../../Users/hinds/Documents/Unreal Projects/BatteryCollector/Content/Maps/CollectionLevel_BuiltData.uasset
[2018.11.23-21.52.10:733][258]LogSavePackage: Save=57.51ms
[2018.11.23-21.52.10:733][258]LogSavePackage: Moving '../../../../../../Users/hinds/Documents/Unreal Projects/BatteryCollector/Saved/CollectionLevel31AF2D304903690671F80A890C451594.tmp' to '../../../../../../Users/hinds/Documents/Unreal Projects/BatteryCollector/Content/Maps/CollectionLevel.umap'
[2018.11.23-21.52.10:736][258]LogSavePackage:Display: Finished SavePackage ../../../../../../Users/hinds/Documents/Unreal Projects/BatteryCollector/Content/Maps/CollectionLevel.umap
[2018.11.23-21.52.11:260][258]LogSavePackage: Save=474.47ms
[2018.11.23-21.52.11:260][258]LogSavePackage: Moving '../../../../../../Users/hinds/Documents/Unreal Projects/BatteryCollector/Saved/CollectionLevel_BuiltDataF1EFC9F6431CB9DE386B09A831AF3267.tmp' to '../../../../../../Users/hinds/Documents/Unreal Projects/BatteryCollector/Content/Maps/CollectionLevel_BuiltData.uasset'
[2018.11.23-21.52.11:262][258]LogSavePackage:Display: Finished SavePackage ../../../../../../Users/hinds/Documents/Unreal Projects/BatteryCollector/Content/Maps/CollectionLevel_BuiltData.uasset
[2018.11.23-21.52.12:071][302]LogSavePackage: Save=56.76ms
[2018.11.23-21.52.12:071][302]LogSavePackage: Moving '../../../../../../Users/hinds/Documents/Unreal Projects/BatteryCollector/Saved/CollectionLevelA61BE4CB4E5631263E71EC8DFDB0F2F3.tmp' to '../../../../../../Users/hinds/Documents/Unreal Projects/BatteryCollector/Content/Maps/CollectionLevel.umap'
[2018.11.23-21.52.12:073][302]LogSavePackage:Display: Finished SavePackage ../../../../../../Users/hinds/Documents/Unreal Projects/BatteryCollector/Content/Maps/CollectionLevel.umap
[2018.11.23-21.52.12:585][302]LogSavePackage: Save=474.18ms
[2018.11.23-21.52.12:585][302]LogSavePackage: Moving '../../../../../../Users/hinds/Documents/Unreal Projects/BatteryCollector/Saved/CollectionLevel_BuiltData98A3D45F4D51A355D7468CA1C81AECD1.tmp' to '../../../../../../Users/hinds/Documents/Unreal Projects/BatteryCollector/Content/Maps/CollectionLevel_BuiltData.uasset'
[2018.11.23-21.52.12:588][302]LogSavePackage:Display: Finished SavePackage ../../../../../../Users/hinds/Documents/Unreal Projects/BatteryCollector/Content/Maps/CollectionLevel_BuiltData.uasset
[2018.11.23-22.07.52:777][852]Running C:/Program Files/Epic Games/UE_4.16/Engine/Binaries/DotNET/UnrealBuildTool.exe BatteryCollector Win64 Development -editorrecompile "C:/Users/hinds/Documents/Unreal Projects/BatteryCollector/BatteryCollector.uproject" -invalidatemakefilesonly
[2018.11.23-22.07.53:183][852]Invalidating makefiles only in this run.
[2018.11.23-22.07.53:344][852]Candidate modules for hot reload:
[2018.11.23-22.07.53:344][852]  BatteryCollector
[2018.11.23-22.07.53:344][852]Launching UnrealBuildTool... [C:/Program Files/Epic Games/UE_4.16/Engine/Binaries/DotNET/UnrealBuildTool.exe BatteryCollector -ModuleWithSuffix BatteryCollector 9917 Win64 Development -editorrecompile -canskiplink "C:/Users/hinds/Documents/Unreal Projects/BatteryCollector/BatteryCollector.uproject" ]
[2018.11.23-22.08.55:827][852]CompilerResultsLog: New page: Compilation - Nov 23, 2018, 6:08:55 AM
[2018.11.23-22.08.55:827][852]CompilerResultsLog: Info Performing full C++ include scan (hot reloading a new target)
[2018.11.23-22.08.55:827][852]CompilerResultsLog: Info Compiling game modules for hot reload
[2018.11.23-22.08.55:827][852]CompilerResultsLog: Info Parsing headers for BatteryCollectorEditor
[2018.11.23-22.08.55:827][852]CompilerResultsLog: Info   Running UnrealHeaderTool "C:\Users\hinds\Documents\Unreal Projects\BatteryCollector\BatteryCollector.uproject" "C:\Users\hinds\Documents\Unreal Projects\BatteryCollector\Intermediate\Build\Win64\BatteryCollectorEditor\Development\BatteryCollectorEditor.uhtmanifest" -LogCmds="loginit warning, logexit warning, logdatabase error" -Unattended -WarningsAsErrors -installed
[2018.11.23-22.08.55:827][852]CompilerResultsLog: Info Reflection code generated for BatteryCollectorEditor in 9.0763756 seconds
[2018.11.23-22.08.55:827][852]CompilerResultsLog: Info Performing 4 actions (4 in parallel)
[2018.11.23-22.08.55:827][852]CompilerResultsLog: Info BatteryCollector.generated.cpp
[2018.11.23-22.08.55:827][852]CompilerResultsLog: Info Pickup.cpp
[2018.11.23-22.08.55:827][852]CompilerResultsLog: Info [3/4] Link UE4Editor-BatteryCollector-9917.dll
[2018.11.23-22.08.55:827][852]CompilerResultsLog: Info [4/4] Link UE4Editor-BatteryCollector-9917.lib
[2018.11.23-22.08.55:827][852]CompilerResultsLog: Info    Creating library C:\Users\hinds\Documents\Unreal Projects\BatteryCollector\Intermediate\Build\Win64\UE4Editor\Development\UE4Editor-BatteryCollector-9917.lib and object C:\Users\hinds\Documents\Unreal Projects\BatteryCollector\Intermediate\Build\Win64\UE4Editor\Development\UE4Editor-BatteryCollector-9917.exp
[2018.11.23-22.08.55:827][852]CompilerResultsLog: Info    Creating library C:\Users\hinds\Documents\Unreal Projects\BatteryCollector\Intermediate\Build\Win64\UE4Editor\Development\UE4Editor-BatteryCollector-9917.suppressed.lib and object C:\Users\hinds\Documents\Unreal Projects\BatteryCollector\Intermediate\Build\Win64\UE4Editor\Development\UE4Editor-BatteryCollector-9917.suppressed.exp
[2018.11.23-22.08.55:827][852]CompilerResultsLog: Info Total build time: 62.19 seconds (Local executor: 10.17 seconds)
[2018.11.23-22.08.55:827][852]LogMainFrame: MainFrame: Module compiling took 62.497 seconds
[2018.11.23-22.08.56:067][852]LogClass: Could not find existing class Pickup in package /Script/BatteryCollector for HotReload, assuming new class
[2018.11.23-22.08.56:072][852]LogContentBrowser: Native class hierarchy updated for 'BatteryCollector' in 0.0018 seconds. Added 3 classes and 2 folders.
[2018.11.23-22.08.56:074][852]Display: HotReload successful (0 functions remapped  0 scriptstructs remapped)
[2018.11.23-22.08.56:437][852]LogContentBrowser: Native class hierarchy populated in 0.0111 seconds. Added 2334 classes and 497 folders.
[2018.11.23-22.08.56:443][852]Display: HotReload took 63.1s.
[2018.11.23-22.08.56:445][852]Warning: HotReload operation took 63.1s.
[2018.11.23-22.08.57:569][852]LogVSAccessor:Warning: Couldn't goto line number '0' in 'C:/Users/hinds/Documents/Unreal Projects/BatteryCollector/Source/BatteryCollector/Pickup.h'
[2018.11.23-22.08.57:572][852]LogVSAccessor:Warning: Couldn't open file 'C:/Users/hinds/Documents/Unreal Projects/BatteryCollector/Source/BatteryCollector/Pickup.cpp'.
[2018.11.23-22.08.57:653][852]LogHotReload: New module detected: UE4Editor-BatteryCollector-9917.dll
[2018.11.23-22.08.57:746][853]LogHotReload: Starting Hot-Reload from IDE
[2018.11.23-22.08.57:956][853]LogContentBrowser: Native class hierarchy updated for 'BatteryCollector' in 0.0026 seconds. Added 3 classes and 2 folders.
[2018.11.23-22.08.57:959][853]Display: HotReload successful (0 functions remapped  0 scriptstructs remapped)
[2018.11.23-22.08.58:254][853]LogContentBrowser: Native class hierarchy populated in 0.0121 seconds. Added 2334 classes and 497 folders.
[2018.11.23-22.08.58:263][853]Display: HotReload took  0.5s.
[2018.11.23-22.34.17:242][186]Candidate modules for hot reload:
[2018.11.23-22.34.17:242][186]  BatteryCollector
[2018.11.23-22.34.17:242][186]Launching UnrealBuildTool... [C:/Program Files/Epic Games/UE_4.16/Engine/Binaries/DotNET/UnrealBuildTool.exe BatteryCollector -ModuleWithSuffix BatteryCollector 9701 Win64 Development -editorrecompile -canskiplink "C:/Users/hinds/Documents/Unreal Projects/BatteryCollector/BatteryCollector.uproject" ]
[2018.11.23-22.34.17:245][186]Warning: Starting HotReload took  0.2s.
[2018.11.23-22.34.55:137][627]CompilerResultsLog: New page: Compilation - Nov 23, 2018, 6:34:55 AM
[2018.11.23-22.34.55:137][627]CompilerResultsLog: Info Compiling game modules for hot reload
[2018.11.23-22.34.55:137][627]CompilerResultsLog: Info Parsing headers for BatteryCollectorEditor
[2018.11.23-22.34.55:137][627]CompilerResultsLog: Info   Running UnrealHeaderTool "C:\Users\hinds\Documents\Unreal Projects\BatteryCollector\BatteryCollector.uproject" "C:\Users\hinds\Documents\Unreal Projects\BatteryCollector\Intermediate\Build\Win64\BatteryCollectorEditor\Development\BatteryCollectorEditor.uhtmanifest" -LogCmds="loginit warning, logexit warning, logdatabase error" -Unattended -WarningsAsErrors -installed
[2018.11.23-22.34.55:137][627]CompilerResultsLog: Info Reflection code generated for BatteryCollectorEditor in 6.785776 seconds
[2018.11.23-22.34.55:137][627]CompilerResultsLog: Info Performing 4 actions (4 in parallel)
[2018.11.23-22.34.55:137][627]CompilerResultsLog: Info Pickup.cpp
[2018.11.23-22.34.55:137][627]CompilerResultsLog: Info BatteryCollector.generated.cpp
[2018.11.23-22.34.55:137][627]CompilerResultsLog: Info [3/4] Link UE4Editor-BatteryCollector-9701.dll
[2018.11.23-22.34.55:137][627]CompilerResultsLog: Info [4/4] Link UE4Editor-BatteryCollector-9701.lib
[2018.11.23-22.34.55:137][627]CompilerResultsLog: Info    Creating library C:\Users\hinds\Documents\Unreal Projects\BatteryCollector\Intermediate\Build\Win64\UE4Editor\Development\UE4Editor-BatteryCollector-9701.lib and object C:\Users\hinds\Documents\Unreal Projects\BatteryCollector\Intermediate\Build\Win64\UE4Editor\Development\UE4Editor-BatteryCollector-9701.exp
[2018.11.23-22.34.55:137][627]CompilerResultsLog: Info    Creating library C:\Users\hinds\Documents\Unreal Projects\BatteryCollector\Intermediate\Build\Win64\UE4Editor\Development\UE4Editor-BatteryCollector-9701.suppressed.lib and object C:\Users\hinds\Documents\Unreal Projects\BatteryCollector\Intermediate\Build\Win64\UE4Editor\Development\UE4Editor-BatteryCollector-9701.suppressed.exp
[2018.11.23-22.34.55:137][627]CompilerResultsLog: Info Total build time: 37.30 seconds (Local executor: 3.19 seconds)
[2018.11.23-22.34.55:137][627]LogMainFrame: MainFrame: Module compiling took 37.903 seconds
[2018.11.23-22.34.55:367][627]LogClass: Could not find existing class Pickup in package /Script/BatteryCollector for HotReload, assuming new class
[2018.11.23-22.34.55:377][627]LogHotReload: Re-instancing Pickup after hot-reload.
[2018.11.23-22.34.55:452][627]LogContentBrowser: Native class hierarchy updated for 'BatteryCollector' in 0.0019 seconds. Added 3 classes and 2 folders.
[2018.11.23-22.34.55:454][627]Display: HotReload successful (0 functions remapped  0 scriptstructs remapped)
[2018.11.23-22.34.55:733][627]LogContentBrowser: Native class hierarchy populated in 0.0124 seconds. Added 2334 classes and 497 folders.
[2018.11.23-22.34.55:738][627]Display: HotReload took 38.7s.
[2018.11.23-22.44.21:261][324]LogHotReload: New module detected: UE4Editor-BatteryCollector-2049.dll
[2018.11.23-22.44.22:296][328]LogHotReload: Starting Hot-Reload from IDE
[2018.11.23-22.44.22:684][328]LogContentBrowser: Native class hierarchy updated for 'BatteryCollector' in 0.0024 seconds. Added 3 classes and 2 folders.
[2018.11.23-22.44.22:688][328]Display: HotReload successful (0 functions remapped  0 scriptstructs remapped)
[2018.11.23-22.44.23:020][328]LogContentBrowser: Native class hierarchy populated in 0.0158 seconds. Added 2334 classes and 497 folders.
[2018.11.23-22.44.23:032][328]Display: HotReload took  0.7s.
[2018.11.23-23.03.21:897][880]LogAudio:Warning: Current Audio Device with ID {0.0.0.00000000}.{f2bb31e4-679d-4a1f-81e0-eed59e89600f} was removed. Shutting down audio device.
[2018.11.24-04.33.52:825][311]LogAudio:Warning: Current Audio Device with ID {0.0.0.00000000}.{f2bb31e4-679d-4a1f-81e0-eed59e89600f} was removed. Shutting down audio device.
[2018.11.24-04.33.55:723][319]LogAudio:Warning: Current Audio Device with ID {0.0.0.00000000}.{f2bb31e4-679d-4a1f-81e0-eed59e89600f} was removed. Shutting down audio device.
[2018.11.24-04.37.14:316][912]LogAudio:Warning: Current Audio Device with ID {0.0.0.00000000}.{f2bb31e4-679d-4a1f-81e0-eed59e89600f} was removed. Shutting down audio device.
[2018.11.24-04.44.09:773][223]LogWindowsTextInputMethodSystem:Display: IME system now deactivated.
[2018.11.24-04.44.10:392][224]Cmd: QUIT_EDITOR
[2018.11.24-04.44.11:264][224]LogExit: Preparing to exit.
[2018.11.24-04.44.12:971][224]LogDirectoryWatcher: A directory notification for 'C:/Users/hinds/Documents/Unreal Projects/BatteryCollector/Content/' was aborted.
[2018.11.24-04.44.13:490][224]LogExit: Editor shut down
[2018.11.24-04.44.13:566][224]LogExit: Transaction tracking system shut down
[2018.11.24-04.44.14:987][224]LogObj: Freed 0b from 0 cluster array pools.
[2018.11.24-04.44.14:989][224]LogExit: Object subsystem successfully closed.
[2018.11.24-04.44.15:098][224]LogD3D11RHI: Shutdown
[2018.11.24-04.44.15:099][224]LogD3D11RHI: CleanupD3DDevice
[2018.11.24-04.44.15:661][224]LogD3D11RHI: ~FD3D11DynamicRHI
