Log file open, 12/21/18 19:57:14
LogInit:Display: Running engine for game: BatteryCollector
LogPlatformFile: Not using cached read wrapper
LogInit:Display: RandInit(1349875986) SRandInit(1349875986).
LogTaskGraph: Started task graph with 5 named threads and 8 total threads with 1 sets of task threads.
LogStats: Stats thread started at 0.139873
LogInit: Using libcurl 7.47.1
LogInit:  - built for x86_64-pc-win32
LogInit:  - supports SSL with OpenSSL/1.0.2g
LogInit:  - supports HTTP deflate (compression) using libz 1.2.8
LogInit:  - other features:
LogInit:      CURL_VERSION_SSL
LogInit:      CURL_VERSION_LIBZ
LogInit:      CURL_VERSION_IPV6
LogInit:      CURL_VERSION_ASYNCHDNS
LogInit:      CURL_VERSION_LARGEFILE
LogInit:      CURL_VERSION_IDN
LogInit:  CurlRequestOptions (configurable via config and command line):
LogInit:  - bVerifyPeer = false  - Libcurl will NOT verify peer certificate
LogInit:  - bUseHttpProxy = false  - Libcurl will NOT use HTTP proxy
LogInit:  - bDontReuseConnections = false  - Libcurl will reuse connections
LogInit:  - CertBundlePath = nullptr  - Libcurl will use whatever was configured at build time.
LogInit: Build: ++UE4+Release-4.16-CL-3561208
LogInit: Engine Version: 4.16.3-3561208+++UE4+Release-4.16
LogInit: Compatible Engine Version: 4.16.0-3452394+++UE4+Release-4.16
LogInit: Net CL: 3452394
LogDevObjectVersion: Number of dev versions registered: 16
LogDevObjectVersion:   Dev-Blueprints (B0D832E4-1F89-4F0D-ACCF-7EB736FD4AA2): 9
LogDevObjectVersion:   Dev-Build (E1C64328-A22C-4D53-A36C-8E866417BD8C): 0
LogDevObjectVersion:   Dev-Core (375EC13C-06E4-48FB-B500-84F0262A717E): 2
LogDevObjectVersion:   Dev-Editor (E4B068ED-F494-42E9-A231-DA0B2E46BB41): 17
LogDevObjectVersion:   Dev-Framework (CFFC743F-43B0-4480-9391-14DF171D2073): 23
LogDevObjectVersion:   Dev-Mobile (B02B49B5-BB20-44E9-A304-32B752E40360): 0
LogDevObjectVersion:   Dev-Networking (A4E4105C-59A1-49B5-A7C5-40C4547EDFEE): 0
LogDevObjectVersion:   Dev-Online (39C831C9-5AE6-47DC-9A44-9C173E1C8E7C): 0
LogDevObjectVersion:   Dev-Physics (78F01B33-EBEA-4F98-B9B4-84EACCB95AA2): 0
LogDevObjectVersion:   Dev-Platform (6631380F-2D4D-43E0-8009-CF276956A95A): 0
LogDevObjectVersion:   Dev-Rendering (12F88B9F-8875-4AFC-A67C-D90C383ABD29): 15
LogDevObjectVersion:   Dev-Sequencer (7B5AE74C-D270-4C10-A958-57980B212A5A): 4
LogDevObjectVersion:   Dev-VR (D7296918-1DD6-4BDD-9DE2-64A83CC13884): 0
LogDevObjectVersion:   Dev-LoadTimes (C2A15278-BFE7-4AFE-6C17-90FF531DF755): 1
LogDevObjectVersion:   Private-Geometry (6EACA3D4-40EC-4CC1-B786-8BED09428FC5): 1
LogDevObjectVersion:   Dev-AnimPhys (29E575DD-E0A3-4627-9D10-D276232CDCEA): 3
LogInit: Compiled (64-bit): Jul 28 2017 11:49:47
LogInit: Compiled with Visual C++: 19.00.24215.01
LogInit: Build Configuration: Development
LogInit: Branch Name: ++UE4+Release-4.16
LogInit: Command line: -EpicPortal  -epiclocale=en-US
LogInit: Base directory: C:/Program Files/Epic Games/UE_4.16/Engine/Binaries/Win64/
LogInit: Installed Engine Build: 1
LogInit: Presizing for max 8388607 objects, including 0 objects not considered by GC, pre-allocating 0 bytes for permanent pool.
LogInit: Object subsystem initialized
[2018.12.22-03.57.15:278][  0]LogInit: Selected Device Profile: [Windows]
[2018.12.22-03.57.15:278][  0]LogInit: Applying CVar settings loaded from the selected device profile: [Windows]
[2018.12.22-03.57.15:317][  0]LogInit: Computer: LAPTOP-CJJL49NE
[2018.12.22-03.57.15:317][  0]LogInit: User: Robert
[2018.12.22-03.57.15:317][  0]LogInit: CPU Page size=4096, Cores=4
[2018.12.22-03.57.15:317][  0]LogInit: High frequency timer resolution =2.249999 MHz
[2018.12.22-03.57.15:318][  0]LogMemory: Memory total: Physical=7.9GB (8GB approx)
[2018.12.22-03.57.15:318][  0]LogMemory: Platform Memory Stats for Windows
[2018.12.22-03.57.15:318][  0]LogMemory: Process Physical Memory: 273.05 MB used, 273.05 MB peak
[2018.12.22-03.57.15:318][  0]LogMemory: Process Virtual Memory: 266.62 MB used, 266.62 MB peak
[2018.12.22-03.57.15:318][  0]LogMemory: Physical Memory: 6959.55 MB used,  1095.99 MB free, 8055.54 MB total
[2018.12.22-03.57.15:318][  0]LogMemory: Virtual Memory: 4779.68 MB used,  1095.99 MB free, 134217728.00 MB total
[2018.12.22-03.57.15:486][  0]LogInit: Using OS detected language (en-US).
[2018.12.22-03.57.15:486][  0]LogInit: Using OS detected locale (en-US).
[2018.12.22-03.57.15:559][  0]LogTextLocalizationManager: No specific localization for 'en-US' exists, so the 'en' localization will be used.
[2018.12.22-03.57.19:421][  0]LogD3D11RHI: D3D11 adapters:
[2018.12.22-03.57.19:502][  0]LogD3D11RHI:    0. 'NVIDIA GeForce GTX 960M' (Feature Level 11_0)
[2018.12.22-03.57.19:502][  0]LogD3D11RHI:       2010/0/4027 MB DedicatedVideo/DedicatedSystem/SharedSystem, Outputs:1, VendorId:0x10de
[2018.12.22-03.57.19:513][  0]LogD3D11RHI:    1. 'Intel(R) HD Graphics 530' (Feature Level 11_0)
[2018.12.22-03.57.19:513][  0]LogD3D11RHI:       128/0/4027 MB DedicatedVideo/DedicatedSystem/SharedSystem, Outputs:0, VendorId:0x8086
[2018.12.22-03.57.19:515][  0]LogD3D11RHI:    2. 'Microsoft Basic Render Driver' (Feature Level 11_0)
[2018.12.22-03.57.19:515][  0]LogD3D11RHI:       0/0/4027 MB DedicatedVideo/DedicatedSystem/SharedSystem, Outputs:0, VendorId:0x1414
[2018.12.22-03.57.19:515][  0]LogD3D11RHI: Chosen D3D11 Adapter: 0
[2018.12.22-03.57.19:551][  0]LogD3D11RHI: Creating new Direct3DDevice
[2018.12.22-03.57.19:551][  0]LogD3D11RHI:     GPU DeviceId: 0x139b (for the marketing name, search the web for "GPU Device Id")
[2018.12.22-03.57.19:551][  0]LogWindows: EnumDisplayDevices:
[2018.12.22-03.57.19:551][  0]LogWindows:    0. 'Intel(R) HD Graphics 530' (P:1 D:1)
[2018.12.22-03.57.19:551][  0]LogWindows:    1. 'Intel(R) HD Graphics 530' (P:0 D:0)
[2018.12.22-03.57.19:551][  0]LogWindows:    2. 'Intel(R) HD Graphics 530' (P:0 D:0)
[2018.12.22-03.57.19:551][  0]LogWindows: DebugString: GetVideoDriverDetailsInvalid PrimaryIsNotTheChoosenAdapter GetVideoDriverDetailsInvalid PrimaryIsNotTheChoosenAdapter GetVideoDriverDetailsInvalid PrimaryIsNotTheChoosenAdapter FoundDriverCount:0 
[2018.12.22-03.57.19:551][  0]LogD3D11RHI:     Adapter Name: NVIDIA GeForce GTX 960M
[2018.12.22-03.57.19:551][  0]LogD3D11RHI:   Driver Version: Unknown (internal:Unknown, unified:Unknown)
[2018.12.22-03.57.19:551][  0]LogD3D11RHI:      Driver Date: Unknown
[2018.12.22-03.57.19:551][  0]LogRHI: Texture pool is 1361 MB (70% of 1945 MB)
[2018.12.22-03.57.19:596][  0]LogD3D11RHI: Async texture creation enabled
[2018.12.22-03.57.19:615][  0]LogD3D11RHI: GPU Timing Frequency: 1000.000000 (Debug: 2 2)
[2018.12.22-03.57.19:617][  0]LogShaderCompilers: Guid format shader working directory is -27 characters bigger than the processId version (../../../../../../Users/hinds/Documents/Unreal Projects/BatteryCollector/Intermediate/Shaders/WorkingDirectory/11988/).
[2018.12.22-03.57.19:617][  0]LogShaderCompilers: Cleaned the shader compiler working directory 'C:/Users/hinds/AppData/Local/Temp/UnrealShaderWorkingDir/80A6C6784F4E78CEDBB9E49111AE5DE4/'.
[2018.12.22-03.57.19:617][  0]LogShaderCompilers:Display: Using Local Shader Compiler.
[2018.12.22-03.57.22:367][  0]LogTemp:Display: Loaded TP AllDesktopTargetPlatform
[2018.12.22-03.57.22:469][  0]LogTemp:Display: Loaded TP MacClientTargetPlatform
[2018.12.22-03.57.22:557][  0]LogTemp:Display: Loaded TP MacNoEditorTargetPlatform
[2018.12.22-03.57.22:649][  0]LogTemp:Display: Loaded TP MacServerTargetPlatform
[2018.12.22-03.57.22:751][  0]LogTemp:Display: Loaded TP MacTargetPlatform
[2018.12.22-03.57.22:846][  0]LogTemp:Display: Loaded TP WindowsClientTargetPlatform
[2018.12.22-03.57.22:934][  0]LogTemp:Display: Loaded TP WindowsNoEditorTargetPlatform
[2018.12.22-03.57.23:021][  0]LogTemp:Display: Loaded TP WindowsServerTargetPlatform
[2018.12.22-03.57.23:099][  0]LogTemp:Display: Loaded TP WindowsTargetPlatform
[2018.12.22-03.57.23:195][  0]LogTemp:Display: Loaded TP AndroidTargetPlatform
[2018.12.22-03.57.23:288][  0]LogTemp:Display: Loaded TP Android_ASTCTargetPlatform
[2018.12.22-03.57.23:381][  0]LogTemp:Display: Loaded TP Android_ATCTargetPlatform
[2018.12.22-03.57.23:472][  0]LogTemp:Display: Loaded TP Android_DXTTargetPlatform
[2018.12.22-03.57.23:572][  0]LogTemp:Display: Loaded TP Android_ETC1TargetPlatform
[2018.12.22-03.57.23:675][  0]LogTemp:Display: Loaded TP Android_ETC2TargetPlatform
[2018.12.22-03.57.23:853][  0]LogTemp:Display: Loaded TP Android_MultiTargetPlatform
[2018.12.22-03.57.23:853][  0]LogTemp:Display: Loaded TP Android_PVRTCTargetPlatform
[2018.12.22-03.57.23:929][  0]LogTemp:Display: Loaded TP HTML5TargetPlatform
[2018.12.22-03.57.24:085][  0]LogTemp:Display: Loaded TP IOSTargetPlatform
[2018.12.22-03.57.24:137][  0]LogTemp:Display: Loaded TP TVOSTargetPlatform
[2018.12.22-03.57.24:225][  0]LogTemp:Display: Loaded TP LinuxClientTargetPlatform
[2018.12.22-03.57.24:313][  0]LogTemp:Display: Loaded TP LinuxNoEditorTargetPlatform
[2018.12.22-03.57.24:400][  0]LogTemp:Display: Loaded TP LinuxServerTargetPlatform
[2018.12.22-03.57.24:521][  0]LogTemp:Display: Loaded TP LinuxTargetPlatform
[2018.12.22-03.57.24:521][  0]LogTargetPlatformManager:Display: Building Assets For Windows
[2018.12.22-03.57.25:495][  0]LogDerivedDataCache:Display: Max Cache Size: 512 MB
[2018.12.22-03.57.25:619][  0]LogDerivedDataCache: Loaded boot cache 0.12s 90MB C:/Users/hinds/AppData/Local/UnrealEngine/4.16/DerivedDataCache/Boot.ddc.
[2018.12.22-03.57.25:619][  0]LogDerivedDataCache:Display: Loaded Boot cache: C:/Users/hinds/AppData/Local/UnrealEngine/4.16/DerivedDataCache/Boot.ddc
[2018.12.22-03.57.25:619][  0]LogDerivedDataCache: FDerivedDataBackendGraph:  Pak pak cache file ../../../../../../Users/hinds/Documents/Unreal Projects/BatteryCollector/DerivedDataCache/DDC.ddp not found, will not use a pak cache.
[2018.12.22-03.57.25:619][  0]LogDerivedDataCache: Unable to find inner node Pak for hierarchical cache Hierarchy.
[2018.12.22-03.57.25:619][  0]LogDerivedDataCache: FDerivedDataBackendGraph:  CompressedPak pak cache file ../../../../../../Users/hinds/Documents/Unreal Projects/BatteryCollector/DerivedDataCache/Compressed.ddp not found, will not use a pak cache.
[2018.12.22-03.57.25:619][  0]LogDerivedDataCache: Unable to find inner node CompressedPak for hierarchical cache Hierarchy.
[2018.12.22-03.57.25:641][  0]LogDerivedDataCache:Display: Pak cache opened for reading ../../../Engine/DerivedDataCache/Compressed.ddp.
[2018.12.22-03.57.25:658][  0]LogDerivedDataCache: Using Local data cache path C:/Users/hinds/AppData/Local/UnrealEngine/Common/DerivedDataCache: Writable
[2018.12.22-03.57.25:673][  0]LogMaterial: Verifying Global Shaders for PCD3D_SM5
[2018.12.22-03.57.25:674][  0]LogSlate: Using Freetype 2.6.0
[2018.12.22-03.57.25:689][  0]LogSlate: SlateFontCache - WITH_FREETYPE: 1, WITH_HARFBUZZ: 1
[2018.12.22-03.57.25:689][  0]LogSlate: SlateFontCache - WITH_FREETYPE: 1, WITH_HARFBUZZ: 1
[2018.12.22-03.57.26:613][  0]LogInit: Selected Device Profile: [Windows]
[2018.12.22-03.57.26:708][  0]LogContentStreaming: Texture pool size is 0.00 MB
[2018.12.22-03.57.26:988][  0]LogMeshUtilities: Using QuadricMeshReduction for automatic static mesh reduction
[2018.12.22-03.57.27:088][  0]LogSimplygon: Simplygon DLL not present - disabling.
[2018.12.22-03.57.27:195][  0]LogMeshUtilities: Using SimplygonSwarm for distributed automatic mesh merging
[2018.12.22-03.57.27:195][  0]LogMeshUtilities: No automatic skeletal mesh reduction module available
[2018.12.22-03.57.27:195][  0]LogMeshUtilities: No automatic mesh merging module available
[2018.12.22-03.57.28:205][  0]LogNetVersion: BatteryCollector , NetCL: 3452394, EngineNetVer: 2, GameNetVer: 0 (Checksum: 1895910218)
[2018.12.22-03.57.28:315][  0]LogAssetRegistry: FAssetRegistry took 0.0284 seconds to start up
[2018.12.22-03.57.28:424][  0]LogPackageLocalizationCache: Processed 4 localized package path(s) for 2 prioritized culture(s) in 0.058478 seconds
[2018.12.22-03.57.28:434][  0]LogUObjectArray: 34194 objects as part of root set at end of initial load.
[2018.12.22-03.57.28:434][  0]LogUObjectAllocator: 7260416 out of 0 bytes used by permanent object pool.
[2018.12.22-03.57.28:434][  0]LogUObjectArray: CloseDisregardForGC: 0/0 objects in disregard for GC pool
[2018.12.22-03.57.28:606][  0]LogInit: WinSock: version 1.1 (2.2), MaxSocks=32767, MaxUdp=65467
[2018.12.22-03.57.36:523][  0]LogTcpMessaging: Initializing TcpMessaging bridge
[2018.12.22-03.57.36:603][  0]LogUdpMessaging: Initializing bridge on interface 0.0.0.0:0 to multicast group 230.0.0.1:6666.
[2018.12.22-03.57.38:235][  0]LogMaterial: Uniform references updated for custom material expression Custom.
[2018.12.22-03.57.38:983][  0]SourceControl: Info Source control is disabled
[2018.12.22-03.57.39:048][  0]SourceControl: Info Source control is disabled
[2018.12.22-03.57.39:134][  0]SourceControl: Info Source control is disabled
[2018.12.22-03.57.39:236][  0]SourceControl: Info Source control is disabled
[2018.12.22-03.57.40:821][  0]LogAndroidPermission: UAndroidPermissionCallbackProxy::GetInstance
[2018.12.22-03.57.42:174][  0]LogEngine: Initializing Engine...
[2018.12.22-03.57.42:175][  0]LogHMD: Failed to initialize OpenVR with code 110
[2018.12.22-03.57.42:538][  0]LogStats: UGameplayTagsManager::ConstructGameplayTagTree: Construct from data asset -  0.000 s
[2018.12.22-03.57.42:540][  0]LogStats: UGameplayTagsManager::ConstructGameplayTagTree: GameplayTagTreeChangedEvent.Broadcast -  0.000 s
[2018.12.22-03.57.43:142][  0]LogAIModule: Creating AISystem for world Untitled
[2018.12.22-03.57.43:303][  0]LogInit: XAudio2 using 'Speakers / Headphones (Realtek High Definition Audio)' : 2 channels at 48 kHz using 32 bits per sample (channel mask 0x3)
[2018.12.22-03.57.43:556][  0]LogInit: FAudioDevice initialized.
[2018.12.22-03.57.43:888][  0]LogDerivedDataCache: Saved boot cache 0.33s 90MB C:/Users/hinds/AppData/Local/UnrealEngine/4.16/DerivedDataCache/Boot.ddc.
[2018.12.22-03.57.44:100][  0]LogInit: Texture streaming: Enabled
[2018.12.22-03.57.44:353][  0]LogEngineSessionManager: EngineSessionManager initialized
[2018.12.22-03.57.44:988][  0]LogInit: Transaction tracking system initialized
[2018.12.22-03.57.45:712][  0]BlueprintLog: New page: Editor Load
[2018.12.22-03.57.47:887][  0]LocalizationService: Info Localization service is disabled
[2018.12.22-03.57.49:402][  0]LogConsoleResponse:Display: 
[2018.12.22-03.57.50:149][  0]LogCook:Display: Max memory allowance for cook 16384mb min free memory 0mb
[2018.12.22-03.57.50:150][  0]LogCook:Display: Mobile HDR setting 1
[2018.12.22-03.57.50:203][  0]LogFileCache: Scanning file cache for directory 'C:/Users/hinds/Documents/Unreal Projects/BatteryCollector/Content/' took 0.02s
[2018.12.22-03.57.52:880][  0]SourceControl: Info Source control is disabled
[2018.12.22-03.57.52:883][  0]Cmd: MAP LOAD FILE="../../../../../../Users/hinds/Documents/Unreal Projects/BatteryCollector/Content/Maps/CollectionLevel.umap" TEMPLATE=0 SHOWPROGRESS=1 FEATURELEVEL=3
[2018.12.22-03.57.52:893][  0]LightingResults: New page: Lighting Build
[2018.12.22-03.57.53:055][  0]MapCheck: New page: Map Check
[2018.12.22-03.57.53:055][  0]LightingResults: New page: Lighting Build
[2018.12.22-03.57.56:279][  0]LogAIModule: Creating AISystem for world CollectionLevel
[2018.12.22-03.57.56:340][  0]LogEditorServer: Finished looking for orphan Actors (0.000 secs)
[2018.12.22-03.57.56:389][  0]Cmd: MAP CHECKDEP NOCLEARLOG
[2018.12.22-03.57.56:507][  0]MapCheck: Info Map check complete: 0 Error(s), 0 Warning(s), took 116.887ms to complete.
[2018.12.22-03.57.56:507][  0]LogFileHelpers: Loading map 'CollectionLevel' took 3.625
[2018.12.22-03.57.56:968][  0]LogCollectionManager: Loaded 0 collections in 0.002391 seconds
[2018.12.22-03.57.57:158][  0]LogFileCache: Scanning file cache for directory 'C:/Users/hinds/Documents/Unreal Projects/BatteryCollector/Saved/Collections/' took 0.01s
[2018.12.22-03.57.57:158][  0]LogFileCache: Scanning file cache for directory 'C:/Users/hinds/Documents/Unreal Projects/BatteryCollector/Content/Developers/Robert/Collections/' took 0.01s
[2018.12.22-03.57.57:158][  0]LogFileCache: Scanning file cache for directory 'C:/Users/hinds/Documents/Unreal Projects/BatteryCollector/Content/Collections/' took 0.02s
[2018.12.22-03.57.57:158][  0]LogCollectionManager: Rebuilt the GUID cache for 0 collections in 0.000003 seconds
[2018.12.22-03.57.57:182][  0]LogContentBrowser: Native class hierarchy populated in 0.0216 seconds. Added 2332 classes and 493 folders.
[2018.12.22-03.57.57:353][  0]LogContentBrowser: Native class hierarchy updated for 'WidgetCarousel' in 0.0020 seconds. Added 0 classes and 0 folders.
[2018.12.22-03.57.58:162][  0]LogContentBrowser: Native class hierarchy updated for 'AddContentDialog' in 0.0040 seconds. Added 0 classes and 0 folders.
[2018.12.22-03.57.58:301][  0]LogContentBrowser: Native class hierarchy updated for 'SceneOutliner' in 0.0024 seconds. Added 1 classes and 2 folders.
[2018.12.22-03.57.58:557][  0]LogCrashTracker: Crashtracker disabled due to settings.
[2018.12.22-03.57.58:627][  0]LogUObjectGlobals:Warning: Failed to find object 'Class None.'
[2018.12.22-03.57.58:888][  0]LogContentBrowser: Native class hierarchy updated for 'HierarchicalLODOutliner' in 0.0027 seconds. Added 1 classes and 2 folders.
[2018.12.22-03.57.58:888][  0]LogLoad: (Engine Initialization) Total time: 47.37 seconds
[2018.12.22-03.57.58:888][  0]LogLoad: (Engine Initialization) Total Blueprint compile time: 0.81 seconds
[2018.12.22-03.57.58:889][  0]LogExternalProfiler: Found external profiler: VSPerf
[2018.12.22-03.57.58:889][  0]LogExternalProfiler: Using external profiler: VSPerf
[2018.12.22-03.57.59:235][  0]LogOcInput: OculusInput pre-init called
[2018.12.22-03.57.59:235][  0]LogHMD: Starting GearVRController plugin
[2018.12.22-03.57.59:358][  0]LogContentStreaming: Texture pool size now 1000 MB
[2018.12.22-03.57.59:439][  0]LogSlate: Took 0.014493 seconds to synchronously load lazily loaded font '../../../Engine/Content/Slate/Fonts/Roboto-Regular.ttf' (155K)
[2018.12.22-03.57.59:456][  0]LogSlate: Took 0.014312 seconds to synchronously load lazily loaded font '../../../Engine/Content/Slate/Fonts/Roboto-Bold.ttf' (160K)
[2018.12.22-03.57.59:539][  0]LogSlate: Took 0.017157 seconds to synchronously load lazily loaded font '../../../Engine/Content/Editor/Slate/Fonts/FontAwesome.ttf' (139K)
[2018.12.22-03.58.00:235][  0]LogSlate: Took 0.011329 seconds to synchronously load lazily loaded font '../../../Engine/Content/Slate/Fonts/Roboto-Light.ttf' (159K)
[2018.12.22-03.58.00:309][  1]LogRenderer: Reallocating scene render targets to support 648x392 NumSamples 1 (Frame:1).
[2018.12.22-03.58.01:039][  3]LogAssetRegistry: Asset discovery search completed in 32.7474 seconds
[2018.12.22-03.58.01:075][  3]LogCollectionManager: Rebuilt the object cache for 0 collections in 0.000000 seconds (found 0 objects)
[2018.12.22-03.58.01:075][  3]LogCollectionManager: Fixed up redirectors for 0 collections in 0.000228 seconds (updated 0 objects)
[2018.12.22-04.07.11:953][893]LogSlate: Took 0.085399 seconds to synchronously load lazily loaded font '../../../Engine/Content/Slate/Fonts/Roboto-Light.ttf' (159K)
[2018.12.22-04.07.12:122][893]LogSlate: Took 0.040072 seconds to synchronously load lazily loaded font '../../../Engine/Content/Editor/Slate/Fonts/Roboto-BoldCondensed.ttf' (158K)
[2018.12.22-04.08.30:695][106]Running C:/Program Files/Epic Games/UE_4.16/Engine/Binaries/DotNET/UnrealBuildTool.exe  -projectfiles -project="C:/Users/hinds/Documents/Unreal Projects/BatteryCollector/BatteryCollector.uproject" -game -rocket -progress
[2018.12.22-04.08.31:114][106]Discovering modules, targets and source code for project...
[2018.12.22-04.08.36:054][106]LogSlate: Took 0.006947 seconds to synchronously load lazily loaded font '../../../Engine/Content/Slate/Fonts/Roboto-Regular.ttf' (155K)
[2018.12.22-04.08.38:191][106]LogVSAccessor:Warning: Couldn't access Visual Studio
[2018.12.22-04.08.38:210][106]Candidate modules for hot reload:
[2018.12.22-04.08.38:210][106]  BatteryCollector
[2018.12.22-04.08.38:210][106]Launching UnrealBuildTool... [C:/Program Files/Epic Games/UE_4.16/Engine/Binaries/DotNET/UnrealBuildTool.exe BatteryCollector -ModuleWithSuffix BatteryCollector 8621 Win64 Development -editorrecompile -canskiplink "C:/Users/hinds/Documents/Unreal Projects/BatteryCollector/BatteryCollector.uproject" ]
[2018.12.22-04.09.43:617][106]CompilerResultsLog: New page: Compilation - Dec 21, 2018, 12:09:43 PM
[2018.12.22-04.09.43:617][106]CompilerResultsLog: Info Compiling game modules for hot reload
[2018.12.22-04.09.43:617][106]CompilerResultsLog: Info Parsing headers for BatteryCollectorEditor
[2018.12.22-04.09.43:617][106]CompilerResultsLog: Info   Running UnrealHeaderTool "C:\Users\hinds\Documents\Unreal Projects\BatteryCollector\BatteryCollector.uproject" "C:\Users\hinds\Documents\Unreal Projects\BatteryCollector\Intermediate\Build\Win64\BatteryCollectorEditor\Development\BatteryCollectorEditor.uhtmanifest" -LogCmds="loginit warning, logexit warning, logdatabase error" -Unattended -WarningsAsErrors -installed
[2018.12.22-04.09.43:617][106]CompilerResultsLog: Info Reflection code generated for BatteryCollectorEditor in 8.9452995 seconds
[2018.12.22-04.09.43:617][106]CompilerResultsLog: Info Performing 4 actions (4 in parallel)
[2018.12.22-04.09.43:617][106]CompilerResultsLog: Info BatteryCollector.generated.cpp
[2018.12.22-04.09.43:617][106]CompilerResultsLog: Info BatteryPickup.cpp
[2018.12.22-04.09.43:617][106]CompilerResultsLog: Info [3/4] Link UE4Editor-BatteryCollector-8621.dll
[2018.12.22-04.09.43:617][106]CompilerResultsLog: Info [4/4] Link UE4Editor-BatteryCollector-8621.lib
[2018.12.22-04.09.43:617][106]CompilerResultsLog: Info    Creating library C:\Users\hinds\Documents\Unreal Projects\BatteryCollector\Intermediate\Build\Win64\UE4Editor\Development\UE4Editor-BatteryCollector-8621.lib and object C:\Users\hinds\Documents\Unreal Projects\BatteryCollector\Intermediate\Build\Win64\UE4Editor\Development\UE4Editor-BatteryCollector-8621.exp
[2018.12.22-04.09.43:617][106]CompilerResultsLog: Info    Creating library C:\Users\hinds\Documents\Unreal Projects\BatteryCollector\Intermediate\Build\Win64\UE4Editor\Development\UE4Editor-BatteryCollector-8621.suppressed.lib and object C:\Users\hinds\Documents\Unreal Projects\BatteryCollector\Intermediate\Build\Win64\UE4Editor\Development\UE4Editor-BatteryCollector-8621.suppressed.exp
[2018.12.22-04.09.43:617][106]CompilerResultsLog: Info Total build time: 65.10 seconds (Local executor: 9.18 seconds)
[2018.12.22-04.09.43:618][106]LogMainFrame: MainFrame: Module compiling took 65.427 seconds
[2018.12.22-04.09.43:879][106]LogClass: Could not find existing class BatteryPickup in package /Script/BatteryCollector for HotReload, assuming new class
[2018.12.22-04.09.43:884][106]LogContentBrowser: Native class hierarchy updated for 'BatteryCollector' in 0.0023 seconds. Added 4 classes and 2 folders.
[2018.12.22-04.09.43:886][106]Display: HotReload successful (2 functions remapped  0 scriptstructs remapped)
[2018.12.22-04.09.43:993][106]LogContentBrowser: Native class hierarchy populated in 0.0157 seconds. Added 2335 classes and 497 folders.
[2018.12.22-04.09.44:000][106]Display: HotReload took 65.8s.
[2018.12.22-04.09.44:003][106]Warning: HotReload operation took 65.8s.
[2018.12.22-04.09.44:136][106]LogHotReload: New module detected: UE4Editor-BatteryCollector-8621.dll
[2018.12.22-04.09.44:209][107]LogHotReload: Starting Hot-Reload from IDE
[2018.12.22-04.09.44:472][107]LogContentBrowser: Native class hierarchy updated for 'BatteryCollector' in 0.0022 seconds. Added 4 classes and 2 folders.
[2018.12.22-04.09.44:474][107]Display: HotReload successful (0 functions remapped  0 scriptstructs remapped)
[2018.12.22-04.09.44:489][107]LogContentBrowser: Native class hierarchy populated in 0.0129 seconds. Added 2335 classes and 497 folders.
[2018.12.22-04.09.44:498][107]Display: HotReload took  0.3s.
[2018.12.22-04.10.05:584][929]LogVSAccessor:Warning: Visual Studio is open but could not be queried - it may be blocked by a modal operation
[2018.12.22-04.10.05:601][930]LogVSAccessor:Warning: Visual Studio is open but could not be queried - it may be blocked by a modal operation
[2018.12.22-04.10.07:637][931]LogVSAccessor:Warning: Couldn't goto line number '0' in 'C:/Users/hinds/Documents/Unreal Projects/BatteryCollector/Source/BatteryCollector/BatteryPickup.h'
[2018.12.22-04.10.07:784][931]LogVSAccessor:Warning: Couldn't goto line number '0' in 'C:/Users/hinds/Documents/Unreal Projects/BatteryCollector/Source/BatteryCollector/BatteryPickup.cpp'
[2018.12.22-04.28.08:500][937]Candidate modules for hot reload:
[2018.12.22-04.28.08:500][937]  BatteryCollector
[2018.12.22-04.28.08:500][937]Launching UnrealBuildTool... [C:/Program Files/Epic Games/UE_4.16/Engine/Binaries/DotNET/UnrealBuildTool.exe BatteryCollector -ModuleWithSuffix BatteryCollector 4377 Win64 Development -editorrecompile -canskiplink "C:/Users/hinds/Documents/Unreal Projects/BatteryCollector/BatteryCollector.uproject" ]
[2018.12.22-04.28.08:506][937]Warning: Starting HotReload took  0.0s.
[2018.12.22-04.29.18:945][948]CompilerResultsLog: New page: Compilation - Dec 21, 2018, 12:29:18 PM
[2018.12.22-04.29.18:945][948]CompilerResultsLog: Info Compiling game modules for hot reload
[2018.12.22-04.29.18:945][948]CompilerResultsLog: Info Parsing headers for BatteryCollectorEditor
[2018.12.22-04.29.18:945][948]CompilerResultsLog: Info   Running UnrealHeaderTool "C:\Users\hinds\Documents\Unreal Projects\BatteryCollector\BatteryCollector.uproject" "C:\Users\hinds\Documents\Unreal Projects\BatteryCollector\Intermediate\Build\Win64\BatteryCollectorEditor\Development\BatteryCollectorEditor.uhtmanifest" -LogCmds="loginit warning, logexit warning, logdatabase error" -Unattended -WarningsAsErrors -installed
[2018.12.22-04.29.18:945][948]CompilerResultsLog: Info Reflection code generated for BatteryCollectorEditor in 9.3645806 seconds
[2018.12.22-04.29.18:945][948]CompilerResultsLog:Error: Error C:\Users\hinds\Documents\Unreal Projects\BatteryCollector\Source\BatteryCollector\BatteryPickup.cpp(1) : error: Expected BatteryPickup.h to be first header included.
[2018.12.22-04.29.18:945][948]CompilerResultsLog: Info Build canceled.
[2018.12.22-04.29.18:945][948]LogMainFrame: MainFrame: Module compiling took 70.453 seconds
[2018.12.22-04.29.18:946][948]Warning: HotReload failed, recompile failed
[2018.12.22-04.29.40:951][126]LogWindowsTextInputMethodSystem:Display: IME system now deactivated.
[2018.12.22-04.29.41:632][127]Cmd: QUIT_EDITOR
[2018.12.22-04.29.41:885][127]LogExit: Preparing to exit.
[2018.12.22-04.29.43:279][127]LogDirectoryWatcher: A directory notification for 'C:/Users/hinds/Documents/Unreal Projects/BatteryCollector/Content/' was aborted.
[2018.12.22-04.29.43:684][127]LogExit: Editor shut down
[2018.12.22-04.29.43:772][127]LogExit: Transaction tracking system shut down
[2018.12.22-04.29.44:017][127]LogObj: Freed 0b from 0 cluster array pools.
[2018.12.22-04.29.44:018][127]LogExit: Object subsystem successfully closed.
[2018.12.22-04.29.44:071][127]LogD3D11RHI: Shutdown
[2018.12.22-04.29.44:071][127]LogD3D11RHI: CleanupD3DDevice
[2018.12.22-04.29.44:222][127]LogD3D11RHI: ~FD3D11DynamicRHI
[2018.12.22-04.29.44:252][127]LogModuleManager: Shutting down and abandoning module BatteryCollector (528)
[2018.12.22-04.29.44:252][127]LogModuleManager: Shutting down and abandoning module HierarchicalLODOutliner (526)
[2018.12.22-04.29.44:252][127]LogModuleManager: Shutting down and abandoning module CrashTracker (524)
[2018.12.22-04.29.44:254][127]LogModuleManager: Shutting down and abandoning module SceneOutliner (522)
[2018.12.22-04.29.44:254][127]LogModuleManager: Shutting down and abandoning module AddContentDialog (520)
[2018.12.22-04.29.44:255][127]LogDirectoryWatcher: A directory notification for 'C:/Program Files/Epic Games/UE_4.16/FeaturePacks/' was aborted.
[2018.12.22-04.29.44:278][127]LogModuleManager: Shutting down and abandoning module WidgetCarousel (519)
[2018.12.22-04.29.44:278][127]LogModuleManager: Shutting down and abandoning module EditorWidgets (516)
[2018.12.22-04.29.44:278][127]LogModuleManager: Shutting down and abandoning module CollectionManager (514)
[2018.12.22-04.29.44:278][127]LogDirectoryWatcher: A directory notification for 'C:/Users/hinds/Documents/Unreal Projects/BatteryCollector/Content/Collections/' was aborted.
[2018.12.22-04.29.44:278][127]LogDirectoryWatcher: A directory notification for 'C:/Users/hinds/Documents/Unreal Projects/BatteryCollector/Content/Developers/Robert/Collections/' was aborted.
[2018.12.22-04.29.44:278][127]LogDirectoryWatcher: A directory notification for 'C:/Users/hinds/Documents/Unreal Projects/BatteryCollector/Saved/Collections/' was aborted.
[2018.12.22-04.29.44:278][127]LogModuleManager: Shutting down and abandoning module StatsViewer (512)
[2018.12.22-04.29.44:279][127]LogModuleManager: Shutting down and abandoning module FoliageEdit (510)
[2018.12.22-04.29.44:282][127]LogModuleManager: Shutting down and abandoning module LandscapeEditor (508)
[2018.12.22-04.29.44:282][127]LogModuleManager: Shutting down and abandoning module MeshPaintMode (506)
[2018.12.22-04.29.44:282][127]LogModuleManager: Shutting down and abandoning module SceneDepthPickerMode (504)
[2018.12.22-04.29.44:282][127]LogModuleManager: Shutting down and abandoning module ActorPickerMode (502)
[2018.12.22-04.29.44:282][127]LogModuleManager: Shutting down and abandoning module GeometryMode (500)
[2018.12.22-04.29.44:282][127]LogModuleManager: Shutting down and abandoning module TextureAlignMode (498)
[2018.12.22-04.29.44:282][127]LogModuleManager: Shutting down and abandoning module BspMode (496)
[2018.12.22-04.29.44:282][127]LogModuleManager: Shutting down and abandoning module HardwareSurvey (494)
[2018.12.22-04.29.44:282][127]LogModuleManager: Shutting down and abandoning module SequenceRecorderSections (492)
[2018.12.22-04.29.44:282][127]LogModuleManager: Shutting down and abandoning module AutomationWorker (490)
[2018.12.22-04.29.44:282][127]LogModuleManager: Shutting down and abandoning module MatineeToLevelSequence (488)
[2018.12.22-04.29.44:282][127]LogModuleManager: Shutting down and abandoning module LevelSequenceEditor (486)
[2018.12.22-04.29.44:282][127]LogModuleManager: Shutting down and abandoning module PlacementMode (485)
[2018.12.22-04.29.44:282][127]LogModuleManager: Shutting down and abandoning module WmfMediaFactory (482)
[2018.12.22-04.29.44:282][127]LogModuleManager: Shutting down and abandoning module WmfMediaEditor (480)
[2018.12.22-04.29.44:282][127]LogModuleManager: Shutting down and abandoning module AvfMediaFactory (478)
[2018.12.22-04.29.44:282][127]LogModuleManager: Shutting down and abandoning module AvfMediaEditor (476)
[2018.12.22-04.29.44:282][127]LogModuleManager: Shutting down and abandoning module AndroidMediaFactory (474)
[2018.12.22-04.29.44:282][127]LogModuleManager: Shutting down and abandoning module Media (473)
[2018.12.22-04.29.44:282][127]LogModuleManager: Shutting down and abandoning module AndroidMediaEditor (470)
[2018.12.22-04.29.44:282][127]LogModuleManager: Shutting down and abandoning module CharacterAI (468)
[2018.12.22-04.29.44:282][127]LogModuleManager: Shutting down and abandoning module AudioCapture (466)
[2018.12.22-04.29.44:282][127]LogModuleManager: Shutting down and abandoning module SequenceRecorder (465)
[2018.12.22-04.29.44:282][127]LogModuleManager: Shutting down and abandoning module SmartSnapping (462)
[2018.12.22-04.29.44:283][127]LogModuleManager: Shutting down and abandoning module SessionServices (460)
[2018.12.22-04.29.44:283][127]LogModuleManager: Shutting down and abandoning module ViewportSnapping (458)
[2018.12.22-04.29.44:283][127]LogModuleManager: Shutting down and abandoning module ViewportInteraction (456)
[2018.12.22-04.29.44:283][127]LogModuleManager: Shutting down and abandoning module ClothPainter (454)
[2018.12.22-04.29.44:284][127]LogModuleManager: Shutting down and abandoning module LogVisualizer (452)
[2018.12.22-04.29.44:284][127]LogModuleManager: Shutting down and abandoning module IntroTutorials (450)
[2018.12.22-04.29.44:284][127]LogModuleManager: Shutting down and abandoning module GameProjectGeneration (449)
[2018.12.22-04.29.44:284][127]LogModuleManager: Shutting down and abandoning module EditorLiveStreaming (446)
[2018.12.22-04.29.44:284][127]LogModuleManager: Shutting down and abandoning module IOSPlatformEditor (444)
[2018.12.22-04.29.44:284][127]LogModuleManager: Shutting down and abandoning module HTML5PlatformEditor (442)
[2018.12.22-04.29.44:284][127]LogModuleManager: Shutting down and abandoning module AndroidPlatformEditor (440)
[2018.12.22-04.29.44:284][127]LogModuleManager: Shutting down and abandoning module AndroidDeviceDetection (439)
[2018.12.22-04.29.45:602][127]LogModuleManager: Shutting down and abandoning module IOSRuntimeSettings (436)
[2018.12.22-04.29.45:603][127]LogModuleManager: Shutting down and abandoning module AndroidRuntimeSettings (434)
[2018.12.22-04.29.45:603][127]LogModuleManager: Shutting down and abandoning module InputBindingEditor (432)
[2018.12.22-04.29.45:603][127]LogModuleManager: Shutting down and abandoning module MergeActors (430)
[2018.12.22-04.29.45:603][127]LogModuleManager: Shutting down and abandoning module SizeMap (428)
[2018.12.22-04.29.45:603][127]LogModuleManager: Shutting down and abandoning module TreeMap (426)
[2018.12.22-04.29.45:603][127]LogModuleManager: Shutting down and abandoning module ReferenceViewer (424)
[2018.12.22-04.29.45:603][127]LogModuleManager: Shutting down and abandoning module LocalizationDashboard (422)
[2018.12.22-04.29.45:605][127]LogModuleManager: Shutting down and abandoning module LocalizationService (421)
[2018.12.22-04.29.45:605][127]LogModuleManager: Shutting down and abandoning module HardwareTargeting (418)
[2018.12.22-04.29.45:605][127]LogModuleManager: Shutting down and abandoning module DeviceProfileEditor (416)
[2018.12.22-04.29.45:633][127]LogModuleManager: Shutting down and abandoning module UndoHistory (414)
[2018.12.22-04.29.45:633][127]LogModuleManager: Shutting down and abandoning module UserFeedback (412)
[2018.12.22-04.29.45:633][127]LogModuleManager: Shutting down and abandoning module XmlParser (410)
[2018.12.22-04.29.45:633][127]LogModuleManager: Shutting down and abandoning module Blutility (408)
[2018.12.22-04.29.45:633][127]LogModuleManager: Shutting down and abandoning module ProjectSettingsViewer (406)
[2018.12.22-04.29.45:634][127]LogModuleManager: Shutting down and abandoning module ProjectTargetPlatformEditor (405)
[2018.12.22-04.29.45:634][127]LogModuleManager: Shutting down and abandoning module EditorSettingsViewer (402)
[2018.12.22-04.29.45:635][127]LogModuleManager: Shutting down and abandoning module SettingsEditor (400)
[2018.12.22-04.29.45:635][127]LogModuleManager: Shutting down and abandoning module ProjectLauncher (398)
[2018.12.22-04.29.45:635][127]LogModuleManager: Shutting down and abandoning module SessionFrontend (396)
[2018.12.22-04.29.45:635][127]LogModuleManager: Shutting down and abandoning module ProfilerClient (394)
[2018.12.22-04.29.45:635][127]LogModuleManager: Shutting down and abandoning module DeviceManager (392)
[2018.12.22-04.29.45:635][127]LogModuleManager: Shutting down and abandoning module TargetDeviceServices (391)
[2018.12.22-04.29.45:690][127]LogModuleManager: Shutting down and abandoning module AutomationController (388)
[2018.12.22-04.29.45:690][127]LogModuleManager: Shutting down and abandoning module AutomationWindow (386)
[2018.12.22-04.29.45:690][127]LogModuleManager: Shutting down and abandoning module Layers (384)
[2018.12.22-04.29.45:690][127]LogModuleManager: Shutting down and abandoning module ComponentVisualizers (382)
[2018.12.22-04.29.45:690][127]LogModuleManager: Shutting down and abandoning module DetailCustomizations (380)
[2018.12.22-04.29.45:690][127]LogModuleManager: Shutting down and abandoning module PackagesDialog (378)
[2018.12.22-04.29.45:690][127]LogModuleManager: Shutting down and abandoning module Persona (376)
[2018.12.22-04.29.45:690][127]LogModuleManager: Shutting down and abandoning module AdvancedPreviewScene (375)
[2018.12.22-04.29.45:690][127]LogModuleManager: Shutting down and abandoning module AnimGraph (373)
[2018.12.22-04.29.45:691][127]LogModuleManager: Shutting down and abandoning module Kismet (370)
[2018.12.22-04.29.45:692][127]LogModuleManager: Shutting down and abandoning module ClassViewer (368)
[2018.12.22-04.29.45:694][127]LogModuleManager: Shutting down and abandoning module Toolbox (366)
[2018.12.22-04.29.45:694][127]LogModuleManager: Shutting down and abandoning module ModuleUI (364)
[2018.12.22-04.29.45:694][127]LogModuleManager: Shutting down and abandoning module MovieSceneTools (362)
[2018.12.22-04.29.45:694][127]LogModuleManager: Shutting down and abandoning module OutputLog (360)
[2018.12.22-04.29.45:694][127]LogModuleManager: Shutting down and abandoning module GammaUI (358)
[2018.12.22-04.29.45:694][127]LogModuleManager: Shutting down and abandoning module Documentation (356)
[2018.12.22-04.29.45:695][127]LogModuleManager: Shutting down and abandoning module MovieSceneTracks (354)
[2018.12.22-04.29.45:695][127]LogModuleManager: Shutting down and abandoning module MovieScene (352)
[2018.12.22-04.29.45:695][127]LogModuleManager: Shutting down and abandoning module Niagara (350)
[2018.12.22-04.29.45:695][127]LogModuleManager: Shutting down and abandoning module NiagaraEditor (349)
[2018.12.22-04.29.45:695][127]LogModuleManager: Shutting down and abandoning module StreamingPauseRendering (346)
[2018.12.22-04.29.45:695][127]LogModuleManager: Shutting down and abandoning module AnalyticsET (344)
[2018.12.22-04.29.45:695][127]LogModuleManager: Shutting down and abandoning module PortalServices (342)
[2018.12.22-04.29.45:695][127]LogModuleManager: Shutting down and abandoning module PortalRpc (340)
[2018.12.22-04.29.45:695][127]LogModuleManager: Shutting down and abandoning module MessagingRpc (338)
[2018.12.22-04.29.45:695][127]LogModuleManager: Shutting down and abandoning module AIModule (336)
[2018.12.22-04.29.45:695][127]LogModuleManager: Shutting down and abandoning module GameplayDebugger (335)
[2018.12.22-04.29.45:695][127]LogModuleManager: Shutting down and abandoning module AITestSuite (333)
[2018.12.22-04.29.45:695][127]LogModuleManager: Shutting down and abandoning module ProfilerService (330)
[2018.12.22-04.29.45:852][127]LogModuleManager: Shutting down and abandoning module TaskGraph (328)
[2018.12.22-04.29.45:852][127]LogModuleManager: Shutting down and abandoning module SteamVRController (326)
[2018.12.22-04.29.45:852][127]LogModuleManager: Shutting down and abandoning module SteamVR (324)
[2018.12.22-04.29.45:852][127]LogModuleManager: Shutting down and abandoning module ProceduralMeshComponentEditor (322)
[2018.12.22-04.29.45:854][127]LogModuleManager: Shutting down and abandoning module ProceduralMeshComponent (320)
[2018.12.22-04.29.45:854][127]LogModuleManager: Shutting down and abandoning module OculusLibrary (318)
[2018.12.22-04.29.45:854][127]LogModuleManager: Shutting down and abandoning module OculusInput (316)
[2018.12.22-04.29.45:854][127]LogModuleManager: Shutting down and abandoning module MobilePatchingUtils (314)
[2018.12.22-04.29.45:854][127]LogModuleManager: Shutting down and abandoning module CustomMeshComponent (312)
[2018.12.22-04.29.45:854][127]LogModuleManager: Shutting down and abandoning module CableComponent (310)
[2018.12.22-04.29.45:854][127]LogModuleManager: Shutting down and abandoning module ArchVisCharacter (308)
[2018.12.22-04.29.45:854][127]LogModuleManager: Shutting down and abandoning module AndroidPermission (306)
[2018.12.22-04.29.45:854][127]LogModuleManager: Shutting down and abandoning module MediaPlayerEditor (302)
[2018.12.22-04.29.45:854][127]LogModuleManager: Shutting down and abandoning module HTML5Networking (300)
[2018.12.22-04.29.45:854][127]LogModuleManager: Shutting down and abandoning module AlembicImporter (298)
[2018.12.22-04.29.45:854][127]LogModuleManager: Shutting down and abandoning module AlembicLibrary (297)
[2018.12.22-04.29.45:854][127]LogModuleManager: Shutting down and abandoning module GeometryCache (296)
[2018.12.22-04.29.45:854][127]LogModuleManager: Shutting down and abandoning module GeometryCacheEd (295)
[2018.12.22-04.29.45:854][127]LogModuleManager: Shutting down and abandoning module SuperSearchEditor (290)
[2018.12.22-04.29.45:854][127]LogModuleManager: Shutting down and abandoning module SuperSearch (289)
[2018.12.22-04.29.45:854][127]LogModuleManager: Shutting down and abandoning module SpeedTreeImporter (286)
[2018.12.22-04.29.45:854][127]LogModuleManager: Shutting down and abandoning module PluginBrowser (284)
[2018.12.22-04.29.45:854][127]LogModuleManager: Shutting down and abandoning module MobileLauncherProfileWizard (282)
[2018.12.22-04.29.45:854][127]LogModuleManager: Shutting down and abandoning module VisualStudioSourceCodeAccess (280)
[2018.12.22-04.29.45:854][127]LogModuleManager: Shutting down and abandoning module DesktopPlatform (279)
[2018.12.22-04.29.45:854][127]LogModuleManager: Shutting down and abandoning module UObjectPlugin (276)
[2018.12.22-04.29.45:854][127]LogModuleManager: Shutting down and abandoning module SubversionSourceControl (274)
[2018.12.22-04.29.45:854][127]LogModuleManager: Shutting down and abandoning module PerforceSourceControl (272)
[2018.12.22-04.29.45:854][127]LogModuleManager: Shutting down and abandoning module GitSourceControl (270)
[2018.12.22-04.29.45:854][127]LogModuleManager: Shutting down and abandoning module SourceControl (269)
[2018.12.22-04.29.45:854][127]LogModuleManager: Shutting down and abandoning module LightPropagationVolumeEditor (266)
[2018.12.22-04.29.45:854][127]LogModuleManager: Shutting down and abandoning module PaperTiledImporter (264)
[2018.12.22-04.29.45:854][127]LogModuleManager: Shutting down and abandoning module PaperSpriteSheetImporter (262)
[2018.12.22-04.29.45:854][127]LogModuleManager: Shutting down and abandoning module Paper2DEditor (260)
[2018.12.22-04.29.45:854][127]LogModuleManager: Shutting down and abandoning module MeshPaint (259)
[2018.12.22-04.29.45:854][127]LogModuleManager: Shutting down and abandoning module LevelEditor (257)
[2018.12.22-04.29.45:856][127]LogModuleManager: Shutting down and abandoning module PixelInspectorModule (256)
[2018.12.22-04.29.45:857][127]LogModuleManager: Shutting down and abandoning module MainFrame (254)
[2018.12.22-04.29.45:857][127]LogModuleManager: Shutting down and abandoning module HotReload (253)
[2018.12.22-04.29.45:857][127]LogDirectoryWatcher: A directory notification for 'C:/Users/hinds/Documents/Unreal Projects/BatteryCollector/Binaries/Win64' was aborted.
[2018.12.22-04.29.45:857][127]LogModuleManager: Shutting down and abandoning module PhysXVehiclesEditor (246)
[2018.12.22-04.29.45:857][127]LogModuleManager: Shutting down and abandoning module PhysXVehicles (244)
[2018.12.22-04.29.45:857][127]LogModuleManager: Shutting down and abandoning module LocationServicesBPLibrary (242)
[2018.12.22-04.29.45:857][127]LogModuleManager: Shutting down and abandoning module ImmediatePhysicsEditor (240)
[2018.12.22-04.29.45:857][127]LogModuleManager: Shutting down and abandoning module ImmediatePhysics (238)
[2018.12.22-04.29.45:857][127]LogModuleManager: Shutting down and abandoning module UdpMessaging (236)
[2018.12.22-04.29.45:968][127]LogModuleManager: Shutting down and abandoning module TcpMessaging (234)
[2018.12.22-04.29.46:109][127]LogModuleManager: Shutting down and abandoning module GameplayTagsEditor (232)
[2018.12.22-04.29.46:109][127]LogModuleManager: Shutting down and abandoning module FacialAnimationEditor (230)
[2018.12.22-04.29.46:109][127]LogModuleManager: Shutting down and abandoning module FacialAnimation (228)
[2018.12.22-04.29.46:109][127]LogModuleManager: Shutting down and abandoning module AssetManagerEditor (226)
[2018.12.22-04.29.46:109][127]LogModuleManager: Shutting down and abandoning module GraphEditor (225)
[2018.12.22-04.29.46:109][127]LogModuleManager: Shutting down and abandoning module ContentBrowser (223)
[2018.12.22-04.29.46:201][127]LogModuleManager: Shutting down and abandoning module LightPropagationVolumeRuntime (220)
[2018.12.22-04.29.46:201][127]LogModuleManager: Shutting down and abandoning module Paper2D (218)
[2018.12.22-04.29.46:201][127]LogModuleManager: Shutting down and abandoning module WindowsMoviePlayer (216)
[2018.12.22-04.29.46:201][127]LogModuleManager: Shutting down and abandoning module WmfMedia (214)
[2018.12.22-04.29.46:207][127]LogModuleManager: Shutting down and abandoning module ClothingSystemEditor (212)
[2018.12.22-04.29.46:207][127]LogModuleManager: Shutting down and abandoning module ClothingSystemRuntime (210)
[2018.12.22-04.29.46:207][127]LogModuleManager: Shutting down and abandoning module MediaAssets (208)
[2018.12.22-04.29.46:207][127]LogModuleManager: Shutting down and abandoning module GameLiveStreaming (206)
[2018.12.22-04.29.46:207][127]LogModuleManager: Shutting down and abandoning module VREditor (204)
[2018.12.22-04.29.46:209][127]LogModuleManager: Shutting down and abandoning module StringTableEditor (202)
[2018.12.22-04.29.46:209][127]LogModuleManager: Shutting down and abandoning module GameplayTasksEditor (200)
[2018.12.22-04.29.46:209][127]LogModuleManager: Shutting down and abandoning module BehaviorTreeEditor (198)
[2018.12.22-04.29.46:209][127]LogModuleManager: Shutting down and abandoning module FunctionalTesting (196)
[2018.12.22-04.29.46:209][127]LogModuleManager: Shutting down and abandoning module CollisionAnalyzer (194)
[2018.12.22-04.29.46:209][127]LogModuleManager: Shutting down and abandoning module UMG (192)
[2018.12.22-04.29.46:209][127]LogModuleManager: Shutting down and abandoning module UMGEditor (191)
[2018.12.22-04.29.46:209][127]LogModuleManager: Shutting down and abandoning module Sequencer (190)
[2018.12.22-04.29.46:209][127]LogModuleManager: Shutting down and abandoning module AssetTools (188)
[2018.12.22-04.29.46:209][127]LogModuleManager: Shutting down and abandoning module MessageLog (187)
[2018.12.22-04.29.46:209][127]LogModuleManager: Shutting down and abandoning module WorkspaceMenuStructure (186)
[2018.12.22-04.29.46:209][127]LogModuleManager: Shutting down and abandoning module SlateReflector (180)
[2018.12.22-04.29.46:210][127]LogModuleManager: Shutting down and abandoning module Slate (178)
[2018.12.22-04.29.46:210][127]LogModuleManager: Shutting down and abandoning module EditorStyle (176)
[2018.12.22-04.29.46:215][127]LogModuleManager: Shutting down and abandoning module SourceCodeAccess (174)
[2018.12.22-04.29.46:215][127]LogModuleManager: Shutting down and abandoning module HeadMountedDisplay (172)
[2018.12.22-04.29.46:215][127]LogModuleManager: Shutting down and abandoning module XAudio2 (170)
[2018.12.22-04.29.46:215][127]LogModuleManager: Shutting down and abandoning module Networking (168)
[2018.12.22-04.29.46:215][127]LogModuleManager: Shutting down and abandoning module Core (164)
[2018.12.22-04.29.46:215][127]LogModuleManager: Shutting down and abandoning module AssetRegistry (162)
[2018.12.22-04.29.46:438][127]LogDirectoryWatcher: A directory notification for '../../../Engine/Content/' was aborted.
[2018.12.22-04.29.46:438][127]LogDirectoryWatcher: A directory notification for '../../../../../../Users/hinds/Documents/Unreal Projects/BatteryCollector/Content/' was aborted.
[2018.12.22-04.29.46:438][127]LogDirectoryWatcher: A directory notification for '../../../Engine/Plugins/2D/Paper2D/Content/' was aborted.
[2018.12.22-04.29.46:438][127]LogDirectoryWatcher: A directory notification for '../../../Engine/Plugins/Runtime/GearVR/Content/' was aborted.
[2018.12.22-04.29.46:447][127]LogModuleManager: Shutting down and abandoning module DirectoryWatcher (161)
[2018.12.22-04.29.46:484][127]LogModuleManager: Shutting down and abandoning module KismetCompiler (158)
[2018.12.22-04.29.46:485][127]LogModuleManager: Shutting down and abandoning module LevelSequence (156)
[2018.12.22-04.29.46:485][127]LogModuleManager: Shutting down and abandoning module PhysXFormats (154)
[2018.12.22-04.29.46:485][127]LogModuleManager: Shutting down and abandoning module MeshUtilities (152)
[2018.12.22-04.29.46:487][127]LogModuleManager: Shutting down and abandoning module SimplygonSwarm (151)
[2018.12.22-04.29.46:487][127]LogModuleManager: Shutting down and abandoning module SimplygonMeshReduction (149)
[2018.12.22-04.29.46:487][127]LogModuleManager: Shutting down and abandoning module QuadricMeshReduction (147)
[2018.12.22-04.29.46:488][127]LogModuleManager: Shutting down and abandoning module DerivedDataCache (144)
[2018.12.22-04.29.46:532][127]LogDerivedDataCache: Shutdown
[2018.12.22-04.29.46:532][127]LogModuleManager: Shutting down and abandoning module TargetPlatform (142)
[2018.12.22-04.29.46:532][127]LogModuleManager: Shutting down and abandoning module VulkanShaderFormat (141)
[2018.12.22-04.29.46:532][127]LogModuleManager: Shutting down and abandoning module ShaderFormatVectorVM (139)
[2018.12.22-04.29.46:534][127]LogModuleManager: Shutting down and abandoning module ShaderFormatOpenGL (137)
[2018.12.22-04.29.46:534][127]LogModuleManager: Shutting down and abandoning module ShaderFormatD3D (135)
[2018.12.22-04.29.46:535][127]LogModuleManager: Shutting down and abandoning module MetalShaderFormat (133)
[2018.12.22-04.29.46:535][127]LogModuleManager: Shutting down and abandoning module TextureFormatUncompressed (131)
[2018.12.22-04.29.46:535][127]LogModuleManager: Shutting down and abandoning module TextureFormatPVR (129)
[2018.12.22-04.29.46:536][127]LogModuleManager: Shutting down and abandoning module TextureFormatDXT (127)
[2018.12.22-04.29.46:536][127]LogModuleManager: Shutting down and abandoning module TextureFormatIntelISPCTexComp (125)
[2018.12.22-04.29.46:536][127]LogModuleManager: Shutting down and abandoning module TextureFormatASTC (123)
[2018.12.22-04.29.46:536][127]LogModuleManager: Shutting down and abandoning module ImageWrapper (122)
[2018.12.22-04.29.46:536][127]LogModuleManager: Shutting down and abandoning module TextureFormatAndroid (119)
[2018.12.22-04.29.46:537][127]LogModuleManager: Shutting down and abandoning module AudioFormatOpus (117)
[2018.12.22-04.29.46:539][127]LogModuleManager: Shutting down and abandoning module AudioFormatOgg (115)
[2018.12.22-04.29.46:539][127]LogModuleManager: Shutting down and abandoning module AudioFormatADPCM (113)
[2018.12.22-04.29.46:539][127]LogModuleManager: Shutting down and abandoning module LinuxTargetPlatform (111)
[2018.12.22-04.29.46:540][127]LogModuleManager: Shutting down and abandoning module LinuxServerTargetPlatform (109)
[2018.12.22-04.29.46:540][127]LogModuleManager: Shutting down and abandoning module LinuxNoEditorTargetPlatform (107)
[2018.12.22-04.29.46:540][127]LogModuleManager: Shutting down and abandoning module LinuxClientTargetPlatform (105)
[2018.12.22-04.29.46:540][127]LogModuleManager: Shutting down and abandoning module TVOSTargetPlatform (103)
[2018.12.22-04.29.46:540][127]LogModuleManager: Shutting down and abandoning module Messaging (101)
[2018.12.22-04.29.46:540][127]LogModuleManager: Shutting down and abandoning module IOSTargetPlatform (99)
[2018.12.22-04.29.46:540][127]LogModuleManager: Shutting down and abandoning module HTML5TargetPlatform (97)
[2018.12.22-04.29.46:540][127]LogModuleManager: Shutting down and abandoning module Android_PVRTCTargetPlatform (95)
[2018.12.22-04.29.46:540][127]LogModuleManager: Shutting down and abandoning module Android_MultiTargetPlatform (93)
[2018.12.22-04.29.46:540][127]LogModuleManager: Shutting down and abandoning module Android_ETC2TargetPlatform (91)
[2018.12.22-04.29.46:540][127]LogModuleManager: Shutting down and abandoning module Android_ETC1TargetPlatform (89)
[2018.12.22-04.29.46:540][127]LogModuleManager: Shutting down and abandoning module Android_DXTTargetPlatform (87)
[2018.12.22-04.29.46:541][127]LogModuleManager: Shutting down and abandoning module Android_ATCTargetPlatform (85)
[2018.12.22-04.29.46:541][127]LogModuleManager: Shutting down and abandoning module Android_ASTCTargetPlatform (83)
[2018.12.22-04.29.46:541][127]LogModuleManager: Shutting down and abandoning module AndroidTargetPlatform (81)
[2018.12.22-04.29.46:541][127]LogModuleManager: Shutting down and abandoning module WindowsTargetPlatform (79)
[2018.12.22-04.29.46:541][127]LogModuleManager: Shutting down and abandoning module WindowsServerTargetPlatform (77)
[2018.12.22-04.29.46:541][127]LogModuleManager: Shutting down and abandoning module WindowsNoEditorTargetPlatform (75)
[2018.12.22-04.29.46:541][127]LogModuleManager: Shutting down and abandoning module WindowsClientTargetPlatform (73)
[2018.12.22-04.29.46:541][127]LogModuleManager: Shutting down and abandoning module MacTargetPlatform (71)
[2018.12.22-04.29.46:542][127]LogModuleManager: Shutting down and abandoning module MacServerTargetPlatform (69)
[2018.12.22-04.29.46:542][127]LogModuleManager: Shutting down and abandoning module MacNoEditorTargetPlatform (67)
[2018.12.22-04.29.46:542][127]LogModuleManager: Shutting down and abandoning module MacClientTargetPlatform (65)
[2018.12.22-04.29.46:542][127]LogModuleManager: Shutting down and abandoning module AllDesktopTargetPlatform (63)
[2018.12.22-04.29.46:542][127]LogModuleManager: Shutting down and abandoning module InputCore (60)
[2018.12.22-04.29.46:542][127]LogModuleManager: Shutting down and abandoning module Settings (58)
[2018.12.22-04.29.46:542][127]LogModuleManager: Shutting down and abandoning module OculusRift (56)
[2018.12.22-04.29.46:542][127]LogModuleManager: Shutting down and abandoning module GearVRController (54)
[2018.12.22-04.29.46:542][127]LogModuleManager: Shutting down and abandoning module GearVR (52)
[2018.12.22-04.29.46:542][127]LogModuleManager: Shutting down and abandoning module ExampleDeviceProfileSelector (50)
[2018.12.22-04.29.46:543][127]LogModuleManager: Shutting down and abandoning module OnlineBlueprintSupport (48)
[2018.12.22-04.29.46:543][127]LogModuleManager: Shutting down and abandoning module OnlineSubsystem (44)
[2018.12.22-04.29.46:543][127]LogOnline:Display: Unloading online subsystem: NULL
[2018.12.22-04.29.46:543][127]LogModuleManager: Shutting down and abandoning module XMPP (43)
[2018.12.22-04.29.46:543][127]LogModuleManager: Shutting down and abandoning module HTTP (41)
[2018.12.22-04.29.46:544][127]LogHttp:Display: Http module shutting down, but needs to wait on 1 outstanding Http requests:
[2018.12.22-04.29.46:544][127]LogHttp:Display: 	verb=[POST] url=[https://datarouter.ol.epicgames.com/datarouter/api/v1/public/data?SessionID=%7B8B50A162-4656-B7DB-C3F8-90A55999FBFC%7D&AppID=UEEditor.Rocket.Release&AppVersion=4.16.3-3561208%2B%2B%2BUE4%2BRelease-4.16&UserID=b0ddfb414b1ae88524f80f82e9543edf%7Cf2fff398318b4f238813a41bc45f637f%7Cb3264cd5-afe0-4f8f-b17b-c35699db2183&AppEnvironment=datacollector-binary&UploadType=eteventstream] status=Processing
[2018.12.22-04.29.46:564][127]LogModuleManager: Shutting down and abandoning module SSL (40)
[2018.12.22-04.29.46:569][127]LogModuleManager: Shutting down and abandoning module HTTPChunkInstaller (36)
[2018.12.22-04.29.46:569][127]LogModuleManager: Shutting down and abandoning module AnimationModifiers (34)
[2018.12.22-04.29.46:569][127]LogModuleManager: Shutting down and abandoning module PropertyEditor (33)
[2018.12.22-04.29.46:569][127]LogModuleManager: Shutting down and abandoning module AudioEditor (30)
[2018.12.22-04.29.46:569][127]LogModuleManager: Shutting down and abandoning module TextureCompressor (28)
[2018.12.22-04.29.46:571][127]LogModuleManager: Shutting down and abandoning module ShaderCore (26)
[2018.12.22-04.29.46:571][127]LogModuleManager: Shutting down and abandoning module Landscape (24)
[2018.12.22-04.29.46:571][127]LogModuleManager: Shutting down and abandoning module SlateRHIRenderer (22)
[2018.12.22-04.29.46:579][127]LogModuleManager: Shutting down and abandoning module OpenGLDrv (20)
[2018.12.22-04.29.46:579][127]LogModuleManager: Shutting down and abandoning module D3D11RHI (18)
[2018.12.22-04.29.46:579][127]LogModuleManager: Shutting down and abandoning module AnimGraphRuntime (16)
[2018.12.22-04.29.46:579][127]LogModuleManager: Shutting down and abandoning module Renderer (14)
[2018.12.22-04.29.46:579][127]LogModuleManager: Shutting down and abandoning module Engine (12)
[2018.12.22-04.29.46:579][127]LogModuleManager: Shutting down and abandoning module CoreUObject (10)
[2018.12.22-04.29.46:579][127]LogModuleManager: Shutting down and abandoning module NetworkFile (8)
[2018.12.22-04.29.46:579][127]LogModuleManager: Shutting down and abandoning module StreamingFile (6)
[2018.12.22-04.29.46:579][127]LogModuleManager: Shutting down and abandoning module SandboxFile (4)
[2018.12.22-04.29.46:579][127]LogModuleManager: Shutting down and abandoning module PakFile (2)
[2018.12.22-04.29.46:584][127]LogExit: Exiting.
[2018.12.22-04.29.46:619][127]Log file closed, 12/21/18 20:29:46
