Log file open, 12/21/18 14:18:39
LogInit:Display: Running engine for game: BatteryCollector
LogPlatformFile: Not using cached read wrapper
LogInit:Display: RandInit(-1555901871) SRandInit(-1555901871).
LogTaskGraph: Started task graph with 5 named threads and 8 total threads with 1 sets of task threads.
LogStats: Stats thread started at 0.119749
LogInit: Using libcurl 7.47.1
LogInit:  - built for x86_64-pc-win32
LogInit:  - supports SSL with OpenSSL/1.0.2g
LogInit:  - supports HTTP deflate (compression) using libz 1.2.8
LogInit:  - other features:
LogInit:      CURL_VERSION_SSL
LogInit:      CURL_VERSION_LIBZ
LogInit:      CURL_VERSION_IPV6
LogInit:      CURL_VERSION_ASYNCHDNS
LogInit:      CURL_VERSION_LARGEFILE
LogInit:      CURL_VERSION_IDN
LogInit:  CurlRequestOptions (configurable via config and command line):
LogInit:  - bVerifyPeer = false  - Libcurl will NOT verify peer certificate
LogInit:  - bUseHttpProxy = false  - Libcurl will NOT use HTTP proxy
LogInit:  - bDontReuseConnections = false  - Libcurl will reuse connections
LogInit:  - CertBundlePath = nullptr  - Libcurl will use whatever was configured at build time.
LogInit: Build: ++UE4+Release-4.16-CL-3561208
LogInit: Engine Version: 4.16.3-3561208+++UE4+Release-4.16
LogInit: Compatible Engine Version: 4.16.0-3452394+++UE4+Release-4.16
LogInit: Net CL: 3452394
LogDevObjectVersion: Number of dev versions registered: 16
LogDevObjectVersion:   Dev-Blueprints (B0D832E4-1F89-4F0D-ACCF-7EB736FD4AA2): 9
LogDevObjectVersion:   Dev-Build (E1C64328-A22C-4D53-A36C-8E866417BD8C): 0
LogDevObjectVersion:   Dev-Core (375EC13C-06E4-48FB-B500-84F0262A717E): 2
LogDevObjectVersion:   Dev-Editor (E4B068ED-F494-42E9-A231-DA0B2E46BB41): 17
LogDevObjectVersion:   Dev-Framework (CFFC743F-43B0-4480-9391-14DF171D2073): 23
LogDevObjectVersion:   Dev-Mobile (B02B49B5-BB20-44E9-A304-32B752E40360): 0
LogDevObjectVersion:   Dev-Networking (A4E4105C-59A1-49B5-A7C5-40C4547EDFEE): 0
LogDevObjectVersion:   Dev-Online (39C831C9-5AE6-47DC-9A44-9C173E1C8E7C): 0
LogDevObjectVersion:   Dev-Physics (78F01B33-EBEA-4F98-B9B4-84EACCB95AA2): 0
LogDevObjectVersion:   Dev-Platform (6631380F-2D4D-43E0-8009-CF276956A95A): 0
LogDevObjectVersion:   Dev-Rendering (12F88B9F-8875-4AFC-A67C-D90C383ABD29): 15
LogDevObjectVersion:   Dev-Sequencer (7B5AE74C-D270-4C10-A958-57980B212A5A): 4
LogDevObjectVersion:   Dev-VR (D7296918-1DD6-4BDD-9DE2-64A83CC13884): 0
LogDevObjectVersion:   Dev-LoadTimes (C2A15278-BFE7-4AFE-6C17-90FF531DF755): 1
LogDevObjectVersion:   Private-Geometry (6EACA3D4-40EC-4CC1-B786-8BED09428FC5): 1
LogDevObjectVersion:   Dev-AnimPhys (29E575DD-E0A3-4627-9D10-D276232CDCEA): 3
LogInit: Compiled (64-bit): Jul 28 2017 11:49:47
LogInit: Compiled with Visual C++: 19.00.24215.01
LogInit: Build Configuration: Development
LogInit: Branch Name: ++UE4+Release-4.16
LogInit: Command line: -EpicPortal  -epicusername="LifePartTwo" -epicuserid=f2fff398318b4f238813a41bc45f637f -epiclocale=en-US
LogInit: Base directory: C:/Program Files/Epic Games/UE_4.16/Engine/Binaries/Win64/
LogInit: Installed Engine Build: 1
LogInit: Presizing for max 8388607 objects, including 0 objects not considered by GC, pre-allocating 0 bytes for permanent pool.
LogInit: Object subsystem initialized
[2018.12.21-22.18.40:739][  0]LogInit: Selected Device Profile: [Windows]
[2018.12.21-22.18.40:739][  0]LogInit: Applying CVar settings loaded from the selected device profile: [Windows]
[2018.12.21-22.18.40:762][  0]LogInit: Computer: LAPTOP-CJJL49NE
[2018.12.21-22.18.40:762][  0]LogInit: User: Robert
[2018.12.21-22.18.40:762][  0]LogInit: CPU Page size=4096, Cores=4
[2018.12.21-22.18.40:762][  0]LogInit: High frequency timer resolution =2.250001 MHz
[2018.12.21-22.18.40:762][  0]LogMemory: Memory total: Physical=7.9GB (8GB approx)
[2018.12.21-22.18.40:762][  0]LogMemory: Platform Memory Stats for Windows
[2018.12.21-22.18.40:762][  0]LogMemory: Process Physical Memory: 273.01 MB used, 273.01 MB peak
[2018.12.21-22.18.40:762][  0]LogMemory: Process Virtual Memory: 266.71 MB used, 266.71 MB peak
[2018.12.21-22.18.40:762][  0]LogMemory: Physical Memory: 4537.11 MB used,  3518.42 MB free, 8055.54 MB total
[2018.12.21-22.18.40:762][  0]LogMemory: Virtual Memory: 4779.68 MB used,  3518.42 MB free, 134217728.00 MB total
[2018.12.21-22.18.40:881][  0]LogInit: Using OS detected language (en-US).
[2018.12.21-22.18.40:881][  0]LogInit: Using OS detected locale (en-US).
[2018.12.21-22.18.40:885][  0]LogTextLocalizationManager: No specific localization for 'en-US' exists, so the 'en' localization will be used.
[2018.12.21-22.18.42:026][  0]LogD3D11RHI: D3D11 adapters:
[2018.12.21-22.18.42:086][  0]LogD3D11RHI:    0. 'NVIDIA GeForce GTX 960M' (Feature Level 11_0)
[2018.12.21-22.18.42:086][  0]LogD3D11RHI:       2010/0/4027 MB DedicatedVideo/DedicatedSystem/SharedSystem, Outputs:1, VendorId:0x10de
[2018.12.21-22.18.42:095][  0]LogD3D11RHI:    1. 'Intel(R) HD Graphics 530' (Feature Level 11_0)
[2018.12.21-22.18.42:095][  0]LogD3D11RHI:       128/0/4027 MB DedicatedVideo/DedicatedSystem/SharedSystem, Outputs:0, VendorId:0x8086
[2018.12.21-22.18.42:097][  0]LogD3D11RHI:    2. 'Microsoft Basic Render Driver' (Feature Level 11_0)
[2018.12.21-22.18.42:097][  0]LogD3D11RHI:       0/0/4027 MB DedicatedVideo/DedicatedSystem/SharedSystem, Outputs:0, VendorId:0x1414
[2018.12.21-22.18.42:097][  0]LogD3D11RHI: Chosen D3D11 Adapter: 0
[2018.12.21-22.18.42:134][  0]LogD3D11RHI: Creating new Direct3DDevice
[2018.12.21-22.18.42:134][  0]LogD3D11RHI:     GPU DeviceId: 0x139b (for the marketing name, search the web for "GPU Device Id")
[2018.12.21-22.18.42:134][  0]LogWindows: EnumDisplayDevices:
[2018.12.21-22.18.42:134][  0]LogWindows:    0. 'Intel(R) HD Graphics 530' (P:1 D:1)
[2018.12.21-22.18.42:134][  0]LogWindows:    1. 'Intel(R) HD Graphics 530' (P:0 D:0)
[2018.12.21-22.18.42:134][  0]LogWindows:    2. 'Intel(R) HD Graphics 530' (P:0 D:0)
[2018.12.21-22.18.42:135][  0]LogWindows: DebugString: GetVideoDriverDetailsInvalid PrimaryIsNotTheChoosenAdapter GetVideoDriverDetailsInvalid PrimaryIsNotTheChoosenAdapter GetVideoDriverDetailsInvalid PrimaryIsNotTheChoosenAdapter FoundDriverCount:0 
[2018.12.21-22.18.42:135][  0]LogD3D11RHI:     Adapter Name: NVIDIA GeForce GTX 960M
[2018.12.21-22.18.42:135][  0]LogD3D11RHI:   Driver Version: Unknown (internal:Unknown, unified:Unknown)
[2018.12.21-22.18.42:135][  0]LogD3D11RHI:      Driver Date: Unknown
[2018.12.21-22.18.42:135][  0]LogRHI: Texture pool is 1361 MB (70% of 1945 MB)
[2018.12.21-22.18.42:173][  0]LogD3D11RHI: Async texture creation enabled
[2018.12.21-22.18.42:194][  0]LogD3D11RHI: GPU Timing Frequency: 1000.000000 (Debug: 2 2)
[2018.12.21-22.18.42:195][  0]LogShaderCompilers: Guid format shader working directory is -27 characters bigger than the processId version (../../../../../../Users/hinds/Documents/Unreal Projects/BatteryCollector/Intermediate/Shaders/WorkingDirectory/18916/).
[2018.12.21-22.18.42:195][  0]LogShaderCompilers: Cleaned the shader compiler working directory 'C:/Users/hinds/AppData/Local/Temp/UnrealShaderWorkingDir/1A03A6474D3BA65DD1511DB22B4B6513/'.
[2018.12.21-22.18.42:195][  0]LogShaderCompilers:Display: Using Local Shader Compiler.
[2018.12.21-22.18.43:432][  0]LogTemp:Display: Loaded TP AllDesktopTargetPlatform
[2018.12.21-22.18.43:515][  0]LogTemp:Display: Loaded TP MacClientTargetPlatform
[2018.12.21-22.18.43:597][  0]LogTemp:Display: Loaded TP MacNoEditorTargetPlatform
[2018.12.21-22.18.43:680][  0]LogTemp:Display: Loaded TP MacServerTargetPlatform
[2018.12.21-22.18.43:763][  0]LogTemp:Display: Loaded TP MacTargetPlatform
[2018.12.21-22.18.43:844][  0]LogTemp:Display: Loaded TP WindowsClientTargetPlatform
[2018.12.21-22.18.43:928][  0]LogTemp:Display: Loaded TP WindowsNoEditorTargetPlatform
[2018.12.21-22.18.44:011][  0]LogTemp:Display: Loaded TP WindowsServerTargetPlatform
[2018.12.21-22.18.44:088][  0]LogTemp:Display: Loaded TP WindowsTargetPlatform
[2018.12.21-22.18.44:170][  0]LogTemp:Display: Loaded TP AndroidTargetPlatform
[2018.12.21-22.18.44:249][  0]LogTemp:Display: Loaded TP Android_ASTCTargetPlatform
[2018.12.21-22.18.44:331][  0]LogTemp:Display: Loaded TP Android_ATCTargetPlatform
[2018.12.21-22.18.44:411][  0]LogTemp:Display: Loaded TP Android_DXTTargetPlatform
[2018.12.21-22.18.44:493][  0]LogTemp:Display: Loaded TP Android_ETC1TargetPlatform
[2018.12.21-22.18.44:574][  0]LogTemp:Display: Loaded TP Android_ETC2TargetPlatform
[2018.12.21-22.18.44:738][  0]LogTemp:Display: Loaded TP Android_MultiTargetPlatform
[2018.12.21-22.18.44:738][  0]LogTemp:Display: Loaded TP Android_PVRTCTargetPlatform
[2018.12.21-22.18.44:807][  0]LogTemp:Display: Loaded TP HTML5TargetPlatform
[2018.12.21-22.18.44:953][  0]LogTemp:Display: Loaded TP IOSTargetPlatform
[2018.12.21-22.18.45:000][  0]LogTemp:Display: Loaded TP TVOSTargetPlatform
[2018.12.21-22.18.45:083][  0]LogTemp:Display: Loaded TP LinuxClientTargetPlatform
[2018.12.21-22.18.45:163][  0]LogTemp:Display: Loaded TP LinuxNoEditorTargetPlatform
[2018.12.21-22.18.45:244][  0]LogTemp:Display: Loaded TP LinuxServerTargetPlatform
[2018.12.21-22.18.45:326][  0]LogTemp:Display: Loaded TP LinuxTargetPlatform
[2018.12.21-22.18.45:326][  0]LogTargetPlatformManager:Display: Building Assets For Windows
[2018.12.21-22.18.46:170][  0]LogDerivedDataCache:Display: Max Cache Size: 512 MB
[2018.12.21-22.18.46:283][  0]LogDerivedDataCache: Loaded boot cache 0.11s 101MB C:/Users/hinds/AppData/Local/UnrealEngine/4.16/DerivedDataCache/Boot.ddc.
[2018.12.21-22.18.46:283][  0]LogDerivedDataCache:Display: Loaded Boot cache: C:/Users/hinds/AppData/Local/UnrealEngine/4.16/DerivedDataCache/Boot.ddc
[2018.12.21-22.18.46:283][  0]LogDerivedDataCache: FDerivedDataBackendGraph:  Pak pak cache file ../../../../../../Users/hinds/Documents/Unreal Projects/BatteryCollector/DerivedDataCache/DDC.ddp not found, will not use a pak cache.
[2018.12.21-22.18.46:283][  0]LogDerivedDataCache: Unable to find inner node Pak for hierarchical cache Hierarchy.
[2018.12.21-22.18.46:283][  0]LogDerivedDataCache: FDerivedDataBackendGraph:  CompressedPak pak cache file ../../../../../../Users/hinds/Documents/Unreal Projects/BatteryCollector/DerivedDataCache/Compressed.ddp not found, will not use a pak cache.
[2018.12.21-22.18.46:283][  0]LogDerivedDataCache: Unable to find inner node CompressedPak for hierarchical cache Hierarchy.
[2018.12.21-22.18.46:302][  0]LogDerivedDataCache:Display: Pak cache opened for reading ../../../Engine/DerivedDataCache/Compressed.ddp.
[2018.12.21-22.18.46:314][  0]LogDerivedDataCache: Using Local data cache path C:/Users/hinds/AppData/Local/UnrealEngine/Common/DerivedDataCache: Writable
[2018.12.21-22.18.46:325][  0]LogMaterial: Verifying Global Shaders for PCD3D_SM5
[2018.12.21-22.18.46:326][  0]LogSlate: Using Freetype 2.6.0
[2018.12.21-22.18.46:326][  0]LogSlate: SlateFontCache - WITH_FREETYPE: 1, WITH_HARFBUZZ: 1
[2018.12.21-22.18.46:326][  0]LogSlate: SlateFontCache - WITH_FREETYPE: 1, WITH_HARFBUZZ: 1
[2018.12.21-22.18.46:794][  0]LogInit: Selected Device Profile: [Windows]
[2018.12.21-22.18.46:880][  0]LogContentStreaming: Texture pool size is 0.00 MB
[2018.12.21-22.18.47:105][  0]LogMeshUtilities: Using QuadricMeshReduction for automatic static mesh reduction
[2018.12.21-22.18.47:182][  0]LogSimplygon: Simplygon DLL not present - disabling.
[2018.12.21-22.18.47:263][  0]LogMeshUtilities: Using SimplygonSwarm for distributed automatic mesh merging
[2018.12.21-22.18.47:263][  0]LogMeshUtilities: No automatic skeletal mesh reduction module available
[2018.12.21-22.18.47:263][  0]LogMeshUtilities: No automatic mesh merging module available
[2018.12.21-22.18.48:072][  0]LogNetVersion: BatteryCollector , NetCL: 3452394, EngineNetVer: 2, GameNetVer: 0 (Checksum: 1895910218)
[2018.12.21-22.18.48:158][  0]LogAssetRegistry: FAssetRegistry took 0.0277 seconds to start up
[2018.12.21-22.18.48:247][  0]LogPackageLocalizationCache: Processed 4 localized package path(s) for 2 prioritized culture(s) in 0.048820 seconds
[2018.12.21-22.18.48:254][  0]LogUObjectArray: 34194 objects as part of root set at end of initial load.
[2018.12.21-22.18.48:254][  0]LogUObjectAllocator: 7260424 out of 0 bytes used by permanent object pool.
[2018.12.21-22.18.48:254][  0]LogUObjectArray: CloseDisregardForGC: 0/0 objects in disregard for GC pool
[2018.12.21-22.18.48:366][  0]LogInit: WinSock: version 1.1 (2.2), MaxSocks=32767, MaxUdp=65467
[2018.12.21-22.18.51:906][  0]LogTcpMessaging: Initializing TcpMessaging bridge
[2018.12.21-22.18.51:966][  0]LogUdpMessaging: Initializing bridge on interface 0.0.0.0:0 to multicast group 230.0.0.1:6666.
[2018.12.21-22.18.53:334][  0]LogMaterial: Uniform references updated for custom material expression Custom.
[2018.12.21-22.18.53:977][  0]SourceControl: Info Source control is disabled
[2018.12.21-22.18.54:044][  0]SourceControl: Info Source control is disabled
[2018.12.21-22.18.54:130][  0]SourceControl: Info Source control is disabled
[2018.12.21-22.18.54:210][  0]SourceControl: Info Source control is disabled
[2018.12.21-22.18.55:369][  0]LogAndroidPermission: UAndroidPermissionCallbackProxy::GetInstance
[2018.12.21-22.18.56:364][  0]LogEngine: Initializing Engine...
[2018.12.21-22.18.56:365][  0]LogHMD: Failed to initialize OpenVR with code 110
[2018.12.21-22.18.56:633][  0]LogStats: UGameplayTagsManager::ConstructGameplayTagTree: Construct from data asset -  0.000 s
[2018.12.21-22.18.56:633][  0]LogStats: UGameplayTagsManager::ConstructGameplayTagTree: GameplayTagTreeChangedEvent.Broadcast -  0.000 s
[2018.12.21-22.18.56:856][  0]LogAIModule: Creating AISystem for world Untitled
[2018.12.21-22.18.56:872][  0]LogInit: XAudio2 using 'Speakers / Headphones (Realtek High Definition Audio)' : 2 channels at 48 kHz using 32 bits per sample (channel mask 0x3)
[2018.12.21-22.18.57:069][  0]LogInit: FAudioDevice initialized.
[2018.12.21-22.18.57:135][  0]LogDerivedDataCache: Saved boot cache 0.07s 102MB C:/Users/hinds/AppData/Local/UnrealEngine/4.16/DerivedDataCache/Boot.ddc.
[2018.12.21-22.18.57:156][  0]LogInit: Texture streaming: Enabled
[2018.12.21-22.18.57:326][  0]LogEngineSessionManager: EngineSessionManager initialized
[2018.12.21-22.18.57:706][  0]LogInit: Transaction tracking system initialized
[2018.12.21-22.18.58:257][  0]BlueprintLog: New page: Editor Load
[2018.12.21-22.18.59:950][  0]LocalizationService: Info Localization service is disabled
[2018.12.21-22.19.01:128][  0]LogConsoleResponse:Display: 
[2018.12.21-22.19.01:320][  0]LogCook:Display: Max memory allowance for cook 16384mb min free memory 0mb
[2018.12.21-22.19.01:320][  0]LogCook:Display: Mobile HDR setting 1
[2018.12.21-22.19.01:985][  0]LogFileCache: Scanning file cache for directory 'C:/Users/hinds/Documents/Unreal Projects/BatteryCollector/Content/' took 0.02s
[2018.12.21-22.19.03:071][  0]SourceControl: Info Source control is disabled
[2018.12.21-22.19.03:072][  0]Cmd: MAP LOAD FILE="../../../../../../Users/hinds/Documents/Unreal Projects/BatteryCollector/Content/Maps/CollectionLevel.umap" TEMPLATE=0 SHOWPROGRESS=1 FEATURELEVEL=3
[2018.12.21-22.19.03:072][  0]LightingResults: New page: Lighting Build
[2018.12.21-22.19.03:145][  0]MapCheck: New page: Map Check
[2018.12.21-22.19.03:145][  0]LightingResults: New page: Lighting Build
[2018.12.21-22.19.04:798][  0]LogAIModule: Creating AISystem for world CollectionLevel
[2018.12.21-22.19.04:810][  0]LogEditorServer: Finished looking for orphan Actors (0.000 secs)
[2018.12.21-22.19.04:833][  0]Cmd: MAP CHECKDEP NOCLEARLOG
[2018.12.21-22.19.04:915][  0]MapCheck: Info Map check complete: 0 Error(s), 0 Warning(s), took 81.554ms to complete.
[2018.12.21-22.19.04:915][  0]LogFileHelpers: Loading map 'CollectionLevel' took 1.844
[2018.12.21-22.19.05:098][  0]LogCollectionManager: Loaded 0 collections in 0.002206 seconds
[2018.12.21-22.19.05:211][  0]LogFileCache: Scanning file cache for directory 'C:/Users/hinds/Documents/Unreal Projects/BatteryCollector/Saved/Collections/' took 0.01s
[2018.12.21-22.19.05:211][  0]LogFileCache: Scanning file cache for directory 'C:/Users/hinds/Documents/Unreal Projects/BatteryCollector/Content/Developers/Robert/Collections/' took 0.01s
[2018.12.21-22.19.05:211][  0]LogFileCache: Scanning file cache for directory 'C:/Users/hinds/Documents/Unreal Projects/BatteryCollector/Content/Collections/' took 0.01s
[2018.12.21-22.19.05:211][  0]LogCollectionManager: Rebuilt the GUID cache for 0 collections in 0.000004 seconds
[2018.12.21-22.19.05:223][  0]LogContentBrowser: Native class hierarchy populated in 0.0117 seconds. Added 2332 classes and 493 folders.
[2018.12.21-22.19.05:344][  0]LogContentBrowser: Native class hierarchy updated for 'WidgetCarousel' in 0.0021 seconds. Added 0 classes and 0 folders.
[2018.12.21-22.19.05:397][  0]LogContentBrowser: Native class hierarchy updated for 'AddContentDialog' in 0.0025 seconds. Added 0 classes and 0 folders.
[2018.12.21-22.19.05:475][  0]LogContentBrowser: Native class hierarchy updated for 'SceneOutliner' in 0.0019 seconds. Added 1 classes and 2 folders.
[2018.12.21-22.19.05:541][  0]LogCrashTracker: Crashtracker disabled due to settings.
[2018.12.21-22.19.05:547][  0]LogUObjectGlobals:Warning: Failed to find object 'Class None.'
[2018.12.21-22.19.05:653][  0]LogContentBrowser: Native class hierarchy updated for 'HierarchicalLODOutliner' in 0.0019 seconds. Added 1 classes and 2 folders.
[2018.12.21-22.19.05:654][  0]LogLoad: (Engine Initialization) Total time: 27.57 seconds
[2018.12.21-22.19.05:654][  0]LogLoad: (Engine Initialization) Total Blueprint compile time: 0.37 seconds
[2018.12.21-22.19.05:654][  0]LogExternalProfiler: Found external profiler: VSPerf
[2018.12.21-22.19.05:654][  0]LogExternalProfiler: Using external profiler: VSPerf
[2018.12.21-22.19.05:671][  0]LogWindowsTextInputMethodSystem:Display: IME system now deactivated.
[2018.12.21-22.19.05:672][  0]LogOcInput: OculusInput pre-init called
[2018.12.21-22.19.05:672][  0]LogHMD: Starting GearVRController plugin
[2018.12.21-22.19.05:694][  0]LogContentStreaming: Texture pool size now 1000 MB
[2018.12.21-22.19.05:696][  0]LogSlate: Took 0.000252 seconds to synchronously load lazily loaded font '../../../Engine/Content/Slate/Fonts/Roboto-Regular.ttf' (155K)
[2018.12.21-22.19.05:698][  0]LogSlate: Took 0.000298 seconds to synchronously load lazily loaded font '../../../Engine/Content/Slate/Fonts/Roboto-Bold.ttf' (160K)
[2018.12.21-22.19.05:703][  0]LogSlate: Took 0.000269 seconds to synchronously load lazily loaded font '../../../Engine/Content/Editor/Slate/Fonts/FontAwesome.ttf' (139K)
[2018.12.21-22.19.05:808][  0]LogSlate: Took 0.000277 seconds to synchronously load lazily loaded font '../../../Engine/Content/Slate/Fonts/Roboto-Light.ttf' (159K)
[2018.12.21-22.19.05:834][  1]LogAssetRegistry: Asset discovery search completed in 17.6989 seconds
[2018.12.21-22.19.05:836][  1]LogCollectionManager: Rebuilt the object cache for 0 collections in 0.000000 seconds (found 0 objects)
[2018.12.21-22.19.05:836][  1]LogCollectionManager: Fixed up redirectors for 0 collections in 0.000032 seconds (updated 0 objects)
[2018.12.21-22.19.05:861][  2]LogRenderer: Reallocating scene render targets to support 640x388 NumSamples 1 (Frame:1).
[2018.12.21-22.19.09:785][225]LogRenderer: Reallocating scene render targets to support 1072x700 NumSamples 1 (Frame:217).
[2018.12.21-22.19.27:866][305]LogTemp: Repeting last play command: Selected Viewport
[2018.12.21-22.19.27:949][305]LogPlayLevel: PlayLevel: No blueprints needed recompiling
[2018.12.21-22.19.27:949][305]PIE: New page: PIE session: CollectionLevel (Dec 21, 2018, 6:19:27 AM)
[2018.12.21-22.19.27:949][305]LogPlayLevel: Creating play world package: /Game/Maps/UEDPIE_0_CollectionLevel
[2018.12.21-22.19.27:952][305]LogPlayLevel: PIE: StaticDuplicateObject took: (0.002869s)
[2018.12.21-22.19.27:953][305]LogAIModule: Creating AISystem for world CollectionLevel
[2018.12.21-22.19.27:953][305]LogPlayLevel: PIE: World Init took: (0.001150s)
[2018.12.21-22.19.27:953][305]LogPlayLevel: PIE: Created PIE world by copying editor world from /Game/Maps/CollectionLevel.CollectionLevel to /Game/Maps/UEDPIE_0_CollectionLevel.CollectionLevel (0.004277s)
[2018.12.21-22.19.27:970][305]LogInit: XAudio2 using 'Speakers / Headphones (Realtek High Definition Audio)' : 2 channels at 48 kHz using 32 bits per sample (channel mask 0x3)
[2018.12.21-22.19.27:998][305]LogInit: FAudioDevice initialized.
[2018.12.21-22.19.28:048][305]LogLoad: Game class is 'BatteryCollectorGameMode'
[2018.12.21-22.19.28:052][305]LogWorld: Bringing World /Game/Maps/UEDPIE_0_CollectionLevel.CollectionLevel up for play (max tick rate 60) at 2018.12.21-14.19.28
[2018.12.21-22.19.28:052][305]LogWorld: Bringing up level for play took: 0.002365
[2018.12.21-22.19.28:124][305]LogContentBrowser: Native class hierarchy updated for 'MovieSceneCapture' in 0.0021 seconds. Added 11 classes and 0 folders.
[2018.12.21-22.19.28:138][305]PIE: Info Play in editor start time for /Game/Maps/UEDPIE_0_CollectionLevel 0.755
[2018.12.21-22.20.06:076][890]LogHttp:Warning: 00000135F135D180: request failed, libcurl error: 6 (Couldn't resolve host name)
[2018.12.21-22.20.06:076][890]LogHttp:Warning: 00000135F135D180: libcurl info message cache 0 (Could not resolve host: datarouter.ol.epicgames.com)
[2018.12.21-22.20.06:076][890]LogHttp:Warning: 00000135F135D180: libcurl info message cache 1 (Closing connection 0)
[2018.12.21-22.44.04:649][263]LogSlate: Took 0.009761 seconds to synchronously load lazily loaded font '../../../Engine/Content/Slate/Fonts/Roboto-Light.ttf' (159K)
[2018.12.21-22.44.58:723][588]LogVSAccessor:Warning: Visual Studio is open but could not be queried - it may be blocked by a modal operation
[2018.12.21-22.45.00:210][589]LogVSAccessor:Warning: Visual Studio is open but could not be queried - it may be blocked by a modal operation
[2018.12.21-22.45.00:246][590]LogVSAccessor:Warning: Visual Studio is open but could not be queried - it may be blocked by a modal operation
[2018.12.21-22.45.00:632][591]LogVSAccessor:Warning: Visual Studio is open but could not be queried - it may be blocked by a modal operation
[2018.12.21-22.45.00:932][592]LogVSAccessor:Warning: Visual Studio is open but could not be queried - it may be blocked by a modal operation
[2018.12.21-22.45.01:618][593]LogVSAccessor:Warning: Visual Studio is open but could not be queried - it may be blocked by a modal operation
[2018.12.21-22.45.01:909][594]LogVSAccessor:Warning: Visual Studio is open but could not be queried - it may be blocked by a modal operation
[2018.12.21-22.45.02:347][595]LogVSAccessor:Warning: Visual Studio is open but could not be queried - it may be blocked by a modal operation
[2018.12.21-22.45.10:316][596]LogVSAccessor:Warning: Couldn't goto line number '0' in 'C:/Users/hinds/Documents/Unreal Projects/BatteryCollector/Source/BatteryCollector/Pickup.h'
[2018.12.21-22.45.10:623][596]LogVSAccessor:Warning: Couldn't goto line number '0' in 'C:/Users/hinds/Documents/Unreal Projects/BatteryCollector/Source/BatteryCollector/Pickup.cpp'
[2018.12.21-22.46.05:907][747]Candidate modules for hot reload:
[2018.12.21-22.46.05:907][747]  BatteryCollector
[2018.12.21-22.46.05:908][747]Launching UnrealBuildTool... [C:/Program Files/Epic Games/UE_4.16/Engine/Binaries/DotNET/UnrealBuildTool.exe BatteryCollector -ModuleWithSuffix BatteryCollector 7226 Win64 Development -editorrecompile -canskiplink "C:/Users/hinds/Documents/Unreal Projects/BatteryCollector/BatteryCollector.uproject" ]
[2018.12.21-22.46.05:915][747]Warning: Starting HotReload took  0.0s.
[2018.12.21-22.46.55:125][667]CompilerResultsLog: New page: Compilation - Dec 21, 2018, 6:46:55 AM
[2018.12.21-22.46.55:126][667]CompilerResultsLog: Info Compiling game modules for hot reload
[2018.12.21-22.46.55:126][667]CompilerResultsLog: Info Target is up to date
[2018.12.21-22.46.55:126][667]CompilerResultsLog: Info Total build time: 48.69 seconds (NoActionsToExecute executor: 0.00 seconds)
[2018.12.21-22.46.55:126][667]LogMainFrame: MainFrame: Module compiling took 49.234 seconds
[2018.12.21-22.46.55:294][667]LogContentBrowser: Native class hierarchy populated in 0.0280 seconds. Added 2334 classes and 497 folders.
[2018.12.21-22.46.55:302][667]Display: HotReload took 49.4s.
[2018.12.21-22.56.00:335][605]Candidate modules for hot reload:
[2018.12.21-22.56.00:335][605]  BatteryCollector
[2018.12.21-22.56.00:335][605]Launching UnrealBuildTool... [C:/Program Files/Epic Games/UE_4.16/Engine/Binaries/DotNET/UnrealBuildTool.exe BatteryCollector -ModuleWithSuffix BatteryCollector 7401 Win64 Development -editorrecompile -canskiplink "C:/Users/hinds/Documents/Unreal Projects/BatteryCollector/BatteryCollector.uproject" ]
[2018.12.21-22.56.00:344][605]Warning: Starting HotReload took  0.1s.
[2018.12.21-22.56.16:914][585]CompilerResultsLog: New page: Compilation - Dec 21, 2018, 6:56:16 AM
[2018.12.21-22.56.16:915][585]CompilerResultsLog: Info Compiling game modules for hot reload
[2018.12.21-22.56.16:915][585]CompilerResultsLog: Info Parsing headers for BatteryCollectorEditor
[2018.12.21-22.56.16:915][585]CompilerResultsLog: Info   Running UnrealHeaderTool "C:\Users\hinds\Documents\Unreal Projects\BatteryCollector\BatteryCollector.uproject" "C:\Users\hinds\Documents\Unreal Projects\BatteryCollector\Intermediate\Build\Win64\BatteryCollectorEditor\Development\BatteryCollectorEditor.uhtmanifest" -LogCmds="loginit warning, logexit warning, logdatabase error" -Unattended -WarningsAsErrors -installed
[2018.12.21-22.56.16:915][585]CompilerResultsLog:Error: Error C:/Users/hinds/Documents/Unreal Projects/BatteryCollector/Source/BatteryCollector/Pickup.h(35)  : Error: Missing ';' in 'variable declaration'
[2018.12.21-22.56.16:915][585]CompilerResultsLog: Info Error: UnrealHeaderTool failed for target 'BatteryCollectorEditor' (platform: Win64, module info: C:\Users\hinds\Documents\Unreal Projects\BatteryCollector\Intermediate\Build\Win64\BatteryCollectorEditor\Development\BatteryCollectorEditor.uhtmanifest, exit code: OtherCompilationError (5)).
[2018.12.21-22.56.16:915][585]LogMainFrame: MainFrame: Module compiling took 16.584 seconds
[2018.12.21-22.56.16:915][585]Warning: HotReload failed, recompile failed
[2018.12.21-22.56.53:064][409]Candidate modules for hot reload:
[2018.12.21-22.56.53:064][409]  BatteryCollector
[2018.12.21-22.56.53:064][409]Launching UnrealBuildTool... [C:/Program Files/Epic Games/UE_4.16/Engine/Binaries/DotNET/UnrealBuildTool.exe BatteryCollector -ModuleWithSuffix BatteryCollector 3533 Win64 Development -editorrecompile -canskiplink "C:/Users/hinds/Documents/Unreal Projects/BatteryCollector/BatteryCollector.uproject" ]
[2018.12.21-22.56.53:070][409]Warning: Starting HotReload took  0.0s.
[2018.12.21-22.57.08:014][582]CompilerResultsLog: New page: Compilation - Dec 21, 2018, 6:57:08 AM
[2018.12.21-22.57.08:014][582]CompilerResultsLog: Info Compiling game modules for hot reload
[2018.12.21-22.57.08:014][582]CompilerResultsLog: Info Parsing headers for BatteryCollectorEditor
[2018.12.21-22.57.08:015][582]CompilerResultsLog: Info   Running UnrealHeaderTool "C:\Users\hinds\Documents\Unreal Projects\BatteryCollector\BatteryCollector.uproject" "C:\Users\hinds\Documents\Unreal Projects\BatteryCollector\Intermediate\Build\Win64\BatteryCollectorEditor\Development\BatteryCollectorEditor.uhtmanifest" -LogCmds="loginit warning, logexit warning, logdatabase error" -Unattended -WarningsAsErrors -installed
[2018.12.21-22.57.08:015][582]CompilerResultsLog:Error: Error C:/Users/hinds/Documents/Unreal Projects/BatteryCollector/Source/BatteryCollector/Pickup.h(34)  : Error: Unknown variable specifier 'BlueprintPure'
[2018.12.21-22.57.08:015][582]CompilerResultsLog: Info Error: UnrealHeaderTool failed for target 'BatteryCollectorEditor' (platform: Win64, module info: C:\Users\hinds\Documents\Unreal Projects\BatteryCollector\Intermediate\Build\Win64\BatteryCollectorEditor\Development\BatteryCollectorEditor.uhtmanifest, exit code: OtherCompilationError (5)).
[2018.12.21-22.57.08:015][582]LogMainFrame: MainFrame: Module compiling took 14.955 seconds
[2018.12.21-22.57.08:016][582]Warning: HotReload failed, recompile failed
[2018.12.21-23.08.55:332][430]LogSlate: Took 0.013140 seconds to synchronously load lazily loaded font '../../../Engine/Content/Editor/Slate/Fonts/Roboto-BoldCondensed.ttf' (158K)
[2018.12.21-23.09.36:766][337]LogContentBrowser: Native class hierarchy updated for 'BlueprintGraph' in 0.0025 seconds. Added 112 classes and 0 folders.
[2018.12.21-23.09.42:059][565]LogSavePackage: Save=63.05ms
[2018.12.21-23.09.42:059][565]LogSavePackage: Moving '../../../../../../Users/hinds/Documents/Unreal Projects/BatteryCollector/Saved/CollectionLevel5B72067E4B572FC223DEEDA8A1A22D64.tmp' to '../../../../../../Users/hinds/Documents/Unreal Projects/BatteryCollector/Content/Maps/CollectionLevel.umap'
[2018.12.21-23.09.42:060][565]LogSavePackage:Display: Finished SavePackage ../../../../../../Users/hinds/Documents/Unreal Projects/BatteryCollector/Content/Maps/CollectionLevel.umap
[2018.12.21-23.09.42:737][565]LogSavePackage: Save=594.56ms
[2018.12.21-23.09.42:737][565]LogSavePackage: Moving '../../../../../../Users/hinds/Documents/Unreal Projects/BatteryCollector/Saved/CollectionLevel_BuiltDataE00840D14D92380DABB6898BC8A47F7D.tmp' to '../../../../../../Users/hinds/Documents/Unreal Projects/BatteryCollector/Content/Maps/CollectionLevel_BuiltData.uasset'
[2018.12.21-23.09.42:739][565]LogSavePackage:Display: Finished SavePackage ../../../../../../Users/hinds/Documents/Unreal Projects/BatteryCollector/Content/Maps/CollectionLevel_BuiltData.uasset
[2018.12.21-23.10.30:100][355]Cmd: OBJ SAVEPACKAGE PACKAGE="/Game/Blueprints/Pickup_BP" FILE="../../../../../../Users/hinds/Documents/Unreal Projects/BatteryCollector/Content/Blueprints/Pickup_BP.uasset" SILENT=true
[2018.12.21-23.10.30:128][355]LogSavePackage: Save=19.65ms
[2018.12.21-23.10.30:128][355]LogSavePackage: Moving '../../../../../../Users/hinds/Documents/Unreal Projects/BatteryCollector/Saved/Pickup_BP86020A3E4D6FE3472DC825BB57D8EF7C.tmp' to '../../../../../../Users/hinds/Documents/Unreal Projects/BatteryCollector/Content/Blueprints/Pickup_BP.uasset'
[2018.12.21-23.10.30:137][355]LogSavePackage:Display: Finished SavePackage ../../../../../../Users/hinds/Documents/Unreal Projects/BatteryCollector/Content/Blueprints/Pickup_BP.uasset
[2018.12.21-23.10.45:105][210]LogSlate: Took 0.005726 seconds to synchronously load lazily loaded font '../../../Engine/Content/Slate/Fonts/Roboto-Light.ttf' (159K)
[2018.12.21-23.11.14:799][126]BlueprintLog: New page: Compile Pickup_BP
[2018.12.21-23.11.15:770][162]Cmd: OBJ SAVEPACKAGE PACKAGE="/Game/Blueprints/Pickup_BP" FILE="../../../../../../Users/hinds/Documents/Unreal Projects/BatteryCollector/Content/Blueprints/Pickup_BP.uasset" SILENT=true
[2018.12.21-23.11.15:812][162]LogSavePackage: Save=29.57ms
[2018.12.21-23.11.15:812][162]LogSavePackage: Moving '../../../../../../Users/hinds/Documents/Unreal Projects/BatteryCollector/Saved/Pickup_BPE92001424F942679F141BBB6384AF565.tmp' to '../../../../../../Users/hinds/Documents/Unreal Projects/BatteryCollector/Content/Blueprints/Pickup_BP.uasset'
[2018.12.21-23.11.15:816][162]LogSavePackage:Display: Finished SavePackage ../../../../../../Users/hinds/Documents/Unreal Projects/BatteryCollector/Content/Blueprints/Pickup_BP.uasset
[2018.12.21-23.11.52:786][364]LogEditorViewport: Clicking on Actor (LMB): Pickup_BP_C (Pickup_BP)
[2018.12.21-23.12.12:643][547]LogSavePackage: Save=57.28ms
[2018.12.21-23.12.12:643][547]LogSavePackage: Moving '../../../../../../Users/hinds/Documents/Unreal Projects/BatteryCollector/Saved/CollectionLevelF733CD194C9D51DBF40B13A67096943F.tmp' to '../../../../../../Users/hinds/Documents/Unreal Projects/BatteryCollector/Content/Maps/CollectionLevel.umap'
[2018.12.21-23.12.12:647][547]LogSavePackage:Display: Finished SavePackage ../../../../../../Users/hinds/Documents/Unreal Projects/BatteryCollector/Content/Maps/CollectionLevel.umap
[2018.12.21-23.12.13:156][547]LogSavePackage: Save=474.49ms
[2018.12.21-23.12.13:156][547]LogSavePackage: Moving '../../../../../../Users/hinds/Documents/Unreal Projects/BatteryCollector/Saved/CollectionLevel_BuiltData311AA0DA4F3E032072BE578D432B75BF.tmp' to '../../../../../../Users/hinds/Documents/Unreal Projects/BatteryCollector/Content/Maps/CollectionLevel_BuiltData.uasset'
[2018.12.21-23.12.13:158][547]LogSavePackage:Display: Finished SavePackage ../../../../../../Users/hinds/Documents/Unreal Projects/BatteryCollector/Content/Maps/CollectionLevel_BuiltData.uasset
[2018.12.21-23.12.17:833][820]Candidate modules for hot reload:
[2018.12.21-23.12.17:833][820]  BatteryCollector
[2018.12.21-23.12.17:834][820]Launching UnrealBuildTool... [C:/Program Files/Epic Games/UE_4.16/Engine/Binaries/DotNET/UnrealBuildTool.exe BatteryCollector -ModuleWithSuffix BatteryCollector 204 Win64 Development -editorrecompile -canskiplink "C:/Users/hinds/Documents/Unreal Projects/BatteryCollector/BatteryCollector.uproject" ]
[2018.12.21-23.12.17:842][820]Warning: Starting HotReload took  0.0s.
[2018.12.21-23.12.37:476][991]CompilerResultsLog: New page: Compilation - Dec 21, 2018, 7:12:37 AM
[2018.12.21-23.12.37:476][991]CompilerResultsLog: Info Compiling game modules for hot reload
[2018.12.21-23.12.37:476][991]CompilerResultsLog: Info Parsing headers for BatteryCollectorEditor
[2018.12.21-23.12.37:476][991]CompilerResultsLog: Info   Running UnrealHeaderTool "C:\Users\hinds\Documents\Unreal Projects\BatteryCollector\BatteryCollector.uproject" "C:\Users\hinds\Documents\Unreal Projects\BatteryCollector\Intermediate\Build\Win64\BatteryCollectorEditor\Development\BatteryCollectorEditor.uhtmanifest" -LogCmds="loginit warning, logexit warning, logdatabase error" -Unattended -WarningsAsErrors -installed
[2018.12.21-23.12.37:476][991]CompilerResultsLog:Error: Error C:/Users/hinds/Documents/Unreal Projects/BatteryCollector/Source/BatteryCollector/Pickup.h(36)  : Error: Unknown variable specifier 'BlueprintPure'
[2018.12.21-23.12.37:476][991]CompilerResultsLog: Info Error: UnrealHeaderTool failed for target 'BatteryCollectorEditor' (platform: Win64, module info: C:\Users\hinds\Documents\Unreal Projects\BatteryCollector\Intermediate\Build\Win64\BatteryCollectorEditor\Development\BatteryCollectorEditor.uhtmanifest, exit code: OtherCompilationError (5)).
[2018.12.21-23.12.37:476][991]LogMainFrame: MainFrame: Module compiling took 19.648 seconds
[2018.12.21-23.12.37:476][991]Warning: HotReload failed, recompile failed
[2018.12.21-23.12.51:159][804]LogVSAccessor:Warning: Couldn't goto line number '36' in 'C:/Users/hinds/Documents/Unreal Projects/BatteryCollector/Source/BatteryCollector/Pickup.h'
[2018.12.21-23.17.39:856][486]Candidate modules for hot reload:
[2018.12.21-23.17.39:856][486]  BatteryCollector
[2018.12.21-23.17.39:857][486]Launching UnrealBuildTool... [C:/Program Files/Epic Games/UE_4.16/Engine/Binaries/DotNET/UnrealBuildTool.exe BatteryCollector -ModuleWithSuffix BatteryCollector 5178 Win64 Development -editorrecompile -canskiplink "C:/Users/hinds/Documents/Unreal Projects/BatteryCollector/BatteryCollector.uproject" ]
[2018.12.21-23.17.39:867][486]Warning: Starting HotReload took  0.0s.
[2018.12.21-23.17.57:618][405]CompilerResultsLog: New page: Compilation - Dec 21, 2018, 7:17:57 AM
[2018.12.21-23.17.57:618][405]CompilerResultsLog: Info Compiling game modules for hot reload
[2018.12.21-23.17.57:618][405]CompilerResultsLog: Info Parsing headers for BatteryCollectorEditor
[2018.12.21-23.17.57:618][405]CompilerResultsLog: Info   Running UnrealHeaderTool "C:\Users\hinds\Documents\Unreal Projects\BatteryCollector\BatteryCollector.uproject" "C:\Users\hinds\Documents\Unreal Projects\BatteryCollector\Intermediate\Build\Win64\BatteryCollectorEditor\Development\BatteryCollectorEditor.uhtmanifest" -LogCmds="loginit warning, logexit warning, logdatabase error" -Unattended -WarningsAsErrors -installed
[2018.12.21-23.17.57:618][405]CompilerResultsLog:Error: Error C:/Users/hinds/Documents/Unreal Projects/BatteryCollector/Source/BatteryCollector/Pickup.h(36)  : Error: Unknown variable specifier 'BlueprintPure'
[2018.12.21-23.17.57:618][405]CompilerResultsLog: Info Error: UnrealHeaderTool failed for target 'BatteryCollectorEditor' (platform: Win64, module info: C:\Users\hinds\Documents\Unreal Projects\BatteryCollector\Intermediate\Build\Win64\BatteryCollectorEditor\Development\BatteryCollectorEditor.uhtmanifest, exit code: OtherCompilationError (5)).
[2018.12.21-23.17.57:618][405]LogMainFrame: MainFrame: Module compiling took 17.767 seconds
[2018.12.21-23.17.57:618][405]Warning: HotReload failed, recompile failed
[2018.12.21-23.27.45:949][932]Candidate modules for hot reload:
[2018.12.21-23.27.45:949][932]  BatteryCollector
[2018.12.21-23.27.45:949][932]Launching UnrealBuildTool... [C:/Program Files/Epic Games/UE_4.16/Engine/Binaries/DotNET/UnrealBuildTool.exe BatteryCollector -ModuleWithSuffix BatteryCollector 655 Win64 Development -editorrecompile -canskiplink "C:/Users/hinds/Documents/Unreal Projects/BatteryCollector/BatteryCollector.uproject" ]
[2018.12.21-23.27.45:954][932]Warning: Starting HotReload took  0.0s.
[2018.12.21-23.28.00:007][430]CompilerResultsLog: New page: Compilation - Dec 21, 2018, 7:28:00 AM
[2018.12.21-23.28.00:007][430]CompilerResultsLog: Info Compiling game modules for hot reload
[2018.12.21-23.28.00:007][430]CompilerResultsLog: Info Parsing headers for BatteryCollectorEditor
[2018.12.21-23.28.00:007][430]CompilerResultsLog: Info   Running UnrealHeaderTool "C:\Users\hinds\Documents\Unreal Projects\BatteryCollector\BatteryCollector.uproject" "C:\Users\hinds\Documents\Unreal Projects\BatteryCollector\Intermediate\Build\Win64\BatteryCollectorEditor\Development\BatteryCollectorEditor.uhtmanifest" -LogCmds="loginit warning, logexit warning, logdatabase error" -Unattended -WarningsAsErrors -installed
[2018.12.21-23.28.00:007][430]CompilerResultsLog:Error: Error C:/Users/hinds/Documents/Unreal Projects/BatteryCollector/Source/BatteryCollector/Pickup.h(36)  : Error: Unknown variable specifier 'BlueprintPure'
[2018.12.21-23.28.00:007][430]CompilerResultsLog: Info Error: UnrealHeaderTool failed for target 'BatteryCollectorEditor' (platform: Win64, module info: C:\Users\hinds\Documents\Unreal Projects\BatteryCollector\Intermediate\Build\Win64\BatteryCollectorEditor\Development\BatteryCollectorEditor.uhtmanifest, exit code: OtherCompilationError (5)).
[2018.12.21-23.28.00:007][430]LogMainFrame: MainFrame: Module compiling took 14.063 seconds
[2018.12.21-23.28.00:007][430]Warning: HotReload failed, recompile failed
[2018.12.21-23.30.59:857][158]Candidate modules for hot reload:
[2018.12.21-23.30.59:857][158]  BatteryCollector
[2018.12.21-23.30.59:857][158]Launching UnrealBuildTool... [C:/Program Files/Epic Games/UE_4.16/Engine/Binaries/DotNET/UnrealBuildTool.exe BatteryCollector -ModuleWithSuffix BatteryCollector 7168 Win64 Development -editorrecompile -canskiplink "C:/Users/hinds/Documents/Unreal Projects/BatteryCollector/BatteryCollector.uproject" ]
[2018.12.21-23.30.59:866][158]Warning: Starting HotReload took  0.0s.
[2018.12.21-23.31.15:542][553]CompilerResultsLog: New page: Compilation - Dec 21, 2018, 7:31:15 AM
[2018.12.21-23.31.15:542][553]CompilerResultsLog: Info Compiling game modules for hot reload
[2018.12.21-23.31.15:542][553]CompilerResultsLog: Info Parsing headers for BatteryCollectorEditor
[2018.12.21-23.31.15:542][553]CompilerResultsLog: Info   Running UnrealHeaderTool "C:\Users\hinds\Documents\Unreal Projects\BatteryCollector\BatteryCollector.uproject" "C:\Users\hinds\Documents\Unreal Projects\BatteryCollector\Intermediate\Build\Win64\BatteryCollectorEditor\Development\BatteryCollectorEditor.uhtmanifest" -LogCmds="loginit warning, logexit warning, logdatabase error" -Unattended -WarningsAsErrors -installed
[2018.12.21-23.31.15:542][553]CompilerResultsLog:Error: Error C:/Users/hinds/Documents/Unreal Projects/BatteryCollector/Source/BatteryCollector/Pickup.h(36)  : Error: Unknown variable specifier 'BlueprintPure'
[2018.12.21-23.31.15:542][553]CompilerResultsLog: Info Error: UnrealHeaderTool failed for target 'BatteryCollectorEditor' (platform: Win64, module info: C:\Users\hinds\Documents\Unreal Projects\BatteryCollector\Intermediate\Build\Win64\BatteryCollectorEditor\Development\BatteryCollectorEditor.uhtmanifest, exit code: OtherCompilationError (5)).
[2018.12.21-23.31.15:542][553]LogMainFrame: MainFrame: Module compiling took 15.689 seconds
[2018.12.21-23.31.15:542][553]Warning: HotReload failed, recompile failed
[2018.12.21-23.52.37:019][624]Candidate modules for hot reload:
[2018.12.21-23.52.37:019][624]  BatteryCollector
[2018.12.21-23.52.37:019][624]Launching UnrealBuildTool... [C:/Program Files/Epic Games/UE_4.16/Engine/Binaries/DotNET/UnrealBuildTool.exe BatteryCollector -ModuleWithSuffix BatteryCollector 9983 Win64 Development -editorrecompile -canskiplink "C:/Users/hinds/Documents/Unreal Projects/BatteryCollector/BatteryCollector.uproject" ]
[2018.12.21-23.52.37:026][624]Warning: Starting HotReload took  0.0s.
[2018.12.21-23.52.50:695][444]CompilerResultsLog: New page: Compilation - Dec 21, 2018, 7:52:50 AM
[2018.12.21-23.52.50:695][444]CompilerResultsLog: Info Compiling game modules for hot reload
[2018.12.21-23.52.50:695][444]CompilerResultsLog: Info Parsing headers for BatteryCollectorEditor
[2018.12.21-23.52.50:695][444]CompilerResultsLog: Info   Running UnrealHeaderTool "C:\Users\hinds\Documents\Unreal Projects\BatteryCollector\BatteryCollector.uproject" "C:\Users\hinds\Documents\Unreal Projects\BatteryCollector\Intermediate\Build\Win64\BatteryCollectorEditor\Development\BatteryCollectorEditor.uhtmanifest" -LogCmds="loginit warning, logexit warning, logdatabase error" -Unattended -WarningsAsErrors -installed
[2018.12.21-23.52.50:695][444]CompilerResultsLog:Error: Error C:/Users/hinds/Documents/Unreal Projects/BatteryCollector/Source/BatteryCollector/Pickup.h(37)  : Error: Unrecognized type 'void' - type must be a UCLASS, USTRUCT or UENUM
[2018.12.21-23.52.50:695][444]CompilerResultsLog: Info Error: UnrealHeaderTool failed for target 'BatteryCollectorEditor' (platform: Win64, module info: C:\Users\hinds\Documents\Unreal Projects\BatteryCollector\Intermediate\Build\Win64\BatteryCollectorEditor\Development\BatteryCollectorEditor.uhtmanifest, exit code: OtherCompilationError (5)).
[2018.12.21-23.52.50:695][444]LogMainFrame: MainFrame: Module compiling took 13.680 seconds
[2018.12.21-23.52.50:695][444]Warning: HotReload failed, recompile failed
[2018.12.21-23.53.28:199][410]Candidate modules for hot reload:
[2018.12.21-23.53.28:199][410]  BatteryCollector
[2018.12.21-23.53.28:199][410]Launching UnrealBuildTool... [C:/Program Files/Epic Games/UE_4.16/Engine/Binaries/DotNET/UnrealBuildTool.exe BatteryCollector -ModuleWithSuffix BatteryCollector 8552 Win64 Development -editorrecompile -canskiplink "C:/Users/hinds/Documents/Unreal Projects/BatteryCollector/BatteryCollector.uproject" ]
[2018.12.21-23.53.28:206][410]Warning: Starting HotReload took  0.0s.
[2018.12.21-23.53.50:751][762]CompilerResultsLog: New page: Compilation - Dec 21, 2018, 7:53:50 AM
[2018.12.21-23.53.50:752][762]CompilerResultsLog: Info Compiling game modules for hot reload
[2018.12.21-23.53.50:752][762]CompilerResultsLog: Info Parsing headers for BatteryCollectorEditor
[2018.12.21-23.53.50:752][762]CompilerResultsLog: Info   Running UnrealHeaderTool "C:\Users\hinds\Documents\Unreal Projects\BatteryCollector\BatteryCollector.uproject" "C:\Users\hinds\Documents\Unreal Projects\BatteryCollector\Intermediate\Build\Win64\BatteryCollectorEditor\Development\BatteryCollectorEditor.uhtmanifest" -LogCmds="loginit warning, logexit warning, logdatabase error" -Unattended -WarningsAsErrors -installed
[2018.12.21-23.53.50:752][762]CompilerResultsLog: Info Reflection code generated for BatteryCollectorEditor in 8.7084739 seconds
[2018.12.21-23.53.50:752][762]CompilerResultsLog: Info Performing 4 actions (4 in parallel)
[2018.12.21-23.53.50:752][762]CompilerResultsLog: Info Pickup.cpp
[2018.12.21-23.53.50:752][762]CompilerResultsLog: Info BatteryCollector.generated.cpp
[2018.12.21-23.53.50:752][762]CompilerResultsLog: Info [3/4] Link UE4Editor-BatteryCollector-8552.dll
[2018.12.21-23.53.50:752][762]CompilerResultsLog: Info [4/4] Link UE4Editor-BatteryCollector-8552.lib
[2018.12.21-23.53.50:752][762]CompilerResultsLog: Info    Creating library C:\Users\hinds\Documents\Unreal Projects\BatteryCollector\Intermediate\Build\Win64\UE4Editor\Development\UE4Editor-BatteryCollector-8552.lib and object C:\Users\hinds\Documents\Unreal Projects\BatteryCollector\Intermediate\Build\Win64\UE4Editor\Development\UE4Editor-BatteryCollector-8552.exp
[2018.12.21-23.53.50:752][762]CompilerResultsLog: Info    Creating library C:\Users\hinds\Documents\Unreal Projects\BatteryCollector\Intermediate\Build\Win64\UE4Editor\Development\UE4Editor-BatteryCollector-8552.suppressed.lib and object C:\Users\hinds\Documents\Unreal Projects\BatteryCollector\Intermediate\Build\Win64\UE4Editor\Development\UE4Editor-BatteryCollector-8552.suppressed.exp
[2018.12.21-23.53.50:752][762]CompilerResultsLog: Info Total build time: 22.22 seconds (Local executor: 7.92 seconds)
[2018.12.21-23.53.50:752][762]LogMainFrame: MainFrame: Module compiling took 22.557 seconds
[2018.12.21-23.53.51:009][762]LogClass: Could not find existing class Pickup in package /Script/BatteryCollector for HotReload, assuming new class
[2018.12.21-23.53.51:009][762]LogClass: Function IsActive is new.
[2018.12.21-23.53.51:009][762]LogClass: Function SetIsActive is new.
[2018.12.21-23.53.51:022][762]LogHotReload: Re-instancing Pickup after hot-reload.
[2018.12.21-23.53.51:211][762]LogUObjectGlobals:Warning: Guid referenced by StaticMeshComponent /Game/Maps/CollectionLevel.CollectionLevel:PersistentLevel.Pickup_BP_2.PickupMesh is already used by StaticMeshComponent /Game/Maps/CollectionLevel.CollectionLevel:PersistentLevel.REINST_Pickup_BP_C_0.PickupMesh, which should never happen in the editor but could happen at runtime with duplicate level loading or PIE
[2018.12.21-23.53.51:423][762]LogContentBrowser: Native class hierarchy updated for 'BatteryCollector' in 0.0030 seconds. Added 3 classes and 2 folders.
[2018.12.21-23.53.51:425][762]Display: HotReload successful (0 functions remapped  0 scriptstructs remapped)
[2018.12.21-23.53.51:871][762]LogContentBrowser: Native class hierarchy populated in 0.0145 seconds. Added 2334 classes and 497 folders.
[2018.12.21-23.53.51:871][762]Display: HotReload took 23.7s.
[2018.12.21-23.54.20:271][458]LogTemp: Repeting last play command: Selected Viewport
[2018.12.21-23.54.20:323][458]LogPlayLevel: PlayLevel: No blueprints needed recompiling
[2018.12.21-23.54.20:323][458]PIE: New page: PIE session: CollectionLevel (Dec 21, 2018, 7:54:20 AM)
[2018.12.21-23.54.20:323][458]LogPlayLevel: Creating play world package: /Game/Maps/UEDPIE_0_CollectionLevel
[2018.12.21-23.54.20:328][458]LogPlayLevel: PIE: StaticDuplicateObject took: (0.004666s)
[2018.12.21-23.54.20:330][458]LogAIModule: Creating AISystem for world CollectionLevel
[2018.12.21-23.54.20:331][458]LogPlayLevel: PIE: World Init took: (0.002464s)
[2018.12.21-23.54.20:331][458]LogPlayLevel: PIE: Created PIE world by copying editor world from /Game/Maps/CollectionLevel.CollectionLevel to /Game/Maps/UEDPIE_0_CollectionLevel.CollectionLevel (0.007411s)
[2018.12.21-23.54.20:404][458]LogInit: XAudio2 using 'Speakers / Headphones (Realtek High Definition Audio)' : 2 channels at 48 kHz using 32 bits per sample (channel mask 0x3)
[2018.12.21-23.54.20:437][458]LogInit: FAudioDevice initialized.
[2018.12.21-23.54.20:474][458]LogLoad: Game class is 'BatteryCollectorGameMode'
[2018.12.21-23.54.20:479][458]LogWorld: Bringing World /Game/Maps/UEDPIE_0_CollectionLevel.CollectionLevel up for play (max tick rate 60) at 2018.12.21-15.54.20
[2018.12.21-23.54.20:479][458]LogWorld: Bringing up level for play took: 0.003399
[2018.12.21-23.54.20:482][458]PIE: Info Play in editor start time for /Game/Maps/UEDPIE_0_CollectionLevel 0.722
[2018.12.21-23.57.27:187][679]LogSlate: Took 0.009534 seconds to synchronously load lazily loaded font '../../../Engine/Content/Editor/Slate/Fonts/Roboto-Italic.ttf' (157K)
[2018.12.21-23.57.38:630][302]Cmd: OBJ SAVEPACKAGE PACKAGE="/Game/Blueprints/Pickup_BP" FILE="../../../../../../Users/hinds/Documents/Unreal Projects/BatteryCollector/Content/Blueprints/Pickup_BP.uasset" SILENT=true
[2018.12.21-23.57.38:701][302]LogSavePackage: Save=34.39ms
[2018.12.21-23.57.38:701][302]LogSavePackage: Moving '../../../../../../Users/hinds/Documents/Unreal Projects/BatteryCollector/Saved/Pickup_BP8673FF894CBEB31E8E8C42A56CF51F59.tmp' to '../../../../../../Users/hinds/Documents/Unreal Projects/BatteryCollector/Content/Blueprints/Pickup_BP.uasset'
[2018.12.21-23.57.38:707][302]LogSavePackage:Display: Finished SavePackage ../../../../../../Users/hinds/Documents/Unreal Projects/BatteryCollector/Content/Blueprints/Pickup_BP.uasset
[2018.12.21-23.57.40:251][380]BlueprintLog: New page: Compile Pickup_BP
[2018.12.21-23.57.41:286][425]Cmd: OBJ SAVEPACKAGE PACKAGE="/Game/Blueprints/Pickup_BP" FILE="../../../../../../Users/hinds/Documents/Unreal Projects/BatteryCollector/Content/Blueprints/Pickup_BP.uasset" SILENT=true
[2018.12.21-23.57.41:328][425]LogSavePackage: Save=35.00ms
[2018.12.21-23.57.41:328][425]LogSavePackage: Moving '../../../../../../Users/hinds/Documents/Unreal Projects/BatteryCollector/Saved/Pickup_BPAC1CED5B4C099276E34521AB88292A0D.tmp' to '../../../../../../Users/hinds/Documents/Unreal Projects/BatteryCollector/Content/Blueprints/Pickup_BP.uasset'
[2018.12.21-23.57.41:329][425]LogSavePackage:Display: Finished SavePackage ../../../../../../Users/hinds/Documents/Unreal Projects/BatteryCollector/Content/Blueprints/Pickup_BP.uasset
